mode: set
github.com/justin/recipe/internal/formats/xmp/parse.go:51.42,52.19 1 1
github.com/justin/recipe/internal/formats/xmp/parse.go:52.19,54.3 1 1
github.com/justin/recipe/internal/formats/xmp/parse.go:55.2,55.65 1 1
github.com/justin/recipe/internal/formats/xmp/parse.go:59.42,61.2 1 1
github.com/justin/recipe/internal/formats/xmp/parse.go:164.58,166.51 1 1
github.com/justin/recipe/internal/formats/xmp/parse.go:166.51,172.3 1 1
github.com/justin/recipe/internal/formats/xmp/parse.go:175.2,176.50 2 1
github.com/justin/recipe/internal/formats/xmp/parse.go:176.50,183.3 1 0
github.com/justin/recipe/internal/formats/xmp/parse.go:186.2,187.16 2 1
github.com/justin/recipe/internal/formats/xmp/parse.go:187.16,189.3 1 1
github.com/justin/recipe/internal/formats/xmp/parse.go:192.2,192.51 1 1
github.com/justin/recipe/internal/formats/xmp/parse.go:192.51,194.3 1 1
github.com/justin/recipe/internal/formats/xmp/parse.go:197.2,198.16 2 1
github.com/justin/recipe/internal/formats/xmp/parse.go:198.16,204.3 1 0
github.com/justin/recipe/internal/formats/xmp/parse.go:206.2,206.20 1 1
github.com/justin/recipe/internal/formats/xmp/parse.go:210.46,213.72 2 1
github.com/justin/recipe/internal/formats/xmp/parse.go:213.72,215.3 1 0
github.com/justin/recipe/internal/formats/xmp/parse.go:218.2,218.45 1 1
github.com/justin/recipe/internal/formats/xmp/parse.go:218.45,220.3 1 1
github.com/justin/recipe/internal/formats/xmp/parse.go:222.2,222.45 1 1
github.com/justin/recipe/internal/formats/xmp/parse.go:222.45,224.3 1 1
github.com/justin/recipe/internal/formats/xmp/parse.go:226.2,226.39 1 1
github.com/justin/recipe/internal/formats/xmp/parse.go:226.39,228.3 1 1
github.com/justin/recipe/internal/formats/xmp/parse.go:230.2,230.12 1 1
github.com/justin/recipe/internal/formats/xmp/parse.go:274.67,280.43 4 1
github.com/justin/recipe/internal/formats/xmp/parse.go:280.43,282.3 1 1
github.com/justin/recipe/internal/formats/xmp/parse.go:284.2,285.43 2 1
github.com/justin/recipe/internal/formats/xmp/parse.go:285.43,287.3 1 1
github.com/justin/recipe/internal/formats/xmp/parse.go:289.2,290.45 2 1
github.com/justin/recipe/internal/formats/xmp/parse.go:290.45,292.3 1 0
github.com/justin/recipe/internal/formats/xmp/parse.go:294.2,295.42 2 1
github.com/justin/recipe/internal/formats/xmp/parse.go:295.42,297.3 1 0
github.com/justin/recipe/internal/formats/xmp/parse.go:299.2,300.41 2 1
github.com/justin/recipe/internal/formats/xmp/parse.go:300.41,302.3 1 0
github.com/justin/recipe/internal/formats/xmp/parse.go:304.2,305.41 2 1
github.com/justin/recipe/internal/formats/xmp/parse.go:305.41,307.3 1 0
github.com/justin/recipe/internal/formats/xmp/parse.go:310.2,311.41 2 1
github.com/justin/recipe/internal/formats/xmp/parse.go:311.41,313.3 1 0
github.com/justin/recipe/internal/formats/xmp/parse.go:315.2,316.39 2 1
github.com/justin/recipe/internal/formats/xmp/parse.go:316.39,318.3 1 0
github.com/justin/recipe/internal/formats/xmp/parse.go:320.2,321.42 2 1
github.com/justin/recipe/internal/formats/xmp/parse.go:321.42,323.3 1 0
github.com/justin/recipe/internal/formats/xmp/parse.go:325.2,326.40 2 1
github.com/justin/recipe/internal/formats/xmp/parse.go:326.40,328.3 1 0
github.com/justin/recipe/internal/formats/xmp/parse.go:330.2,331.42 2 1
github.com/justin/recipe/internal/formats/xmp/parse.go:331.42,333.3 1 1
github.com/justin/recipe/internal/formats/xmp/parse.go:335.2,336.35 2 1
github.com/justin/recipe/internal/formats/xmp/parse.go:336.35,338.3 1 0
github.com/justin/recipe/internal/formats/xmp/parse.go:341.2,342.16 2 1
github.com/justin/recipe/internal/formats/xmp/parse.go:342.16,344.3 1 1
github.com/justin/recipe/internal/formats/xmp/parse.go:346.2,347.16 2 1
github.com/justin/recipe/internal/formats/xmp/parse.go:347.16,349.3 1 0
github.com/justin/recipe/internal/formats/xmp/parse.go:351.2,352.16 2 1
github.com/justin/recipe/internal/formats/xmp/parse.go:352.16,354.3 1 0
github.com/justin/recipe/internal/formats/xmp/parse.go:356.2,357.16 2 1
github.com/justin/recipe/internal/formats/xmp/parse.go:357.16,359.3 1 1
github.com/justin/recipe/internal/formats/xmp/parse.go:361.2,362.16 2 1
github.com/justin/recipe/internal/formats/xmp/parse.go:362.16,364.3 1 0
github.com/justin/recipe/internal/formats/xmp/parse.go:366.2,367.16 2 1
github.com/justin/recipe/internal/formats/xmp/parse.go:367.16,369.3 1 1
github.com/justin/recipe/internal/formats/xmp/parse.go:371.2,372.16 2 1
github.com/justin/recipe/internal/formats/xmp/parse.go:372.16,374.3 1 0
github.com/justin/recipe/internal/formats/xmp/parse.go:376.2,377.16 2 1
github.com/justin/recipe/internal/formats/xmp/parse.go:377.16,379.3 1 0
github.com/justin/recipe/internal/formats/xmp/parse.go:382.2,383.51 2 1
github.com/justin/recipe/internal/formats/xmp/parse.go:383.51,385.3 1 0
github.com/justin/recipe/internal/formats/xmp/parse.go:387.2,388.58 2 1
github.com/justin/recipe/internal/formats/xmp/parse.go:388.58,390.3 1 0
github.com/justin/recipe/internal/formats/xmp/parse.go:392.2,393.54 2 1
github.com/justin/recipe/internal/formats/xmp/parse.go:393.54,395.3 1 0
github.com/justin/recipe/internal/formats/xmp/parse.go:397.2,398.61 2 1
github.com/justin/recipe/internal/formats/xmp/parse.go:398.61,400.3 1 0
github.com/justin/recipe/internal/formats/xmp/parse.go:402.2,403.49 2 1
github.com/justin/recipe/internal/formats/xmp/parse.go:403.49,405.3 1 0
github.com/justin/recipe/internal/formats/xmp/parse.go:408.2,410.20 2 1
github.com/justin/recipe/internal/formats/xmp/parse.go:414.57,415.13 1 1
github.com/justin/recipe/internal/formats/xmp/parse.go:415.13,417.3 1 1
github.com/justin/recipe/internal/formats/xmp/parse.go:418.2,419.16 2 1
github.com/justin/recipe/internal/formats/xmp/parse.go:419.16,426.3 1 1
github.com/justin/recipe/internal/formats/xmp/parse.go:427.2,427.15 1 1
github.com/justin/recipe/internal/formats/xmp/parse.go:431.49,432.13 1 1
github.com/justin/recipe/internal/formats/xmp/parse.go:432.13,434.3 1 1
github.com/justin/recipe/internal/formats/xmp/parse.go:435.2,436.16 2 1
github.com/justin/recipe/internal/formats/xmp/parse.go:436.16,443.3 1 1
github.com/justin/recipe/internal/formats/xmp/parse.go:444.2,444.15 1 1
github.com/justin/recipe/internal/formats/xmp/parse.go:448.107,453.16 4 1
github.com/justin/recipe/internal/formats/xmp/parse.go:453.16,455.3 1 1
github.com/justin/recipe/internal/formats/xmp/parse.go:457.2,458.16 2 1
github.com/justin/recipe/internal/formats/xmp/parse.go:458.16,460.3 1 1
github.com/justin/recipe/internal/formats/xmp/parse.go:462.2,463.16 2 1
github.com/justin/recipe/internal/formats/xmp/parse.go:463.16,465.3 1 1
github.com/justin/recipe/internal/formats/xmp/parse.go:467.2,467.17 1 1
github.com/justin/recipe/internal/formats/xmp/parse.go:471.54,473.53 1 1
github.com/justin/recipe/internal/formats/xmp/parse.go:473.53,480.3 1 1
github.com/justin/recipe/internal/formats/xmp/parse.go:483.2,483.53 1 1
github.com/justin/recipe/internal/formats/xmp/parse.go:483.53,490.3 1 1
github.com/justin/recipe/internal/formats/xmp/parse.go:493.2,493.57 1 1
github.com/justin/recipe/internal/formats/xmp/parse.go:493.57,500.3 1 1
github.com/justin/recipe/internal/formats/xmp/parse.go:502.2,502.51 1 1
github.com/justin/recipe/internal/formats/xmp/parse.go:502.51,509.3 1 1
github.com/justin/recipe/internal/formats/xmp/parse.go:511.2,511.49 1 1
github.com/justin/recipe/internal/formats/xmp/parse.go:511.49,518.3 1 1
github.com/justin/recipe/internal/formats/xmp/parse.go:520.2,520.49 1 1
github.com/justin/recipe/internal/formats/xmp/parse.go:520.49,527.3 1 1
github.com/justin/recipe/internal/formats/xmp/parse.go:530.2,530.57 1 1
github.com/justin/recipe/internal/formats/xmp/parse.go:530.57,537.3 1 1
github.com/justin/recipe/internal/formats/xmp/parse.go:539.2,539.53 1 1
github.com/justin/recipe/internal/formats/xmp/parse.go:539.53,546.3 1 1
github.com/justin/recipe/internal/formats/xmp/parse.go:548.2,548.51 1 1
github.com/justin/recipe/internal/formats/xmp/parse.go:548.51,555.3 1 1
github.com/justin/recipe/internal/formats/xmp/parse.go:557.2,557.52 1 1
github.com/justin/recipe/internal/formats/xmp/parse.go:557.52,564.3 1 1
github.com/justin/recipe/internal/formats/xmp/parse.go:567.2,567.62 1 1
github.com/justin/recipe/internal/formats/xmp/parse.go:567.62,569.3 1 1
github.com/justin/recipe/internal/formats/xmp/parse.go:570.2,570.68 1 1
github.com/justin/recipe/internal/formats/xmp/parse.go:570.68,572.3 1 0
github.com/justin/recipe/internal/formats/xmp/parse.go:573.2,573.68 1 1
github.com/justin/recipe/internal/formats/xmp/parse.go:573.68,575.3 1 0
github.com/justin/recipe/internal/formats/xmp/parse.go:576.2,576.66 1 1
github.com/justin/recipe/internal/formats/xmp/parse.go:576.66,578.3 1 1
github.com/justin/recipe/internal/formats/xmp/parse.go:579.2,579.64 1 1
github.com/justin/recipe/internal/formats/xmp/parse.go:579.64,581.3 1 0
github.com/justin/recipe/internal/formats/xmp/parse.go:582.2,582.64 1 1
github.com/justin/recipe/internal/formats/xmp/parse.go:582.64,584.3 1 1
github.com/justin/recipe/internal/formats/xmp/parse.go:585.2,585.68 1 1
github.com/justin/recipe/internal/formats/xmp/parse.go:585.68,587.3 1 0
github.com/justin/recipe/internal/formats/xmp/parse.go:588.2,588.70 1 1
github.com/justin/recipe/internal/formats/xmp/parse.go:588.70,590.3 1 0
github.com/justin/recipe/internal/formats/xmp/parse.go:593.2,593.62 1 1
github.com/justin/recipe/internal/formats/xmp/parse.go:593.62,600.3 1 1
github.com/justin/recipe/internal/formats/xmp/parse.go:602.2,602.76 1 1
github.com/justin/recipe/internal/formats/xmp/parse.go:602.76,609.3 1 1
github.com/justin/recipe/internal/formats/xmp/parse.go:611.2,611.68 1 1
github.com/justin/recipe/internal/formats/xmp/parse.go:611.68,618.3 1 1
github.com/justin/recipe/internal/formats/xmp/parse.go:620.2,620.82 1 1
github.com/justin/recipe/internal/formats/xmp/parse.go:620.82,627.3 1 1
github.com/justin/recipe/internal/formats/xmp/parse.go:629.2,629.61 1 1
github.com/justin/recipe/internal/formats/xmp/parse.go:629.61,636.3 1 0
github.com/justin/recipe/internal/formats/xmp/parse.go:638.2,638.12 1 1
github.com/justin/recipe/internal/formats/xmp/parse.go:642.77,643.37 1 1
github.com/justin/recipe/internal/formats/xmp/parse.go:643.37,650.3 1 1
github.com/justin/recipe/internal/formats/xmp/parse.go:652.2,652.51 1 1
github.com/justin/recipe/internal/formats/xmp/parse.go:652.51,659.3 1 1
github.com/justin/recipe/internal/formats/xmp/parse.go:661.2,661.49 1 1
github.com/justin/recipe/internal/formats/xmp/parse.go:661.49,668.3 1 1
github.com/justin/recipe/internal/formats/xmp/parse.go:670.2,670.12 1 1
github.com/justin/recipe/internal/formats/xmp/parse.go:675.74,718.16 25 1
github.com/justin/recipe/internal/formats/xmp/parse.go:718.16,720.3 1 0
github.com/justin/recipe/internal/formats/xmp/parse.go:722.2,722.20 1 1
