mode: set
github.com/justin/recipe/internal/converter/converter.go:52.61,54.16 1 1
github.com/justin/recipe/internal/converter/converter.go:54.16,56.17 2 1
github.com/justin/recipe/internal/converter/converter.go:56.17,62.4 1 0
github.com/justin/recipe/internal/converter/converter.go:63.3,63.24 1 1
github.com/justin/recipe/internal/converter/converter.go:67.2,67.45 1 1
github.com/justin/recipe/internal/converter/converter.go:67.45,73.3 1 1
github.com/justin/recipe/internal/converter/converter.go:74.2,74.43 1 1
github.com/justin/recipe/internal/converter/converter.go:74.43,80.3 1 1
github.com/justin/recipe/internal/converter/converter.go:83.2,86.14 3 1
github.com/justin/recipe/internal/converter/converter.go:87.17,88.33 1 1
github.com/justin/recipe/internal/converter/converter.go:89.17,90.33 1 1
github.com/justin/recipe/internal/converter/converter.go:91.24,92.40 1 1
github.com/justin/recipe/internal/converter/converter.go:95.2,95.16 1 1
github.com/justin/recipe/internal/converter/converter.go:95.16,101.3 1 1
github.com/justin/recipe/internal/converter/converter.go:104.2,106.12 2 1
github.com/justin/recipe/internal/converter/converter.go:107.17,108.37 1 1
github.com/justin/recipe/internal/converter/converter.go:109.17,110.37 1 1
github.com/justin/recipe/internal/converter/converter.go:111.24,112.44 1 1
github.com/justin/recipe/internal/converter/converter.go:115.2,115.16 1 1
github.com/justin/recipe/internal/converter/converter.go:115.16,121.3 1 0
github.com/justin/recipe/internal/converter/converter.go:123.2,123.20 1 1
github.com/justin/recipe/internal/converter/converter.go:146.49,148.64 1 1
github.com/justin/recipe/internal/converter/converter.go:148.64,150.3 1 1
github.com/justin/recipe/internal/converter/converter.go:153.2,154.89 1 1
github.com/justin/recipe/internal/converter/converter.go:154.89,156.3 1 1
github.com/justin/recipe/internal/converter/converter.go:159.2,160.47 2 1
github.com/justin/recipe/internal/converter/converter.go:160.47,162.3 1 1
github.com/justin/recipe/internal/converter/converter.go:164.2,164.106 1 1
github.com/justin/recipe/internal/converter/converter.go:169.42,170.16 1 1
github.com/justin/recipe/internal/converter/converter.go:171.46,172.13 1 1
github.com/justin/recipe/internal/converter/converter.go:173.10,175.51 1 1
github.com/justin/recipe/internal/converter/error.go:145.42,147.25 2 1
github.com/justin/recipe/internal/converter/error.go:147.25,149.3 1 1
github.com/justin/recipe/internal/converter/error.go:150.2,150.12 1 1
github.com/justin/recipe/internal/converter/error.go:155.42,157.2 1 1
github.com/justin/recipe/cmd/tui/batch.go:12.57,14.26 1 1
github.com/justin/recipe/cmd/tui/batch.go:14.26,16.3 1 1
github.com/justin/recipe/cmd/tui/batch.go:19.2,23.15 4 1
github.com/justin/recipe/cmd/tui/batch.go:27.65,28.16 1 1
github.com/justin/recipe/cmd/tui/batch.go:29.11,30.25 1 1
github.com/justin/recipe/cmd/tui/batch.go:31.11,32.25 1 1
github.com/justin/recipe/cmd/tui/batch.go:33.11,34.32 1 1
github.com/justin/recipe/cmd/tui/batch.go:35.10,36.16 1 0
github.com/justin/recipe/cmd/tui/batch.go:40.2,42.22 3 1
github.com/justin/recipe/cmd/tui/batch.go:46.55,63.31 12 1
github.com/justin/recipe/cmd/tui/batch.go:63.31,64.28 1 1
github.com/justin/recipe/cmd/tui/batch.go:64.28,66.4 1 1
github.com/justin/recipe/cmd/tui/batch.go:69.2,75.3 2 1
github.com/justin/recipe/cmd/tui/batch.go:79.33,90.2 10 0
github.com/justin/recipe/cmd/tui/batch.go:93.41,98.31 3 0
github.com/justin/recipe/cmd/tui/batch.go:98.31,99.32 1 0
github.com/justin/recipe/cmd/tui/batch.go:99.32,100.25 1 0
github.com/justin/recipe/cmd/tui/batch.go:100.25,102.10 2 0
github.com/justin/recipe/cmd/tui/batch.go:108.2,109.42 2 0
github.com/justin/recipe/cmd/tui/batch.go:109.42,111.29 2 0
github.com/justin/recipe/cmd/tui/batch.go:111.29,113.4 1 0
github.com/justin/recipe/cmd/tui/batch.go:114.3,114.87 1 0
github.com/justin/recipe/cmd/tui/batch.go:117.2,118.36 2 0
github.com/justin/recipe/cmd/tui/batch.go:118.36,120.3 1 0
github.com/justin/recipe/cmd/tui/batch.go:120.8,120.36 1 0
github.com/justin/recipe/cmd/tui/batch.go:120.36,122.3 1 0
github.com/justin/recipe/cmd/tui/batch.go:122.8,122.36 1 0
github.com/justin/recipe/cmd/tui/batch.go:122.36,124.3 1 0
github.com/justin/recipe/cmd/tui/batch.go:126.2,136.19 10 0
github.com/justin/recipe/cmd/tui/batch.go:140.44,142.31 2 0
github.com/justin/recipe/cmd/tui/batch.go:142.31,144.3 1 0
github.com/justin/recipe/cmd/tui/batch.go:145.2,145.14 1 0
github.com/justin/recipe/cmd/tui/diskspace_unix.go:12.36,14.16 2 1
github.com/justin/recipe/cmd/tui/diskspace_unix.go:14.16,16.3 1 0
github.com/justin/recipe/cmd/tui/diskspace_unix.go:18.2,19.51 2 1
github.com/justin/recipe/cmd/tui/diskspace_unix.go:19.51,22.3 1 1
github.com/justin/recipe/cmd/tui/diskspace_unix.go:24.2,24.10 1 0
github.com/justin/recipe/cmd/tui/files.go:17.39,18.24 1 1
github.com/justin/recipe/cmd/tui/files.go:18.24,20.17 2 1
github.com/justin/recipe/cmd/tui/files.go:20.17,22.4 1 1
github.com/justin/recipe/cmd/tui/files.go:24.3,25.33 2 1
github.com/justin/recipe/cmd/tui/files.go:25.33,27.18 2 1
github.com/justin/recipe/cmd/tui/files.go:27.18,28.13 1 0
github.com/justin/recipe/cmd/tui/files.go:32.4,35.33 3 1
github.com/justin/recipe/cmd/tui/files.go:35.33,44.5 1 1
github.com/justin/recipe/cmd/tui/files.go:47.3,47.38 1 1
github.com/justin/recipe/cmd/tui/files.go:52.51,53.11 1 1
github.com/justin/recipe/cmd/tui/files.go:53.11,55.3 1 1
github.com/justin/recipe/cmd/tui/files.go:57.2,58.13 2 1
github.com/justin/recipe/cmd/tui/files.go:59.14,60.15 1 1
github.com/justin/recipe/cmd/tui/files.go:61.14,62.15 1 1
github.com/justin/recipe/cmd/tui/files.go:63.21,64.22 1 1
github.com/justin/recipe/cmd/tui/files.go:65.10,66.12 1 1
github.com/justin/recipe/cmd/tui/keys.go:15.73,17.19 1 1
github.com/justin/recipe/cmd/tui/keys.go:17.19,24.3 5 0
github.com/justin/recipe/cmd/tui/keys.go:26.2,26.22 1 1
github.com/justin/recipe/cmd/tui/keys.go:27.11,28.21 1 1
github.com/justin/recipe/cmd/tui/keys.go:30.16,32.36 1 1
github.com/justin/recipe/cmd/tui/keys.go:32.36,35.11 2 0
github.com/justin/recipe/cmd/tui/keys.go:36.30,36.30 0 0
github.com/justin/recipe/cmd/tui/keys.go:37.12,37.12 0 0
github.com/justin/recipe/cmd/tui/keys.go:39.4,39.17 1 0
github.com/justin/recipe/cmd/tui/keys.go:41.3,41.21 1 1
github.com/justin/recipe/cmd/tui/keys.go:43.17,45.27 1 1
github.com/justin/recipe/cmd/tui/keys.go:45.27,46.26 1 0
github.com/justin/recipe/cmd/tui/keys.go:46.26,48.5 1 0
github.com/justin/recipe/cmd/tui/keys.go:49.4,49.17 1 0
github.com/justin/recipe/cmd/tui/keys.go:53.3,53.63 1 1
github.com/justin/recipe/cmd/tui/keys.go:53.63,54.26 1 0
github.com/justin/recipe/cmd/tui/keys.go:54.26,56.5 1 0
github.com/justin/recipe/cmd/tui/keys.go:57.4,57.17 1 0
github.com/justin/recipe/cmd/tui/keys.go:60.3,60.19 1 1
github.com/justin/recipe/cmd/tui/keys.go:60.19,64.4 2 1
github.com/justin/recipe/cmd/tui/keys.go:65.3,65.16 1 1
github.com/justin/recipe/cmd/tui/keys.go:67.19,69.27 1 1
github.com/justin/recipe/cmd/tui/keys.go:69.27,70.26 1 0
github.com/justin/recipe/cmd/tui/keys.go:70.26,72.5 1 0
github.com/justin/recipe/cmd/tui/keys.go:73.4,73.17 1 0
github.com/justin/recipe/cmd/tui/keys.go:77.3,77.63 1 1
github.com/justin/recipe/cmd/tui/keys.go:77.63,81.21 3 1
github.com/justin/recipe/cmd/tui/keys.go:81.21,83.5 1 0
github.com/justin/recipe/cmd/tui/keys.go:84.4,84.34 1 1
github.com/justin/recipe/cmd/tui/keys.go:84.34,86.5 1 1
github.com/justin/recipe/cmd/tui/keys.go:87.4,87.17 1 1
github.com/justin/recipe/cmd/tui/keys.go:90.3,90.32 1 1
github.com/justin/recipe/cmd/tui/keys.go:90.32,94.4 2 1
github.com/justin/recipe/cmd/tui/keys.go:95.3,95.16 1 1
github.com/justin/recipe/cmd/tui/keys.go:97.14,99.27 2 1
github.com/justin/recipe/cmd/tui/keys.go:101.13,102.23 1 1
github.com/justin/recipe/cmd/tui/keys.go:102.23,104.4 1 1
github.com/justin/recipe/cmd/tui/keys.go:105.3,105.27 1 1
github.com/justin/recipe/cmd/tui/keys.go:107.13,109.20 1 1
github.com/justin/recipe/cmd/tui/keys.go:109.20,111.4 1 1
github.com/justin/recipe/cmd/tui/keys.go:112.3,112.16 1 1
github.com/justin/recipe/cmd/tui/keys.go:114.14,116.40 1 1
github.com/justin/recipe/cmd/tui/keys.go:116.40,118.33 2 1
github.com/justin/recipe/cmd/tui/keys.go:118.33,120.5 1 1
github.com/justin/recipe/cmd/tui/keys.go:120.10,122.5 1 1
github.com/justin/recipe/cmd/tui/keys.go:124.3,124.16 1 1
github.com/justin/recipe/cmd/tui/keys.go:126.14,128.40 1 1
github.com/justin/recipe/cmd/tui/keys.go:128.40,131.21 3 1
github.com/justin/recipe/cmd/tui/keys.go:131.21,133.5 1 0
github.com/justin/recipe/cmd/tui/keys.go:134.4,135.43 2 1
github.com/justin/recipe/cmd/tui/keys.go:135.43,137.5 1 1
github.com/justin/recipe/cmd/tui/keys.go:137.10,139.5 1 0
github.com/justin/recipe/cmd/tui/keys.go:141.3,141.16 1 1
github.com/justin/recipe/cmd/tui/keys.go:143.15,145.27 1 0
github.com/justin/recipe/cmd/tui/keys.go:145.27,147.4 1 0
github.com/justin/recipe/cmd/tui/keys.go:148.3,148.26 1 0
github.com/justin/recipe/cmd/tui/keys.go:150.27,151.24 1 0
github.com/justin/recipe/cmd/tui/keys.go:153.20,155.27 1 1
github.com/justin/recipe/cmd/tui/keys.go:155.27,156.27 1 0
github.com/justin/recipe/cmd/tui/keys.go:156.27,159.31 2 0
github.com/justin/recipe/cmd/tui/keys.go:159.31,160.35 1 0
github.com/justin/recipe/cmd/tui/keys.go:160.35,162.12 2 0
github.com/justin/recipe/cmd/tui/keys.go:165.10,165.34 1 0
github.com/justin/recipe/cmd/tui/keys.go:165.34,167.45 1 0
github.com/justin/recipe/cmd/tui/keys.go:167.45,169.11 2 0
github.com/justin/recipe/cmd/tui/keys.go:172.4,172.17 1 0
github.com/justin/recipe/cmd/tui/keys.go:174.3,174.29 1 1
github.com/justin/recipe/cmd/tui/keys.go:176.11,177.23 1 0
github.com/justin/recipe/cmd/tui/keys.go:179.11,181.25 1 1
github.com/justin/recipe/cmd/tui/keys.go:181.25,184.4 2 1
github.com/justin/recipe/cmd/tui/keys.go:185.3,185.25 1 0
github.com/justin/recipe/cmd/tui/keys.go:187.11,188.39 1 1
github.com/justin/recipe/cmd/tui/keys.go:190.11,192.16 2 1
github.com/justin/recipe/cmd/tui/keys.go:194.13,195.17 1 1
github.com/justin/recipe/cmd/tui/keys.go:195.17,197.4 1 1
github.com/justin/recipe/cmd/tui/keys.go:197.9,197.34 1 1
github.com/justin/recipe/cmd/tui/keys.go:197.34,200.4 1 0
github.com/justin/recipe/cmd/tui/keys.go:200.9,200.32 1 1
github.com/justin/recipe/cmd/tui/keys.go:200.32,204.4 2 1
github.com/justin/recipe/cmd/tui/keys.go:204.9,204.30 1 1
github.com/justin/recipe/cmd/tui/keys.go:204.30,209.4 3 0
github.com/justin/recipe/cmd/tui/keys.go:209.9,209.32 1 1
github.com/justin/recipe/cmd/tui/keys.go:209.32,212.4 1 1
github.com/justin/recipe/cmd/tui/keys.go:213.3,213.16 1 1
github.com/justin/recipe/cmd/tui/keys.go:215.11,217.45 1 1
github.com/justin/recipe/cmd/tui/keys.go:217.45,221.4 3 1
github.com/justin/recipe/cmd/tui/keys.go:223.3,223.31 1 1
github.com/justin/recipe/cmd/tui/keys.go:225.11,227.23 1 0
github.com/justin/recipe/cmd/tui/keys.go:227.23,229.4 1 0
github.com/justin/recipe/cmd/tui/keys.go:230.3,230.16 1 0
github.com/justin/recipe/cmd/tui/keys.go:232.21,234.25 1 1
github.com/justin/recipe/cmd/tui/keys.go:234.25,236.4 1 1
github.com/justin/recipe/cmd/tui/keys.go:237.3,237.16 1 0
github.com/justin/recipe/cmd/tui/keys.go:239.11,241.25 1 1
github.com/justin/recipe/cmd/tui/keys.go:241.25,243.4 1 1
github.com/justin/recipe/cmd/tui/keys.go:244.3,244.16 1 0
github.com/justin/recipe/cmd/tui/keys.go:247.2,247.15 1 0
github.com/justin/recipe/cmd/tui/keys.go:251.52,252.51 1 1
github.com/justin/recipe/cmd/tui/keys.go:252.51,254.3 1 1
github.com/justin/recipe/cmd/tui/keys.go:256.2,257.21 2 1
github.com/justin/recipe/cmd/tui/keys.go:257.21,259.3 1 1
github.com/justin/recipe/cmd/tui/keys.go:261.2,265.38 5 1
github.com/justin/recipe/cmd/tui/keys.go:269.50,271.28 2 1
github.com/justin/recipe/cmd/tui/keys.go:271.28,273.3 1 0
github.com/justin/recipe/cmd/tui/keys.go:275.2,279.38 5 1
github.com/justin/recipe/cmd/tui/keys.go:283.55,284.51 1 1
github.com/justin/recipe/cmd/tui/keys.go:284.51,286.3 1 1
github.com/justin/recipe/cmd/tui/keys.go:288.2,289.16 2 1
github.com/justin/recipe/cmd/tui/keys.go:289.16,291.3 1 1
github.com/justin/recipe/cmd/tui/keys.go:293.2,293.27 1 1
github.com/justin/recipe/cmd/tui/keys.go:293.27,295.3 1 1
github.com/justin/recipe/cmd/tui/keys.go:295.8,297.3 1 1
github.com/justin/recipe/cmd/tui/keys.go:299.2,299.15 1 1
github.com/justin/recipe/cmd/tui/keys.go:303.49,304.31 1 1
github.com/justin/recipe/cmd/tui/keys.go:304.31,305.18 1 1
github.com/justin/recipe/cmd/tui/keys.go:305.18,307.4 1 1
github.com/justin/recipe/cmd/tui/keys.go:309.2,309.15 1 1
github.com/justin/recipe/cmd/tui/keys.go:313.51,316.2 2 1
github.com/justin/recipe/cmd/tui/main.go:10.13,12.35 2 0
github.com/justin/recipe/cmd/tui/main.go:12.35,15.3 2 0
github.com/justin/recipe/cmd/tui/model.go:131.27,133.16 2 1
github.com/justin/recipe/cmd/tui/model.go:133.16,135.3 1 0
github.com/justin/recipe/cmd/tui/model.go:137.2,154.3 1 1
github.com/justin/recipe/cmd/tui/model.go:158.31,160.2 1 1
github.com/justin/recipe/cmd/tui/model.go:169.57,170.27 1 1
github.com/justin/recipe/cmd/tui/model.go:171.18,172.31 1 0
github.com/justin/recipe/cmd/tui/model.go:174.25,180.20 4 0
github.com/justin/recipe/cmd/tui/model.go:180.20,182.4 1 0
github.com/justin/recipe/cmd/tui/model.go:183.3,183.16 1 0
github.com/justin/recipe/cmd/tui/model.go:185.30,192.20 4 1
github.com/justin/recipe/cmd/tui/model.go:192.20,194.4 1 1
github.com/justin/recipe/cmd/tui/model.go:195.3,195.16 1 1
github.com/justin/recipe/cmd/tui/model.go:197.22,201.31 3 1
github.com/justin/recipe/cmd/tui/model.go:201.31,203.4 1 1
github.com/justin/recipe/cmd/tui/model.go:204.3,204.16 1 1
github.com/justin/recipe/cmd/tui/model.go:206.24,208.21 1 1
github.com/justin/recipe/cmd/tui/model.go:208.21,211.4 1 1
github.com/justin/recipe/cmd/tui/model.go:211.9,215.37 2 1
github.com/justin/recipe/cmd/tui/model.go:215.37,217.5 1 1
github.com/justin/recipe/cmd/tui/model.go:219.3,220.16 2 1
github.com/justin/recipe/cmd/tui/model.go:222.15,224.19 1 0
github.com/justin/recipe/cmd/tui/model.go:224.19,228.4 3 0
github.com/justin/recipe/cmd/tui/model.go:229.3,229.16 1 0
github.com/justin/recipe/cmd/tui/model.go:231.29,237.28 3 0
github.com/justin/recipe/cmd/tui/model.go:238.18,242.32 3 0
github.com/justin/recipe/cmd/tui/model.go:242.32,244.5 1 0
github.com/justin/recipe/cmd/tui/model.go:245.16,246.18 1 0
github.com/justin/recipe/cmd/tui/model.go:247.18,248.20 1 0
github.com/justin/recipe/cmd/tui/model.go:252.3,252.36 1 0
github.com/justin/recipe/cmd/tui/model.go:252.36,255.4 2 0
github.com/justin/recipe/cmd/tui/model.go:257.3,257.16 1 0
github.com/justin/recipe/cmd/tui/model.go:259.24,263.16 3 0
github.com/justin/recipe/cmd/tui/model.go:265.19,266.21 1 0
github.com/justin/recipe/cmd/tui/model.go:269.2,269.15 1 0
github.com/justin/recipe/cmd/tui/model.go:273.32,276.19 2 1
github.com/justin/recipe/cmd/tui/model.go:276.19,279.3 1 0
github.com/justin/recipe/cmd/tui/model.go:279.8,279.25 1 1
github.com/justin/recipe/cmd/tui/model.go:279.25,282.3 1 0
github.com/justin/recipe/cmd/tui/model.go:282.8,282.33 1 1
github.com/justin/recipe/cmd/tui/model.go:282.33,285.3 1 0
github.com/justin/recipe/cmd/tui/model.go:285.8,285.29 1 1
github.com/justin/recipe/cmd/tui/model.go:285.29,288.3 1 0
github.com/justin/recipe/cmd/tui/model.go:288.8,288.31 1 1
github.com/justin/recipe/cmd/tui/model.go:288.31,291.3 1 0
github.com/justin/recipe/cmd/tui/model.go:291.8,291.31 1 1
github.com/justin/recipe/cmd/tui/model.go:291.31,294.3 1 0
github.com/justin/recipe/cmd/tui/model.go:294.8,294.23 1 1
github.com/justin/recipe/cmd/tui/model.go:294.23,296.3 1 0
github.com/justin/recipe/cmd/tui/model.go:296.8,296.25 1 1
github.com/justin/recipe/cmd/tui/model.go:296.25,298.3 1 0
github.com/justin/recipe/cmd/tui/model.go:298.8,298.26 1 1
github.com/justin/recipe/cmd/tui/model.go:298.26,301.3 1 1
github.com/justin/recipe/cmd/tui/model.go:301.8,304.3 1 1
github.com/justin/recipe/cmd/tui/model.go:306.2,306.29 1 1
github.com/justin/recipe/cmd/tui/parameters.go:16.74,19.16 2 1
github.com/justin/recipe/cmd/tui/parameters.go:19.16,21.3 1 1
github.com/justin/recipe/cmd/tui/parameters.go:24.2,28.13 3 1
github.com/justin/recipe/cmd/tui/parameters.go:29.14,31.17 2 1
github.com/justin/recipe/cmd/tui/parameters.go:31.17,33.4 1 0
github.com/justin/recipe/cmd/tui/parameters.go:35.14,37.17 2 1
github.com/justin/recipe/cmd/tui/parameters.go:37.17,39.4 1 0
github.com/justin/recipe/cmd/tui/parameters.go:41.21,43.17 2 1
github.com/justin/recipe/cmd/tui/parameters.go:43.17,45.4 1 0
github.com/justin/recipe/cmd/tui/parameters.go:47.10,48.61 1 0
github.com/justin/recipe/cmd/tui/parameters.go:51.2,51.20 1 1
github.com/justin/recipe/cmd/tui/parameters.go:56.62,57.19 1 1
github.com/justin/recipe/cmd/tui/parameters.go:57.19,59.3 1 1
github.com/justin/recipe/cmd/tui/parameters.go:61.2,65.17 3 1
github.com/justin/recipe/cmd/tui/parameters.go:65.17,67.3 1 1
github.com/justin/recipe/cmd/tui/parameters.go:70.2,71.17 2 1
github.com/justin/recipe/cmd/tui/parameters.go:71.17,73.3 1 1
github.com/justin/recipe/cmd/tui/parameters.go:76.2,77.16 2 1
github.com/justin/recipe/cmd/tui/parameters.go:77.16,79.3 1 1
github.com/justin/recipe/cmd/tui/parameters.go:82.2,83.15 2 1
github.com/justin/recipe/cmd/tui/parameters.go:83.15,85.3 1 1
github.com/justin/recipe/cmd/tui/parameters.go:88.2,89.17 2 1
github.com/justin/recipe/cmd/tui/parameters.go:89.17,91.3 1 1
github.com/justin/recipe/cmd/tui/parameters.go:94.2,95.16 2 1
github.com/justin/recipe/cmd/tui/parameters.go:95.16,97.3 1 1
github.com/justin/recipe/cmd/tui/parameters.go:100.2,101.17 2 1
github.com/justin/recipe/cmd/tui/parameters.go:101.17,103.3 1 0
github.com/justin/recipe/cmd/tui/parameters.go:106.2,106.24 1 1
github.com/justin/recipe/cmd/tui/parameters.go:106.24,108.3 1 1
github.com/justin/recipe/cmd/tui/parameters.go:110.2,110.39 1 1
github.com/justin/recipe/cmd/tui/parameters.go:114.68,117.26 2 1
github.com/justin/recipe/cmd/tui/parameters.go:117.26,119.3 1 1
github.com/justin/recipe/cmd/tui/parameters.go:120.2,120.26 1 1
github.com/justin/recipe/cmd/tui/parameters.go:120.26,122.3 1 1
github.com/justin/recipe/cmd/tui/parameters.go:123.2,123.28 1 1
github.com/justin/recipe/cmd/tui/parameters.go:123.28,125.3 1 1
github.com/justin/recipe/cmd/tui/parameters.go:126.2,126.25 1 1
github.com/justin/recipe/cmd/tui/parameters.go:126.25,128.3 1 1
github.com/justin/recipe/cmd/tui/parameters.go:129.2,129.24 1 1
github.com/justin/recipe/cmd/tui/parameters.go:129.24,131.3 1 1
github.com/justin/recipe/cmd/tui/parameters.go:132.2,132.24 1 1
github.com/justin/recipe/cmd/tui/parameters.go:132.24,134.3 1 1
github.com/justin/recipe/cmd/tui/parameters.go:136.2,136.34 1 1
github.com/justin/recipe/cmd/tui/parameters.go:140.68,143.28 2 1
github.com/justin/recipe/cmd/tui/parameters.go:143.28,145.3 1 1
github.com/justin/recipe/cmd/tui/parameters.go:146.2,146.26 1 1
github.com/justin/recipe/cmd/tui/parameters.go:146.26,148.3 1 1
github.com/justin/recipe/cmd/tui/parameters.go:149.2,149.25 1 1
github.com/justin/recipe/cmd/tui/parameters.go:149.25,151.3 1 1
github.com/justin/recipe/cmd/tui/parameters.go:152.2,152.25 1 1
github.com/justin/recipe/cmd/tui/parameters.go:152.25,154.3 1 1
github.com/justin/recipe/cmd/tui/parameters.go:155.2,155.24 1 1
github.com/justin/recipe/cmd/tui/parameters.go:155.24,157.3 1 1
github.com/justin/recipe/cmd/tui/parameters.go:159.2,159.34 1 1
github.com/justin/recipe/cmd/tui/parameters.go:163.67,166.59 2 1
github.com/justin/recipe/cmd/tui/parameters.go:166.59,168.3 1 1
github.com/justin/recipe/cmd/tui/parameters.go:169.2,169.22 1 1
github.com/justin/recipe/cmd/tui/parameters.go:169.22,171.3 1 1
github.com/justin/recipe/cmd/tui/parameters.go:173.2,173.34 1 1
github.com/justin/recipe/cmd/tui/parameters.go:177.66,194.27 3 1
github.com/justin/recipe/cmd/tui/parameters.go:194.27,196.20 2 1
github.com/justin/recipe/cmd/tui/parameters.go:196.20,197.25 1 1
github.com/justin/recipe/cmd/tui/parameters.go:197.25,199.5 1 1
github.com/justin/recipe/cmd/tui/parameters.go:200.4,200.32 1 1
github.com/justin/recipe/cmd/tui/parameters.go:200.32,202.5 1 1
github.com/justin/recipe/cmd/tui/parameters.go:203.4,203.31 1 1
github.com/justin/recipe/cmd/tui/parameters.go:203.31,205.5 1 1
github.com/justin/recipe/cmd/tui/parameters.go:209.2,209.34 1 1
github.com/justin/recipe/cmd/tui/parameters.go:213.62,216.27 2 1
github.com/justin/recipe/cmd/tui/parameters.go:216.27,218.3 1 0
github.com/justin/recipe/cmd/tui/parameters.go:219.2,219.33 1 1
github.com/justin/recipe/cmd/tui/parameters.go:219.33,221.3 1 1
github.com/justin/recipe/cmd/tui/parameters.go:222.2,222.33 1 1
github.com/justin/recipe/cmd/tui/parameters.go:222.33,224.3 1 0
github.com/justin/recipe/cmd/tui/parameters.go:225.2,225.34 1 1
github.com/justin/recipe/cmd/tui/parameters.go:225.34,227.3 1 0
github.com/justin/recipe/cmd/tui/parameters.go:229.2,229.34 1 1
github.com/justin/recipe/cmd/tui/parameters.go:233.61,236.34 2 1
github.com/justin/recipe/cmd/tui/parameters.go:236.34,238.3 1 1
github.com/justin/recipe/cmd/tui/parameters.go:239.2,239.32 1 1
github.com/justin/recipe/cmd/tui/parameters.go:239.32,241.3 1 0
github.com/justin/recipe/cmd/tui/parameters.go:242.2,242.33 1 1
github.com/justin/recipe/cmd/tui/parameters.go:242.33,244.3 1 0
github.com/justin/recipe/cmd/tui/parameters.go:245.2,245.37 1 1
github.com/justin/recipe/cmd/tui/parameters.go:245.37,247.3 1 1
github.com/justin/recipe/cmd/tui/parameters.go:250.2,250.32 1 1
github.com/justin/recipe/cmd/tui/parameters.go:250.32,252.3 1 0
github.com/justin/recipe/cmd/tui/parameters.go:254.2,254.34 1 1
github.com/justin/recipe/cmd/tui/parameters.go:258.63,261.32 2 1
github.com/justin/recipe/cmd/tui/parameters.go:261.32,263.3 1 0
github.com/justin/recipe/cmd/tui/parameters.go:264.2,264.39 1 1
github.com/justin/recipe/cmd/tui/parameters.go:264.39,266.3 1 0
github.com/justin/recipe/cmd/tui/parameters.go:267.2,267.35 1 1
github.com/justin/recipe/cmd/tui/parameters.go:267.35,269.3 1 0
github.com/justin/recipe/cmd/tui/parameters.go:270.2,270.42 1 1
github.com/justin/recipe/cmd/tui/parameters.go:270.42,272.3 1 0
github.com/justin/recipe/cmd/tui/parameters.go:274.2,274.34 1 1
github.com/justin/recipe/cmd/tui/preview.go:21.38,37.2 6 1
github.com/justin/recipe/cmd/tui/preview.go:40.52,54.23 8 1
github.com/justin/recipe/cmd/tui/preview.go:54.23,59.3 4 0
github.com/justin/recipe/cmd/tui/preview.go:59.8,65.50 4 1
github.com/justin/recipe/cmd/tui/preview.go:65.50,67.32 1 0
github.com/justin/recipe/cmd/tui/preview.go:67.32,69.5 1 0
github.com/justin/recipe/cmd/tui/preview.go:70.4,71.26 2 0
github.com/justin/recipe/cmd/tui/preview.go:71.26,74.5 2 0
github.com/justin/recipe/cmd/tui/preview.go:78.3,78.32 1 1
github.com/justin/recipe/cmd/tui/preview.go:78.32,82.4 3 1
github.com/justin/recipe/cmd/tui/preview.go:85.3,85.38 1 1
github.com/justin/recipe/cmd/tui/preview.go:85.38,89.4 3 0
github.com/justin/recipe/cmd/tui/preview.go:93.2,95.23 3 1
github.com/justin/recipe/cmd/tui/preview.go:95.23,99.3 3 0
github.com/justin/recipe/cmd/tui/preview.go:101.2,101.81 1 1
github.com/justin/recipe/cmd/tui/preview.go:105.93,108.14 2 1
github.com/justin/recipe/cmd/tui/preview.go:108.14,110.3 1 1
github.com/justin/recipe/cmd/tui/preview.go:113.2,114.16 2 1
github.com/justin/recipe/cmd/tui/preview.go:114.16,116.3 1 0
github.com/justin/recipe/cmd/tui/preview.go:119.2,120.16 2 1
github.com/justin/recipe/cmd/tui/preview.go:120.16,122.3 1 0
github.com/justin/recipe/cmd/tui/preview.go:125.2,135.14 5 1
github.com/justin/recipe/cmd/tui/preview.go:135.14,137.3 1 1
github.com/justin/recipe/cmd/tui/preview.go:139.2,139.13 1 0
github.com/justin/recipe/cmd/tui/preview.go:143.51,147.49 2 1
github.com/justin/recipe/cmd/tui/preview.go:147.49,151.3 3 1
github.com/justin/recipe/cmd/tui/preview.go:151.8,154.3 2 0
github.com/justin/recipe/cmd/tui/preview.go:155.2,158.49 2 1
github.com/justin/recipe/cmd/tui/preview.go:158.49,163.3 4 1
github.com/justin/recipe/cmd/tui/preview.go:166.2,171.22 4 1
github.com/justin/recipe/cmd/tui/preview.go:171.22,176.3 3 0
github.com/justin/recipe/cmd/tui/preview.go:176.8,176.35 1 1
github.com/justin/recipe/cmd/tui/preview.go:176.35,184.23 5 0
github.com/justin/recipe/cmd/tui/preview.go:184.23,186.4 1 0
github.com/justin/recipe/cmd/tui/preview.go:187.3,187.16 1 0
github.com/justin/recipe/cmd/tui/preview.go:187.16,189.4 1 0
github.com/justin/recipe/cmd/tui/preview.go:192.3,192.32 1 0
github.com/justin/recipe/cmd/tui/preview.go:192.32,193.22 1 0
github.com/justin/recipe/cmd/tui/preview.go:193.22,196.5 2 0
github.com/justin/recipe/cmd/tui/preview.go:200.3,200.36 1 0
github.com/justin/recipe/cmd/tui/preview.go:200.36,205.4 4 0
github.com/justin/recipe/cmd/tui/preview.go:208.3,208.50 1 0
github.com/justin/recipe/cmd/tui/preview.go:208.50,210.19 2 0
github.com/justin/recipe/cmd/tui/preview.go:210.19,214.5 3 0
github.com/justin/recipe/cmd/tui/preview.go:216.8,221.3 3 1
github.com/justin/recipe/cmd/tui/preview.go:223.2,223.81 1 1
github.com/justin/recipe/cmd/tui/preview.go:227.47,229.30 2 1
github.com/justin/recipe/cmd/tui/preview.go:229.30,232.3 2 1
github.com/justin/recipe/cmd/tui/preview.go:233.2,233.19 1 1
github.com/justin/recipe/cmd/tui/preview.go:237.43,241.16 2 1
github.com/justin/recipe/cmd/tui/preview.go:241.16,243.3 1 1
github.com/justin/recipe/cmd/tui/preview.go:243.8,245.23 2 1
github.com/justin/recipe/cmd/tui/preview.go:245.23,247.4 1 0
github.com/justin/recipe/cmd/tui/preview.go:248.3,252.55 3 1
github.com/justin/recipe/cmd/tui/preview.go:256.2,261.58 4 1
github.com/justin/recipe/cmd/tui/preview.go:265.41,272.9 2 1
github.com/justin/recipe/cmd/tui/preview.go:273.19,274.60 1 1
github.com/justin/recipe/cmd/tui/preview.go:275.19,276.60 1 1
github.com/justin/recipe/cmd/tui/preview.go:277.19,278.60 1 1
github.com/justin/recipe/cmd/tui/preview.go:279.10,280.36 1 1
github.com/justin/recipe/cmd/tui/preview.go:285.50,286.22 1 1
github.com/justin/recipe/cmd/tui/preview.go:286.22,288.3 1 1
github.com/justin/recipe/cmd/tui/preview.go:289.2,289.16 1 0
github.com/justin/recipe/cmd/tui/preview.go:289.16,291.3 1 0
github.com/justin/recipe/cmd/tui/preview.go:292.2,292.29 1 0
github.com/justin/recipe/cmd/tui/preview_update.go:17.46,18.24 1 1
github.com/justin/recipe/cmd/tui/preview_update.go:18.24,21.17 2 1
github.com/justin/recipe/cmd/tui/preview_update.go:21.17,27.4 1 0
github.com/justin/recipe/cmd/tui/preview_update.go:30.3,36.4 2 1
github.com/justin/recipe/cmd/tui/preview_update.go:41.49,43.69 1 1
github.com/justin/recipe/cmd/tui/preview_update.go:43.69,47.3 3 1
github.com/justin/recipe/cmd/tui/preview_update.go:50.2,53.23 2 1
github.com/justin/recipe/cmd/tui/preview_update.go:53.23,57.3 3 1
github.com/justin/recipe/cmd/tui/preview_update.go:60.2,60.63 1 1
github.com/justin/recipe/cmd/tui/preview_update.go:60.63,66.3 5 1
github.com/justin/recipe/cmd/tui/preview_update.go:69.2,73.44 4 1
github.com/justin/recipe/cmd/tui/preview_update.go:77.42,78.19 1 1
github.com/justin/recipe/cmd/tui/preview_update.go:78.19,80.3 1 1
github.com/justin/recipe/cmd/tui/preview_update.go:81.2,81.37 1 1
github.com/justin/recipe/cmd/tui/progress.go:39.24,40.66 1 1
github.com/justin/recipe/cmd/tui/progress.go:40.66,42.3 1 0
github.com/justin/recipe/cmd/tui/progress.go:46.109,47.24 1 1
github.com/justin/recipe/cmd/tui/progress.go:47.24,49.30 2 0
github.com/justin/recipe/cmd/tui/progress.go:49.30,51.4 1 0
github.com/justin/recipe/cmd/tui/progress.go:53.3,61.13 5 0
github.com/justin/recipe/cmd/tui/progress.go:61.13,64.4 2 0
github.com/justin/recipe/cmd/tui/progress.go:67.3,68.35 2 0
github.com/justin/recipe/cmd/tui/progress.go:68.35,70.14 2 0
github.com/justin/recipe/cmd/tui/progress.go:70.14,72.28 2 0
github.com/justin/recipe/cmd/tui/progress.go:72.28,74.13 1 0
github.com/justin/recipe/cmd/tui/progress.go:75.24,76.13 1 0
github.com/justin/recipe/cmd/tui/progress.go:77.14,77.14 0 0
github.com/justin/recipe/cmd/tui/progress.go:80.6,81.23 2 0
github.com/justin/recipe/cmd/tui/progress.go:87.3,87.30 1 0
github.com/justin/recipe/cmd/tui/progress.go:87.30,89.4 1 0
github.com/justin/recipe/cmd/tui/progress.go:90.3,93.13 2 0
github.com/justin/recipe/cmd/tui/progress.go:93.13,96.4 2 0
github.com/justin/recipe/cmd/tui/progress.go:101.3,101.21 1 0
github.com/justin/recipe/cmd/tui/progress.go:101.22,103.4 0 0
github.com/justin/recipe/cmd/tui/progress.go:105.3,105.28 1 0
github.com/justin/recipe/cmd/tui/progress.go:110.89,113.16 2 0
github.com/justin/recipe/cmd/tui/progress.go:113.16,122.3 2 0
github.com/justin/recipe/cmd/tui/progress.go:125.2,126.16 2 0
github.com/justin/recipe/cmd/tui/progress.go:126.16,135.3 2 0
github.com/justin/recipe/cmd/tui/progress.go:138.2,140.22 3 0
github.com/justin/recipe/cmd/tui/progress.go:141.13,142.21 1 0
github.com/justin/recipe/cmd/tui/progress.go:143.13,144.21 1 0
github.com/justin/recipe/cmd/tui/progress.go:145.20,146.28 1 0
github.com/justin/recipe/cmd/tui/progress.go:148.2,151.62 2 0
github.com/justin/recipe/cmd/tui/progress.go:151.62,160.3 2 0
github.com/justin/recipe/cmd/tui/progress.go:163.2,169.3 1 0
github.com/justin/recipe/cmd/tui/progress.go:173.56,176.58 2 1
github.com/justin/recipe/cmd/tui/progress.go:176.58,178.3 1 0
github.com/justin/recipe/cmd/tui/progress.go:181.2,181.49 1 1
github.com/justin/recipe/cmd/tui/progress.go:181.49,184.3 2 0
github.com/justin/recipe/cmd/tui/progress.go:186.2,186.12 1 1
github.com/justin/recipe/cmd/tui/progress.go:190.63,191.16 1 1
github.com/justin/recipe/cmd/tui/progress.go:191.16,193.3 1 0
github.com/justin/recipe/cmd/tui/progress.go:195.2,200.23 4 1
github.com/justin/recipe/cmd/tui/progress.go:200.23,202.3 1 0
github.com/justin/recipe/cmd/tui/progress.go:205.2,209.20 3 1
github.com/justin/recipe/cmd/tui/progress.go:209.20,211.3 1 0
github.com/justin/recipe/cmd/tui/progress.go:211.8,211.29 1 1
github.com/justin/recipe/cmd/tui/progress.go:211.29,213.3 1 1
github.com/justin/recipe/cmd/tui/progress.go:213.8,215.3 1 1
github.com/justin/recipe/cmd/tui/progress.go:218.2,219.20 2 1
github.com/justin/recipe/cmd/tui/progress.go:219.20,221.3 1 0
github.com/justin/recipe/cmd/tui/progress.go:223.2,223.35 1 1
github.com/justin/recipe/cmd/tui/progress.go:227.79,231.16 3 1
github.com/justin/recipe/cmd/tui/progress.go:232.20,234.20 2 1
github.com/justin/recipe/cmd/tui/progress.go:235.17,237.21 2 1
github.com/justin/recipe/cmd/tui/progress.go:238.17,240.22 2 1
github.com/justin/recipe/cmd/tui/progress.go:241.15,243.19 2 1
github.com/justin/recipe/cmd/tui/progress.go:244.10,246.30 2 0
github.com/justin/recipe/cmd/tui/progress.go:250.2,254.16 3 1
github.com/justin/recipe/cmd/tui/progress.go:255.20,256.31 1 1
github.com/justin/recipe/cmd/tui/progress.go:257.17,258.25 1 1
github.com/justin/recipe/cmd/tui/progress.go:259.17,260.25 1 1
github.com/justin/recipe/cmd/tui/progress.go:261.15,262.23 1 1
github.com/justin/recipe/cmd/tui/progress.go:265.2,266.27 2 1
github.com/justin/recipe/cmd/tui/progress.go:270.81,271.20 1 1
github.com/justin/recipe/cmd/tui/progress.go:271.20,273.3 1 1
github.com/justin/recipe/cmd/tui/progress.go:275.2,279.18 4 1
github.com/justin/recipe/cmd/tui/progress.go:283.45,289.15 5 1
github.com/justin/recipe/cmd/tui/progress.go:289.15,291.3 1 1
github.com/justin/recipe/cmd/tui/progress.go:292.2,292.49 1 1
github.com/justin/recipe/cmd/tui/progress.go:296.45,312.61 10 0
github.com/justin/recipe/cmd/tui/progress.go:312.61,318.3 5 0
github.com/justin/recipe/cmd/tui/progress.go:321.2,328.30 6 0
github.com/justin/recipe/cmd/tui/progress.go:328.30,330.40 2 0
github.com/justin/recipe/cmd/tui/progress.go:330.40,332.4 1 0
github.com/justin/recipe/cmd/tui/progress.go:333.3,333.22 1 0
github.com/justin/recipe/cmd/tui/progress.go:337.2,337.19 1 0
github.com/justin/recipe/cmd/tui/progress.go:337.19,339.3 1 0
github.com/justin/recipe/cmd/tui/progress.go:339.8,341.3 1 0
github.com/justin/recipe/cmd/tui/progress.go:343.2,343.19 1 0
github.com/justin/recipe/cmd/tui/progress.go:347.84,362.28 10 1
github.com/justin/recipe/cmd/tui/progress.go:362.28,363.19 1 1
github.com/justin/recipe/cmd/tui/progress.go:364.18,365.18 1 1
github.com/justin/recipe/cmd/tui/progress.go:366.18,367.18 1 1
github.com/justin/recipe/cmd/tui/progress.go:368.16,369.16 1 1
github.com/justin/recipe/cmd/tui/progress.go:370.20,371.20 1 0
github.com/justin/recipe/cmd/tui/progress.go:376.2,377.22 2 1
github.com/justin/recipe/cmd/tui/progress.go:377.22,379.3 1 1
github.com/justin/recipe/cmd/tui/progress.go:380.2,380.22 1 1
github.com/justin/recipe/cmd/tui/progress.go:380.22,382.3 1 1
github.com/justin/recipe/cmd/tui/progress.go:383.2,383.20 1 1
github.com/justin/recipe/cmd/tui/progress.go:383.20,385.3 1 1
github.com/justin/recipe/cmd/tui/progress.go:386.2,386.24 1 1
github.com/justin/recipe/cmd/tui/progress.go:386.24,388.3 1 0
github.com/justin/recipe/cmd/tui/progress.go:389.2,393.28 3 1
github.com/justin/recipe/cmd/tui/progress.go:393.28,394.28 1 1
github.com/justin/recipe/cmd/tui/progress.go:394.28,396.4 1 1
github.com/justin/recipe/cmd/tui/progress.go:398.2,398.23 1 1
github.com/justin/recipe/cmd/tui/progress.go:398.23,400.30 2 1
github.com/justin/recipe/cmd/tui/progress.go:400.30,402.23 2 1
github.com/justin/recipe/cmd/tui/progress.go:402.23,404.5 1 1
github.com/justin/recipe/cmd/tui/progress.go:406.3,406.22 1 1
github.com/justin/recipe/cmd/tui/progress.go:410.2,411.28 2 1
github.com/justin/recipe/cmd/tui/progress.go:411.28,412.26 1 1
github.com/justin/recipe/cmd/tui/progress.go:412.26,414.4 1 1
github.com/justin/recipe/cmd/tui/progress.go:416.2,416.21 1 1
github.com/justin/recipe/cmd/tui/progress.go:416.21,418.28 2 1
github.com/justin/recipe/cmd/tui/progress.go:418.28,420.23 2 1
github.com/justin/recipe/cmd/tui/progress.go:420.23,422.5 1 1
github.com/justin/recipe/cmd/tui/progress.go:424.3,424.22 1 1
github.com/justin/recipe/cmd/tui/progress.go:428.2,434.19 4 1
github.com/justin/recipe/cmd/tui/settings.go:11.54,19.31 6 0
github.com/justin/recipe/cmd/tui/settings.go:19.31,21.3 1 0
github.com/justin/recipe/cmd/tui/settings.go:23.2,23.15 1 0
github.com/justin/recipe/cmd/tui/settings.go:27.55,35.2 6 0
github.com/justin/recipe/cmd/tui/settings.go:38.48,43.42 4 0
github.com/justin/recipe/cmd/tui/settings.go:43.42,45.3 1 0
github.com/justin/recipe/cmd/tui/settings.go:48.2,57.15 7 0
github.com/justin/recipe/cmd/tui/settings.go:61.43,72.25 8 0
github.com/justin/recipe/cmd/tui/settings.go:72.25,74.3 1 0
github.com/justin/recipe/cmd/tui/settings.go:75.2,86.33 3 0
github.com/justin/recipe/cmd/tui/settings.go:86.33,88.41 2 0
github.com/justin/recipe/cmd/tui/settings.go:88.41,90.4 1 0
github.com/justin/recipe/cmd/tui/settings.go:91.3,92.54 2 0
github.com/justin/recipe/cmd/tui/settings.go:95.2,99.25 3 0
github.com/justin/recipe/cmd/tui/settings.go:99.25,101.3 1 0
github.com/justin/recipe/cmd/tui/settings.go:102.2,110.25 6 0
github.com/justin/recipe/cmd/tui/settings.go:110.25,112.3 1 0
github.com/justin/recipe/cmd/tui/settings.go:113.2,117.31 3 0
github.com/justin/recipe/cmd/tui/settings.go:117.31,118.60 1 0
github.com/justin/recipe/cmd/tui/settings.go:118.60,120.40 2 0
github.com/justin/recipe/cmd/tui/settings.go:120.40,122.5 1 0
github.com/justin/recipe/cmd/tui/settings.go:123.4,126.22 4 0
github.com/justin/recipe/cmd/tui/settings.go:126.22,127.10 1 0
github.com/justin/recipe/cmd/tui/settings.go:132.2,139.19 5 0
github.com/justin/recipe/cmd/tui/validation.go:14.53,24.2 5 1
github.com/justin/recipe/cmd/tui/validation.go:27.42,31.31 2 1
github.com/justin/recipe/cmd/tui/validation.go:31.31,32.28 1 1
github.com/justin/recipe/cmd/tui/validation.go:32.28,43.4 2 1
github.com/justin/recipe/cmd/tui/validation.go:47.2,50.35 2 1
github.com/justin/recipe/cmd/tui/validation.go:50.35,51.48 1 1
github.com/justin/recipe/cmd/tui/validation.go:51.48,52.49 1 0
github.com/justin/recipe/cmd/tui/validation.go:52.49,55.10 3 0
github.com/justin/recipe/cmd/tui/validation.go:61.2,65.19 3 1
github.com/justin/recipe/cmd/tui/validation.go:65.19,69.57 3 0
github.com/justin/recipe/cmd/tui/validation.go:69.57,71.4 1 0
github.com/justin/recipe/cmd/tui/validation.go:71.9,73.4 1 0
github.com/justin/recipe/cmd/tui/validation.go:74.8,77.3 2 1
github.com/justin/recipe/cmd/tui/validation.go:80.2,83.28 2 1
github.com/justin/recipe/cmd/tui/validation.go:83.28,85.3 1 1
github.com/justin/recipe/cmd/tui/validation.go:87.2,87.10 1 1
github.com/justin/recipe/cmd/tui/validation.go:91.81,94.29 2 1
github.com/justin/recipe/cmd/tui/validation.go:94.29,97.17 2 1
github.com/justin/recipe/cmd/tui/validation.go:97.17,99.12 1 1
github.com/justin/recipe/cmd/tui/validation.go:103.3,105.26 2 0
github.com/justin/recipe/cmd/tui/validation.go:105.26,108.28 2 0
github.com/justin/recipe/cmd/tui/validation.go:108.28,110.5 1 0
github.com/justin/recipe/cmd/tui/validation.go:112.4,113.33 2 0
github.com/justin/recipe/cmd/tui/validation.go:113.33,115.5 1 0
github.com/justin/recipe/cmd/tui/validation.go:117.4,123.6 1 0
github.com/justin/recipe/cmd/tui/validation.go:127.2,127.17 1 1
github.com/justin/recipe/cmd/tui/validation.go:131.93,143.2 2 0
github.com/justin/recipe/cmd/tui/validation.go:146.49,149.24 2 1
github.com/justin/recipe/cmd/tui/validation.go:149.24,151.3 1 1
github.com/justin/recipe/cmd/tui/validation.go:152.2,152.16 1 1
github.com/justin/recipe/cmd/tui/validation.go:152.16,154.3 1 0
github.com/justin/recipe/cmd/tui/validation.go:157.2,157.19 1 1
github.com/justin/recipe/cmd/tui/validation.go:157.19,159.3 1 0
github.com/justin/recipe/cmd/tui/validation.go:162.2,164.16 3 1
github.com/justin/recipe/cmd/tui/validation.go:164.16,166.3 1 0
github.com/justin/recipe/cmd/tui/validation.go:167.2,170.12 3 1
github.com/justin/recipe/cmd/tui/validation.go:174.95,177.29 2 1
github.com/justin/recipe/cmd/tui/validation.go:177.29,183.51 3 1
github.com/justin/recipe/cmd/tui/validation.go:183.51,189.4 1 1
github.com/justin/recipe/cmd/tui/validation.go:192.2,192.19 1 1
github.com/justin/recipe/cmd/tui/validation.go:196.60,200.22 3 1
github.com/justin/recipe/cmd/tui/validation.go:201.13,202.33 1 1
github.com/justin/recipe/cmd/tui/validation.go:203.13,204.33 1 1
github.com/justin/recipe/cmd/tui/validation.go:205.20,206.40 1 1
github.com/justin/recipe/cmd/tui/validation.go:207.10,208.18 1 0
github.com/justin/recipe/cmd/tui/validation.go:213.73,215.22 1 1
github.com/justin/recipe/cmd/tui/validation.go:216.13,218.19 1 0
github.com/justin/recipe/cmd/tui/validation.go:219.13,221.41 1 1
github.com/justin/recipe/cmd/tui/validation.go:222.20,224.42 1 0
github.com/justin/recipe/cmd/tui/validation.go:225.10,226.19 1 0
github.com/justin/recipe/cmd/tui/validation.go:231.90,239.29 2 1
github.com/justin/recipe/cmd/tui/validation.go:239.29,242.40 2 1
github.com/justin/recipe/cmd/tui/validation.go:242.40,244.4 1 1
github.com/justin/recipe/cmd/tui/validation.go:244.9,246.4 1 1
github.com/justin/recipe/cmd/tui/validation.go:250.2,258.13 4 1
github.com/justin/recipe/cmd/tui/validation.go:262.45,277.38 10 1
github.com/justin/recipe/cmd/tui/validation.go:277.38,279.3 1 1
github.com/justin/recipe/cmd/tui/validation.go:280.2,281.42 2 1
github.com/justin/recipe/cmd/tui/validation.go:281.42,282.22 1 1
github.com/justin/recipe/cmd/tui/validation.go:282.22,284.4 1 0
github.com/justin/recipe/cmd/tui/validation.go:285.3,285.70 1 1
github.com/justin/recipe/cmd/tui/validation.go:287.2,291.29 3 1
github.com/justin/recipe/cmd/tui/validation.go:291.29,293.3 1 0
github.com/justin/recipe/cmd/tui/validation.go:293.8,293.36 1 1
github.com/justin/recipe/cmd/tui/validation.go:293.36,295.3 1 1
github.com/justin/recipe/cmd/tui/validation.go:295.8,295.43 1 0
github.com/justin/recipe/cmd/tui/validation.go:295.43,297.3 1 0
github.com/justin/recipe/cmd/tui/validation.go:298.2,306.110 6 1
github.com/justin/recipe/cmd/tui/validation.go:306.110,311.23 5 1
github.com/justin/recipe/cmd/tui/validation.go:311.23,313.4 1 0
github.com/justin/recipe/cmd/tui/validation.go:314.3,315.54 2 1
github.com/justin/recipe/cmd/tui/validation.go:318.2,318.33 1 1
github.com/justin/recipe/cmd/tui/validation.go:318.33,321.3 2 0
github.com/justin/recipe/cmd/tui/validation.go:323.2,326.35 2 1
github.com/justin/recipe/cmd/tui/validation.go:326.35,328.42 2 0
github.com/justin/recipe/cmd/tui/validation.go:328.42,330.35 2 0
github.com/justin/recipe/cmd/tui/validation.go:330.35,332.5 1 0
github.com/justin/recipe/cmd/tui/validation.go:333.4,335.39 2 0
github.com/justin/recipe/cmd/tui/validation.go:335.39,336.15 1 0
github.com/justin/recipe/cmd/tui/validation.go:336.15,337.11 1 0
github.com/justin/recipe/cmd/tui/validation.go:339.5,339.86 1 0
github.com/justin/recipe/cmd/tui/validation.go:342.8,344.3 1 1
github.com/justin/recipe/cmd/tui/validation.go:346.2,354.80 7 1
github.com/justin/recipe/cmd/tui/validation.go:354.80,356.3 1 1
github.com/justin/recipe/cmd/tui/validation.go:357.2,362.28 3 1
github.com/justin/recipe/cmd/tui/validation.go:362.28,364.36 2 1
github.com/justin/recipe/cmd/tui/validation.go:364.36,368.4 3 1
github.com/justin/recipe/cmd/tui/validation.go:368.9,368.46 1 1
github.com/justin/recipe/cmd/tui/validation.go:368.46,372.4 3 1
github.com/justin/recipe/cmd/tui/validation.go:373.3,373.100 1 1
github.com/justin/recipe/cmd/tui/validation.go:377.2,377.31 1 1
github.com/justin/recipe/cmd/tui/validation.go:377.31,380.34 3 1
github.com/justin/recipe/cmd/tui/validation.go:380.34,386.4 5 1
github.com/justin/recipe/cmd/tui/validation.go:387.3,387.32 1 1
github.com/justin/recipe/cmd/tui/validation.go:387.32,389.4 1 0
github.com/justin/recipe/cmd/tui/validation.go:390.3,390.100 1 1
github.com/justin/recipe/cmd/tui/validation.go:394.2,394.24 1 1
github.com/justin/recipe/cmd/tui/validation.go:394.24,396.3 1 1
github.com/justin/recipe/cmd/tui/validation.go:396.8,398.3 1 1
github.com/justin/recipe/cmd/tui/validation.go:399.2,403.19 4 1
github.com/justin/recipe/cmd/tui/view.go:23.37,37.23 8 1
github.com/justin/recipe/cmd/tui/view.go:37.23,42.3 4 1
github.com/justin/recipe/cmd/tui/view.go:42.8,48.50 4 1
github.com/justin/recipe/cmd/tui/view.go:48.50,50.32 1 1
github.com/justin/recipe/cmd/tui/view.go:50.32,52.5 1 1
github.com/justin/recipe/cmd/tui/view.go:53.4,54.26 2 1
github.com/justin/recipe/cmd/tui/view.go:54.26,57.5 2 0
github.com/justin/recipe/cmd/tui/view.go:61.3,61.32 1 1
github.com/justin/recipe/cmd/tui/view.go:61.32,65.4 3 1
github.com/justin/recipe/cmd/tui/view.go:68.3,68.38 1 1
github.com/justin/recipe/cmd/tui/view.go:68.38,72.4 3 1
github.com/justin/recipe/cmd/tui/view.go:76.2,78.23 3 1
github.com/justin/recipe/cmd/tui/view.go:78.23,82.3 3 1
github.com/justin/recipe/cmd/tui/view.go:85.2,85.49 1 1
github.com/justin/recipe/cmd/tui/view.go:85.49,88.18 3 1
github.com/justin/recipe/cmd/tui/view.go:88.18,90.4 1 1
github.com/justin/recipe/cmd/tui/view.go:91.3,92.22 2 1
github.com/justin/recipe/cmd/tui/view.go:96.2,99.19 3 1
github.com/justin/recipe/cmd/tui/view.go:103.75,106.14 2 1
github.com/justin/recipe/cmd/tui/view.go:106.14,108.3 1 1
github.com/justin/recipe/cmd/tui/view.go:111.2,112.16 2 1
github.com/justin/recipe/cmd/tui/view.go:112.16,114.3 1 1
github.com/justin/recipe/cmd/tui/view.go:117.2,118.16 2 1
github.com/justin/recipe/cmd/tui/view.go:118.16,120.3 1 1
github.com/justin/recipe/cmd/tui/view.go:123.2,127.17 3 1
github.com/justin/recipe/cmd/tui/view.go:127.17,129.3 1 1
github.com/justin/recipe/cmd/tui/view.go:132.2,135.14 2 1
github.com/justin/recipe/cmd/tui/view.go:135.14,137.3 1 1
github.com/justin/recipe/cmd/tui/view.go:139.2,139.13 1 1
github.com/justin/recipe/cmd/tui/view.go:143.40,144.16 1 1
github.com/justin/recipe/cmd/tui/view.go:145.13,146.32 1 1
github.com/justin/recipe/cmd/tui/view.go:147.13,148.32 1 1
github.com/justin/recipe/cmd/tui/view.go:149.20,150.32 1 1
github.com/justin/recipe/cmd/tui/view.go:151.13,152.32 1 1
github.com/justin/recipe/cmd/tui/view.go:153.10,154.15 1 1
github.com/justin/recipe/cmd/tui/view.go:159.37,163.16 3 1
github.com/justin/recipe/cmd/tui/view.go:163.16,165.3 1 1
github.com/justin/recipe/cmd/tui/view.go:165.8,165.23 1 1
github.com/justin/recipe/cmd/tui/view.go:165.23,167.3 1 1
github.com/justin/recipe/cmd/tui/view.go:167.8,169.3 1 1
github.com/justin/recipe/cmd/tui/view.go:173.33,205.2 2 1
github.com/justin/recipe/cmd/tui/view.go:208.24,209.11 1 1
github.com/justin/recipe/cmd/tui/view.go:209.11,211.3 1 1
github.com/justin/recipe/cmd/tui/view.go:212.2,212.10 1 1
github.com/justin/recipe/cmd/tui/view.go:215.24,216.11 1 1
github.com/justin/recipe/cmd/tui/view.go:216.11,218.3 1 1
github.com/justin/recipe/cmd/tui/view.go:219.2,219.10 1 1
github.com/justin/recipe/internal/models/builder.go:15.40,25.2 1 1
github.com/justin/recipe/internal/models/builder.go:28.62,31.2 2 1
github.com/justin/recipe/internal/models/builder.go:34.72,37.2 2 1
github.com/justin/recipe/internal/models/builder.go:40.68,41.48 1 1
github.com/justin/recipe/internal/models/builder.go:41.48,43.3 1 1
github.com/justin/recipe/internal/models/builder.go:43.8,45.3 1 1
github.com/justin/recipe/internal/models/builder.go:46.2,46.10 1 1
github.com/justin/recipe/internal/models/builder.go:50.64,51.62 1 1
github.com/justin/recipe/internal/models/builder.go:51.62,53.3 1 1
github.com/justin/recipe/internal/models/builder.go:53.8,55.3 1 1
github.com/justin/recipe/internal/models/builder.go:56.2,56.10 1 1
github.com/justin/recipe/internal/models/builder.go:60.66,61.64 1 1
github.com/justin/recipe/internal/models/builder.go:61.64,63.3 1 1
github.com/justin/recipe/internal/models/builder.go:63.8,65.3 1 1
github.com/justin/recipe/internal/models/builder.go:66.2,66.10 1 1
github.com/justin/recipe/internal/models/builder.go:70.63,71.61 1 1
github.com/justin/recipe/internal/models/builder.go:71.61,73.3 1 1
github.com/justin/recipe/internal/models/builder.go:73.8,75.3 1 1
github.com/justin/recipe/internal/models/builder.go:76.2,76.10 1 1
github.com/justin/recipe/internal/models/builder.go:80.62,81.60 1 1
github.com/justin/recipe/internal/models/builder.go:81.60,83.3 1 1
github.com/justin/recipe/internal/models/builder.go:83.8,85.3 1 1
github.com/justin/recipe/internal/models/builder.go:86.2,86.10 1 1
github.com/justin/recipe/internal/models/builder.go:90.62,91.60 1 1
github.com/justin/recipe/internal/models/builder.go:91.60,93.3 1 1
github.com/justin/recipe/internal/models/builder.go:93.8,95.3 1 1
github.com/justin/recipe/internal/models/builder.go:96.2,96.10 1 1
github.com/justin/recipe/internal/models/builder.go:100.63,101.61 1 1
github.com/justin/recipe/internal/models/builder.go:101.61,103.3 1 1
github.com/justin/recipe/internal/models/builder.go:103.8,105.3 1 1
github.com/justin/recipe/internal/models/builder.go:106.2,106.10 1 1
github.com/justin/recipe/internal/models/builder.go:110.63,111.61 1 1
github.com/justin/recipe/internal/models/builder.go:111.61,113.3 1 1
github.com/justin/recipe/internal/models/builder.go:113.8,115.3 1 1
github.com/justin/recipe/internal/models/builder.go:116.2,116.10 1 1
github.com/justin/recipe/internal/models/builder.go:120.62,121.60 1 1
github.com/justin/recipe/internal/models/builder.go:121.60,123.3 1 1
github.com/justin/recipe/internal/models/builder.go:123.8,125.3 1 1
github.com/justin/recipe/internal/models/builder.go:126.2,126.10 1 1
github.com/justin/recipe/internal/models/builder.go:130.64,131.62 1 1
github.com/justin/recipe/internal/models/builder.go:131.62,133.3 1 1
github.com/justin/recipe/internal/models/builder.go:133.8,135.3 1 1
github.com/justin/recipe/internal/models/builder.go:136.2,136.10 1 1
github.com/justin/recipe/internal/models/builder.go:140.66,141.64 1 1
github.com/justin/recipe/internal/models/builder.go:141.64,143.3 1 1
github.com/justin/recipe/internal/models/builder.go:143.8,145.3 1 1
github.com/justin/recipe/internal/models/builder.go:146.2,146.10 1 1
github.com/justin/recipe/internal/models/builder.go:150.65,153.2 2 1
github.com/justin/recipe/internal/models/builder.go:156.75,157.55 1 1
github.com/justin/recipe/internal/models/builder.go:157.55,159.3 1 1
github.com/justin/recipe/internal/models/builder.go:159.8,161.3 1 1
github.com/justin/recipe/internal/models/builder.go:162.2,162.10 1 1
github.com/justin/recipe/internal/models/builder.go:166.71,167.78 1 1
github.com/justin/recipe/internal/models/builder.go:167.78,169.3 1 1
github.com/justin/recipe/internal/models/builder.go:169.8,171.3 1 1
github.com/justin/recipe/internal/models/builder.go:172.2,172.10 1 1
github.com/justin/recipe/internal/models/builder.go:176.72,177.79 1 1
github.com/justin/recipe/internal/models/builder.go:177.79,179.3 1 1
github.com/justin/recipe/internal/models/builder.go:179.8,181.3 1 1
github.com/justin/recipe/internal/models/builder.go:182.2,182.10 1 1
github.com/justin/recipe/internal/models/builder.go:186.67,189.2 2 1
github.com/justin/recipe/internal/models/builder.go:192.60,193.44 1 1
github.com/justin/recipe/internal/models/builder.go:193.44,195.3 1 1
github.com/justin/recipe/internal/models/builder.go:195.8,197.3 1 1
github.com/justin/recipe/internal/models/builder.go:198.2,198.10 1 1
github.com/justin/recipe/internal/models/builder.go:202.83,203.71 1 1
github.com/justin/recipe/internal/models/builder.go:203.71,205.3 1 1
github.com/justin/recipe/internal/models/builder.go:205.8,207.3 1 1
github.com/justin/recipe/internal/models/builder.go:208.2,208.10 1 1
github.com/justin/recipe/internal/models/builder.go:212.86,213.74 1 1
github.com/justin/recipe/internal/models/builder.go:213.74,215.3 1 1
github.com/justin/recipe/internal/models/builder.go:215.8,217.3 1 1
github.com/justin/recipe/internal/models/builder.go:218.2,218.10 1 1
github.com/justin/recipe/internal/models/builder.go:222.86,223.74 1 1
github.com/justin/recipe/internal/models/builder.go:223.74,225.3 1 1
github.com/justin/recipe/internal/models/builder.go:225.8,227.3 1 1
github.com/justin/recipe/internal/models/builder.go:228.2,228.10 1 1
github.com/justin/recipe/internal/models/builder.go:232.85,233.73 1 1
github.com/justin/recipe/internal/models/builder.go:233.73,235.3 1 1
github.com/justin/recipe/internal/models/builder.go:235.8,237.3 1 1
github.com/justin/recipe/internal/models/builder.go:238.2,238.10 1 1
github.com/justin/recipe/internal/models/builder.go:242.84,243.72 1 1
github.com/justin/recipe/internal/models/builder.go:243.72,245.3 1 1
github.com/justin/recipe/internal/models/builder.go:245.8,247.3 1 1
github.com/justin/recipe/internal/models/builder.go:248.2,248.10 1 1
github.com/justin/recipe/internal/models/builder.go:252.84,253.72 1 1
github.com/justin/recipe/internal/models/builder.go:253.72,255.3 1 1
github.com/justin/recipe/internal/models/builder.go:255.8,257.3 1 1
github.com/justin/recipe/internal/models/builder.go:258.2,258.10 1 1
github.com/justin/recipe/internal/models/builder.go:262.86,263.74 1 1
github.com/justin/recipe/internal/models/builder.go:263.74,265.3 1 1
github.com/justin/recipe/internal/models/builder.go:265.8,267.3 1 1
github.com/justin/recipe/internal/models/builder.go:268.2,268.10 1 1
github.com/justin/recipe/internal/models/builder.go:272.87,273.75 1 1
github.com/justin/recipe/internal/models/builder.go:273.75,275.3 1 1
github.com/justin/recipe/internal/models/builder.go:275.8,277.3 1 1
github.com/justin/recipe/internal/models/builder.go:278.2,278.10 1 1
github.com/justin/recipe/internal/models/builder.go:282.94,283.74 1 1
github.com/justin/recipe/internal/models/builder.go:283.74,285.3 1 1
github.com/justin/recipe/internal/models/builder.go:285.8,287.3 1 1
github.com/justin/recipe/internal/models/builder.go:289.2,289.70 1 1
github.com/justin/recipe/internal/models/builder.go:289.70,291.3 1 1
github.com/justin/recipe/internal/models/builder.go:291.8,293.3 1 1
github.com/justin/recipe/internal/models/builder.go:295.2,295.72 1 1
github.com/justin/recipe/internal/models/builder.go:295.72,297.3 1 1
github.com/justin/recipe/internal/models/builder.go:297.8,299.3 1 1
github.com/justin/recipe/internal/models/builder.go:301.2,301.80 1 1
github.com/justin/recipe/internal/models/builder.go:301.80,303.3 1 1
github.com/justin/recipe/internal/models/builder.go:303.8,305.3 1 1
github.com/justin/recipe/internal/models/builder.go:307.2,307.10 1 1
github.com/justin/recipe/internal/models/builder.go:311.80,312.31 1 1
github.com/justin/recipe/internal/models/builder.go:312.31,313.75 1 1
github.com/justin/recipe/internal/models/builder.go:313.75,316.4 2 1
github.com/justin/recipe/internal/models/builder.go:318.2,319.10 2 1
github.com/justin/recipe/internal/models/builder.go:323.119,324.70 1 1
github.com/justin/recipe/internal/models/builder.go:324.70,326.3 1 1
github.com/justin/recipe/internal/models/builder.go:326.8,328.3 1 1
github.com/justin/recipe/internal/models/builder.go:330.2,330.89 1 1
github.com/justin/recipe/internal/models/builder.go:330.89,332.3 1 1
github.com/justin/recipe/internal/models/builder.go:332.8,334.3 1 1
github.com/justin/recipe/internal/models/builder.go:336.2,336.76 1 1
github.com/justin/recipe/internal/models/builder.go:336.76,338.3 1 1
github.com/justin/recipe/internal/models/builder.go:338.8,340.3 1 1
github.com/justin/recipe/internal/models/builder.go:342.2,342.95 1 1
github.com/justin/recipe/internal/models/builder.go:342.95,344.3 1 1
github.com/justin/recipe/internal/models/builder.go:344.8,346.3 1 1
github.com/justin/recipe/internal/models/builder.go:348.2,348.69 1 1
github.com/justin/recipe/internal/models/builder.go:348.69,350.3 1 1
github.com/justin/recipe/internal/models/builder.go:350.8,352.3 1 1
github.com/justin/recipe/internal/models/builder.go:354.2,354.10 1 1
github.com/justin/recipe/internal/models/builder.go:358.81,361.2 2 1
github.com/justin/recipe/internal/models/builder.go:364.79,365.75 1 1
github.com/justin/recipe/internal/models/builder.go:365.75,367.3 1 1
github.com/justin/recipe/internal/models/builder.go:367.8,369.3 1 1
github.com/justin/recipe/internal/models/builder.go:371.2,371.71 1 1
github.com/justin/recipe/internal/models/builder.go:371.71,373.3 1 1
github.com/justin/recipe/internal/models/builder.go:373.8,375.3 1 1
github.com/justin/recipe/internal/models/builder.go:377.2,377.81 1 1
github.com/justin/recipe/internal/models/builder.go:377.81,379.3 1 1
github.com/justin/recipe/internal/models/builder.go:379.8,381.3 1 1
github.com/justin/recipe/internal/models/builder.go:383.2,383.10 1 1
github.com/justin/recipe/internal/models/builder.go:387.95,388.70 1 1
github.com/justin/recipe/internal/models/builder.go:388.70,390.3 1 1
github.com/justin/recipe/internal/models/builder.go:390.8,392.3 1 1
github.com/justin/recipe/internal/models/builder.go:394.2,394.82 1 1
github.com/justin/recipe/internal/models/builder.go:394.82,396.3 1 1
github.com/justin/recipe/internal/models/builder.go:396.8,398.3 1 1
github.com/justin/recipe/internal/models/builder.go:400.2,400.76 1 1
github.com/justin/recipe/internal/models/builder.go:400.76,402.3 1 1
github.com/justin/recipe/internal/models/builder.go:402.8,404.3 1 1
github.com/justin/recipe/internal/models/builder.go:406.2,406.80 1 1
github.com/justin/recipe/internal/models/builder.go:406.80,408.3 1 1
github.com/justin/recipe/internal/models/builder.go:408.8,410.3 1 1
github.com/justin/recipe/internal/models/builder.go:412.2,412.10 1 1
github.com/justin/recipe/internal/models/builder.go:417.59,419.23 1 1
github.com/justin/recipe/internal/models/builder.go:419.23,421.3 1 1
github.com/justin/recipe/internal/models/builder.go:424.2,424.44 1 1
github.com/justin/recipe/internal/models/builder.go:424.44,426.3 1 0
github.com/justin/recipe/internal/models/builder.go:429.2,430.21 2 1
github.com/justin/recipe/internal/models/validation.go:8.44,9.33 1 1
github.com/justin/recipe/internal/models/validation.go:9.33,11.3 1 1
github.com/justin/recipe/internal/models/validation.go:12.2,12.12 1 1
github.com/justin/recipe/internal/models/validation.go:17.60,18.33 1 1
github.com/justin/recipe/internal/models/validation.go:18.33,20.3 1 1
github.com/justin/recipe/internal/models/validation.go:21.2,21.12 1 1
github.com/justin/recipe/internal/models/validation.go:26.68,27.30 1 1
github.com/justin/recipe/internal/models/validation.go:27.30,29.3 1 1
github.com/justin/recipe/internal/models/validation.go:30.2,30.12 1 1
github.com/justin/recipe/internal/models/validation.go:37.74,38.29 1 1
github.com/justin/recipe/internal/models/validation.go:38.29,40.3 1 1
github.com/justin/recipe/internal/models/validation.go:41.2,41.43 1 1
github.com/justin/recipe/internal/models/validation.go:41.43,43.3 1 1
github.com/justin/recipe/internal/models/validation.go:44.2,44.41 1 1
github.com/justin/recipe/internal/models/validation.go:44.41,46.3 1 1
github.com/justin/recipe/internal/models/validation.go:47.2,47.12 1 1
github.com/justin/recipe/internal/models/validation.go:51.45,52.28 1 1
github.com/justin/recipe/internal/models/validation.go:52.28,54.3 1 1
github.com/justin/recipe/internal/models/validation.go:55.2,55.12 1 1
github.com/justin/recipe/internal/models/validation.go:59.43,60.29 1 1
github.com/justin/recipe/internal/models/validation.go:60.29,62.3 1 1
github.com/justin/recipe/internal/models/validation.go:63.2,63.12 1 1
github.com/justin/recipe/internal/models/validation.go:67.49,68.33 1 1
github.com/justin/recipe/internal/models/validation.go:68.33,70.3 1 1
github.com/justin/recipe/internal/models/validation.go:71.2,71.12 1 1
github.com/justin/recipe/internal/models/validation.go:75.45,76.29 1 1
github.com/justin/recipe/internal/models/validation.go:76.29,78.3 1 1
github.com/justin/recipe/internal/models/validation.go:79.2,79.12 1 1
github.com/justin/recipe/internal/models/validation.go:83.38,84.29 1 1
github.com/justin/recipe/internal/models/validation.go:84.29,86.3 1 1
github.com/justin/recipe/internal/models/validation.go:87.2,87.12 1 1
github.com/justin/recipe/internal/models/validation.go:91.54,92.30 1 1
github.com/justin/recipe/internal/models/validation.go:92.30,94.3 1 1
github.com/justin/recipe/internal/models/validation.go:95.2,95.32 1 1
github.com/justin/recipe/internal/models/validation.go:95.32,97.3 1 1
github.com/justin/recipe/internal/models/validation.go:98.2,98.12 1 1
github.com/justin/recipe/internal/models/validation.go:102.56,103.30 1 1
github.com/justin/recipe/internal/models/validation.go:103.30,105.3 1 1
github.com/justin/recipe/internal/models/validation.go:106.2,106.12 1 1
github.com/justin/recipe/internal/models/validation.go:110.51,111.32 1 1
github.com/justin/recipe/internal/models/validation.go:111.32,113.3 1 1
github.com/justin/recipe/internal/models/validation.go:114.2,114.12 1 1
github.com/justin/recipe/internal/models/validation.go:118.36,119.33 1 1
github.com/justin/recipe/internal/models/validation.go:119.33,121.3 1 1
github.com/justin/recipe/internal/models/validation.go:122.2,122.12 1 1
github.com/justin/recipe/internal/models/validation.go:127.44,129.53 1 1
github.com/justin/recipe/internal/models/validation.go:129.53,131.3 1 1
github.com/justin/recipe/internal/models/validation.go:134.2,134.67 1 1
github.com/justin/recipe/internal/models/validation.go:134.67,136.3 1 1
github.com/justin/recipe/internal/models/validation.go:137.2,137.71 1 1
github.com/justin/recipe/internal/models/validation.go:137.71,139.3 1 1
github.com/justin/recipe/internal/models/validation.go:140.2,140.65 1 1
github.com/justin/recipe/internal/models/validation.go:140.65,142.3 1 1
github.com/justin/recipe/internal/models/validation.go:143.2,143.63 1 1
github.com/justin/recipe/internal/models/validation.go:143.63,145.3 1 1
github.com/justin/recipe/internal/models/validation.go:146.2,146.63 1 1
github.com/justin/recipe/internal/models/validation.go:146.63,148.3 1 1
github.com/justin/recipe/internal/models/validation.go:151.2,151.65 1 1
github.com/justin/recipe/internal/models/validation.go:151.65,153.3 1 1
github.com/justin/recipe/internal/models/validation.go:154.2,154.65 1 1
github.com/justin/recipe/internal/models/validation.go:154.65,156.3 1 1
github.com/justin/recipe/internal/models/validation.go:157.2,157.63 1 1
github.com/justin/recipe/internal/models/validation.go:157.63,159.3 1 1
github.com/justin/recipe/internal/models/validation.go:160.2,160.67 1 1
github.com/justin/recipe/internal/models/validation.go:160.67,162.3 1 1
github.com/justin/recipe/internal/models/validation.go:163.2,163.71 1 1
github.com/justin/recipe/internal/models/validation.go:163.71,165.3 1 1
github.com/justin/recipe/internal/models/validation.go:168.2,168.93 1 1
github.com/justin/recipe/internal/models/validation.go:168.93,170.3 1 1
github.com/justin/recipe/internal/models/validation.go:171.2,171.90 1 1
github.com/justin/recipe/internal/models/validation.go:171.90,173.3 1 1
github.com/justin/recipe/internal/models/validation.go:174.2,174.92 1 1
github.com/justin/recipe/internal/models/validation.go:174.92,176.3 1 1
github.com/justin/recipe/internal/models/validation.go:179.2,179.45 1 1
github.com/justin/recipe/internal/models/validation.go:179.45,181.3 1 1
github.com/justin/recipe/internal/models/validation.go:184.2,184.89 1 1
github.com/justin/recipe/internal/models/validation.go:184.89,186.3 1 1
github.com/justin/recipe/internal/models/validation.go:187.2,187.101 1 1
github.com/justin/recipe/internal/models/validation.go:187.101,189.3 1 1
github.com/justin/recipe/internal/models/validation.go:190.2,190.101 1 1
github.com/justin/recipe/internal/models/validation.go:190.101,192.3 1 1
github.com/justin/recipe/internal/models/validation.go:193.2,193.97 1 1
github.com/justin/recipe/internal/models/validation.go:193.97,195.3 1 1
github.com/justin/recipe/internal/models/validation.go:196.2,196.93 1 1
github.com/justin/recipe/internal/models/validation.go:196.93,198.3 1 1
github.com/justin/recipe/internal/models/validation.go:199.2,199.93 1 1
github.com/justin/recipe/internal/models/validation.go:199.93,201.3 1 1
github.com/justin/recipe/internal/models/validation.go:202.2,202.101 1 1
github.com/justin/recipe/internal/models/validation.go:202.101,204.3 1 1
github.com/justin/recipe/internal/models/validation.go:205.2,205.105 1 1
github.com/justin/recipe/internal/models/validation.go:205.105,207.3 1 1
github.com/justin/recipe/internal/models/validation.go:210.2,210.85 1 1
github.com/justin/recipe/internal/models/validation.go:210.85,212.3 1 1
github.com/justin/recipe/internal/models/validation.go:213.2,213.81 1 1
github.com/justin/recipe/internal/models/validation.go:213.81,215.3 1 1
github.com/justin/recipe/internal/models/validation.go:216.2,216.83 1 1
github.com/justin/recipe/internal/models/validation.go:216.83,218.3 1 1
github.com/justin/recipe/internal/models/validation.go:219.2,219.91 1 1
github.com/justin/recipe/internal/models/validation.go:219.91,221.3 1 1
github.com/justin/recipe/internal/models/validation.go:222.2,222.102 1 1
github.com/justin/recipe/internal/models/validation.go:222.102,224.3 1 1
github.com/justin/recipe/internal/models/validation.go:225.2,225.104 1 1
github.com/justin/recipe/internal/models/validation.go:225.104,227.3 1 1
github.com/justin/recipe/internal/models/validation.go:228.2,228.108 1 1
github.com/justin/recipe/internal/models/validation.go:228.108,230.3 1 1
github.com/justin/recipe/internal/models/validation.go:233.2,233.37 1 1
github.com/justin/recipe/internal/models/validation.go:233.37,234.75 1 1
github.com/justin/recipe/internal/models/validation.go:234.75,236.4 1 1
github.com/justin/recipe/internal/models/validation.go:238.2,238.40 1 1
github.com/justin/recipe/internal/models/validation.go:238.40,239.75 1 1
github.com/justin/recipe/internal/models/validation.go:239.75,241.4 1 1
github.com/justin/recipe/internal/models/validation.go:243.2,243.42 1 1
github.com/justin/recipe/internal/models/validation.go:243.42,244.75 1 1
github.com/justin/recipe/internal/models/validation.go:244.75,246.4 1 1
github.com/justin/recipe/internal/models/validation.go:248.2,248.41 1 1
github.com/justin/recipe/internal/models/validation.go:248.41,249.75 1 1
github.com/justin/recipe/internal/models/validation.go:249.75,251.4 1 1
github.com/justin/recipe/internal/models/validation.go:255.2,255.77 1 1
github.com/justin/recipe/internal/models/validation.go:255.77,257.3 1 1
github.com/justin/recipe/internal/models/validation.go:258.2,258.103 1 1
github.com/justin/recipe/internal/models/validation.go:258.103,260.3 1 1
github.com/justin/recipe/internal/models/validation.go:261.2,261.83 1 1
github.com/justin/recipe/internal/models/validation.go:261.83,263.3 1 1
github.com/justin/recipe/internal/models/validation.go:264.2,264.109 1 1
github.com/justin/recipe/internal/models/validation.go:264.109,266.3 1 1
github.com/justin/recipe/internal/models/validation.go:267.2,267.76 1 1
github.com/justin/recipe/internal/models/validation.go:267.76,269.3 1 1
github.com/justin/recipe/internal/models/validation.go:272.2,272.82 1 1
github.com/justin/recipe/internal/models/validation.go:272.82,274.3 1 1
github.com/justin/recipe/internal/models/validation.go:275.2,275.78 1 1
github.com/justin/recipe/internal/models/validation.go:275.78,277.3 1 1
github.com/justin/recipe/internal/models/validation.go:278.2,278.88 1 1
github.com/justin/recipe/internal/models/validation.go:278.88,280.3 1 1
github.com/justin/recipe/internal/models/validation.go:283.2,283.80 1 1
github.com/justin/recipe/internal/models/validation.go:283.80,285.3 1 1
github.com/justin/recipe/internal/models/validation.go:286.2,286.92 1 1
github.com/justin/recipe/internal/models/validation.go:286.92,288.3 1 1
github.com/justin/recipe/internal/models/validation.go:289.2,289.86 1 1
github.com/justin/recipe/internal/models/validation.go:289.86,291.3 1 1
github.com/justin/recipe/internal/models/validation.go:292.2,292.90 1 1
github.com/justin/recipe/internal/models/validation.go:292.90,294.3 1 1
github.com/justin/recipe/internal/models/validation.go:296.2,296.12 1 1
github.com/justin/recipe/internal/inspect/binary.go:102.61,104.21 1 1
github.com/justin/recipe/internal/inspect/binary.go:104.21,109.3 1 1
github.com/justin/recipe/internal/inspect/binary.go:113.2,117.20 3 1
github.com/justin/recipe/internal/inspect/binary.go:117.20,118.57 1 1
github.com/justin/recipe/internal/inspect/binary.go:118.57,122.4 2 1
github.com/justin/recipe/internal/inspect/binary.go:126.2,126.48 1 1
github.com/justin/recipe/internal/inspect/binary.go:126.48,130.51 2 1
github.com/justin/recipe/internal/inspect/binary.go:130.51,133.30 2 1
github.com/justin/recipe/internal/inspect/binary.go:133.30,135.5 1 1
github.com/justin/recipe/internal/inspect/binary.go:137.4,137.24 1 1
github.com/justin/recipe/internal/inspect/binary.go:137.24,139.5 1 1
github.com/justin/recipe/internal/inspect/binary.go:139.10,141.5 1 1
github.com/justin/recipe/internal/inspect/binary.go:142.9,145.4 1 1
github.com/justin/recipe/internal/inspect/binary.go:148.2,148.30 1 1
github.com/justin/recipe/internal/inspect/binary.go:152.42,153.16 1 1
github.com/justin/recipe/internal/inspect/binary.go:154.13,155.15 1 1
github.com/justin/recipe/internal/inspect/binary.go:156.20,157.15 1 1
github.com/justin/recipe/internal/inspect/binary.go:158.10,159.16 1 0
github.com/justin/recipe/internal/inspect/binary.go:165.63,167.2 1 1
github.com/justin/recipe/internal/inspect/binary.go:169.60,170.39 1 1
github.com/justin/recipe/internal/inspect/binary.go:170.39,174.3 2 1
github.com/justin/recipe/internal/inspect/binary.go:175.2,175.11 1 0
github.com/justin/recipe/internal/inspect/binary.go:178.63,179.41 1 1
github.com/justin/recipe/internal/inspect/binary.go:179.41,183.34 3 1
github.com/justin/recipe/internal/inspect/binary.go:183.34,184.17 1 1
github.com/justin/recipe/internal/inspect/binary.go:184.17,186.10 2 1
github.com/justin/recipe/internal/inspect/binary.go:189.3,189.19 1 1
github.com/justin/recipe/internal/inspect/binary.go:189.19,191.4 1 1
github.com/justin/recipe/internal/inspect/binary.go:192.3,193.37 2 1
github.com/justin/recipe/internal/inspect/binary.go:195.2,195.11 1 0
github.com/justin/recipe/internal/inspect/binary.go:198.61,202.2 2 1
github.com/justin/recipe/internal/inspect/binary.go:204.62,208.14 1 1
github.com/justin/recipe/internal/inspect/binary.go:208.14,210.3 1 1
github.com/justin/recipe/internal/inspect/binary.go:211.2,212.63 2 1
github.com/justin/recipe/internal/inspect/binary.go:215.63,220.14 2 1
github.com/justin/recipe/internal/inspect/binary.go:220.14,222.3 1 1
github.com/justin/recipe/internal/inspect/binary.go:223.2,223.64 1 1
github.com/justin/recipe/internal/inspect/binary.go:226.56,231.14 2 1
github.com/justin/recipe/internal/inspect/binary.go:231.14,233.3 1 1
github.com/justin/recipe/internal/inspect/binary.go:234.2,234.57 1 1
github.com/justin/recipe/internal/inspect/binary.go:237.62,240.22 1 1
github.com/justin/recipe/internal/inspect/binary.go:240.22,242.3 1 1
github.com/justin/recipe/internal/inspect/binary.go:243.2,243.11 1 0
github.com/justin/recipe/internal/inspect/binary.go:246.62,249.22 1 1
github.com/justin/recipe/internal/inspect/binary.go:249.22,251.3 1 1
github.com/justin/recipe/internal/inspect/binary.go:252.2,252.11 1 0
github.com/justin/recipe/internal/inspect/diff.go:35.94,36.38 1 1
github.com/justin/recipe/internal/inspect/diff.go:36.38,38.3 1 1
github.com/justin/recipe/internal/inspect/diff.go:40.2,48.37 5 1
github.com/justin/recipe/internal/inspect/diff.go:48.37,52.26 2 1
github.com/justin/recipe/internal/inspect/diff.go:52.26,53.12 1 0
github.com/justin/recipe/internal/inspect/diff.go:56.3,61.18 4 1
github.com/justin/recipe/internal/inspect/diff.go:61.18,63.4 1 1
github.com/justin/recipe/internal/inspect/diff.go:66.2,66.21 1 1
github.com/justin/recipe/internal/inspect/diff.go:70.95,72.21 1 1
github.com/justin/recipe/internal/inspect/diff.go:73.19,76.17 3 1
github.com/justin/recipe/internal/inspect/diff.go:76.17,84.4 1 1
github.com/justin/recipe/internal/inspect/diff.go:86.23,89.36 3 1
github.com/justin/recipe/internal/inspect/diff.go:89.36,97.4 1 1
github.com/justin/recipe/internal/inspect/diff.go:99.22,102.17 3 1
github.com/justin/recipe/internal/inspect/diff.go:102.17,110.4 1 1
github.com/justin/recipe/internal/inspect/diff.go:112.19,114.35 1 1
github.com/justin/recipe/internal/inspect/diff.go:114.35,116.4 1 1
github.com/justin/recipe/internal/inspect/diff.go:117.3,117.36 1 1
github.com/justin/recipe/internal/inspect/diff.go:117.36,125.4 1 1
github.com/justin/recipe/internal/inspect/diff.go:126.3,126.36 1 1
github.com/justin/recipe/internal/inspect/diff.go:126.36,134.4 1 1
github.com/justin/recipe/internal/inspect/diff.go:136.3,136.71 1 0
github.com/justin/recipe/internal/inspect/diff.go:138.22,140.58 1 1
github.com/justin/recipe/internal/inspect/diff.go:142.21,144.57 1 1
github.com/justin/recipe/internal/inspect/diff.go:146.19,148.44 1 1
github.com/justin/recipe/internal/inspect/diff.go:151.2,151.12 1 1
github.com/justin/recipe/internal/inspect/diff.go:155.96,161.39 4 1
github.com/justin/recipe/internal/inspect/diff.go:161.39,162.31 1 1
github.com/justin/recipe/internal/inspect/diff.go:162.31,163.12 1 0
github.com/justin/recipe/internal/inspect/diff.go:166.3,171.18 5 1
github.com/justin/recipe/internal/inspect/diff.go:171.18,174.4 2 1
github.com/justin/recipe/internal/inspect/diff.go:177.2,177.16 1 1
github.com/justin/recipe/internal/inspect/diff.go:177.16,185.3 1 1
github.com/justin/recipe/internal/inspect/diff.go:187.2,187.12 1 1
github.com/justin/recipe/internal/inspect/diff.go:191.95,196.28 3 1
github.com/justin/recipe/internal/inspect/diff.go:196.28,198.3 1 1
github.com/justin/recipe/internal/inspect/diff.go:201.2,201.18 1 1
github.com/justin/recipe/internal/inspect/diff.go:201.18,209.3 1 1
github.com/justin/recipe/internal/inspect/diff.go:212.2,212.28 1 0
github.com/justin/recipe/internal/inspect/diff.go:212.28,217.37 3 0
github.com/justin/recipe/internal/inspect/diff.go:217.37,218.105 1 0
github.com/justin/recipe/internal/inspect/diff.go:218.105,226.5 1 0
github.com/justin/recipe/internal/inspect/diff.go:227.9,228.64 1 0
github.com/justin/recipe/internal/inspect/diff.go:228.64,236.5 1 0
github.com/justin/recipe/internal/inspect/diff.go:240.2,240.12 1 0
github.com/justin/recipe/internal/inspect/diff.go:244.74,249.28 3 1
github.com/justin/recipe/internal/inspect/diff.go:249.28,251.3 1 1
github.com/justin/recipe/internal/inspect/diff.go:254.2,258.30 3 1
github.com/justin/recipe/internal/inspect/diff.go:258.30,266.3 1 0
github.com/justin/recipe/internal/inspect/diff.go:269.2,269.28 1 1
github.com/justin/recipe/internal/inspect/diff.go:269.28,273.74 3 1
github.com/justin/recipe/internal/inspect/diff.go:273.74,281.4 1 1
github.com/justin/recipe/internal/inspect/diff.go:284.2,284.12 1 0
github.com/justin/recipe/internal/inspect/diff.go:288.49,290.14 1 1
github.com/justin/recipe/internal/inspect/diff.go:290.14,292.3 1 1
github.com/justin/recipe/internal/inspect/diff.go:295.2,297.29 2 1
github.com/justin/recipe/internal/inspect/diff.go:303.70,304.23 1 1
github.com/justin/recipe/internal/inspect/diff.go:304.23,306.3 1 1
github.com/justin/recipe/internal/inspect/diff.go:308.2,312.28 3 1
github.com/justin/recipe/internal/inspect/diff.go:312.28,313.23 1 1
github.com/justin/recipe/internal/inspect/diff.go:314.19,315.34 1 1
github.com/justin/recipe/internal/inspect/diff.go:316.16,317.28 1 1
github.com/justin/recipe/internal/inspect/diff.go:318.18,319.32 1 0
github.com/justin/recipe/internal/inspect/diff.go:320.20,321.36 1 0
github.com/justin/recipe/internal/inspect/diff.go:326.2,326.23 1 1
github.com/justin/recipe/internal/inspect/diff.go:326.23,328.30 2 1
github.com/justin/recipe/internal/inspect/diff.go:328.30,330.21 2 1
github.com/justin/recipe/internal/inspect/diff.go:330.21,332.5 1 1
github.com/justin/recipe/internal/inspect/diff.go:333.4,333.16 1 1
github.com/justin/recipe/internal/inspect/diff.go:333.16,335.5 1 0
github.com/justin/recipe/internal/inspect/diff.go:336.4,336.31 1 1
github.com/justin/recipe/internal/inspect/diff.go:338.3,338.23 1 1
github.com/justin/recipe/internal/inspect/diff.go:342.2,342.20 1 1
github.com/justin/recipe/internal/inspect/diff.go:342.20,344.27 2 1
github.com/justin/recipe/internal/inspect/diff.go:344.27,346.16 2 1
github.com/justin/recipe/internal/inspect/diff.go:346.16,348.5 1 0
github.com/justin/recipe/internal/inspect/diff.go:349.4,349.31 1 1
github.com/justin/recipe/internal/inspect/diff.go:351.3,351.23 1 1
github.com/justin/recipe/internal/inspect/diff.go:355.2,355.22 1 1
github.com/justin/recipe/internal/inspect/diff.go:355.22,357.29 2 0
github.com/justin/recipe/internal/inspect/diff.go:357.29,359.16 2 0
github.com/justin/recipe/internal/inspect/diff.go:359.16,361.5 1 0
github.com/justin/recipe/internal/inspect/diff.go:362.4,362.31 1 0
github.com/justin/recipe/internal/inspect/diff.go:364.3,364.23 1 0
github.com/justin/recipe/internal/inspect/diff.go:368.2,368.35 1 1
github.com/justin/recipe/internal/inspect/diff.go:368.35,370.31 2 0
github.com/justin/recipe/internal/inspect/diff.go:370.31,373.4 2 0
github.com/justin/recipe/internal/inspect/diff.go:374.3,374.23 1 0
github.com/justin/recipe/internal/inspect/diff.go:378.2,379.29 2 1
github.com/justin/recipe/internal/inspect/diff.go:379.29,380.20 1 1
github.com/justin/recipe/internal/inspect/diff.go:380.20,382.4 1 1
github.com/justin/recipe/internal/inspect/diff.go:385.2,386.26 2 1
github.com/justin/recipe/internal/inspect/diff.go:386.26,388.3 1 1
github.com/justin/recipe/internal/inspect/diff.go:389.2,390.13 2 1
github.com/justin/recipe/internal/inspect/diff.go:390.13,392.3 1 0
github.com/justin/recipe/internal/inspect/diff.go:394.2,396.20 2 1
github.com/justin/recipe/internal/inspect/diff.go:400.40,401.14 1 1
github.com/justin/recipe/internal/inspect/diff.go:401.14,403.3 1 1
github.com/justin/recipe/internal/inspect/diff.go:405.2,405.25 1 1
github.com/justin/recipe/internal/inspect/diff.go:406.15,407.34 1 1
github.com/justin/recipe/internal/inspect/diff.go:408.13,409.32 1 1
github.com/justin/recipe/internal/inspect/diff.go:410.10,411.32 1 1
github.com/justin/recipe/internal/inspect/diff.go:425.52,427.19 2 0
github.com/justin/recipe/internal/inspect/diff.go:428.15,429.21 1 0
github.com/justin/recipe/internal/inspect/diff.go:430.17,431.19 1 0
github.com/justin/recipe/internal/inspect/diff.go:432.21,433.34 1 0
github.com/justin/recipe/internal/inspect/diff.go:434.10,435.14 1 0
github.com/justin/recipe/internal/inspect/diff.go:438.2,438.34 1 0
github.com/justin/recipe/internal/inspect/inspect.go:15.61,16.19 1 1
github.com/justin/recipe/internal/inspect/inspect.go:16.19,18.3 1 1
github.com/justin/recipe/internal/inspect/inspect.go:20.2,21.16 2 1
github.com/justin/recipe/internal/inspect/inspect.go:21.16,23.3 1 0
github.com/justin/recipe/internal/inspect/inspect.go:25.2,25.23 1 1
github.com/justin/recipe/internal/inspect/inspect.go:38.109,39.19 1 1
github.com/justin/recipe/internal/inspect/inspect.go:39.19,41.3 1 1
github.com/justin/recipe/internal/inspect/inspect.go:44.2,56.16 3 1
github.com/justin/recipe/internal/inspect/inspect.go:56.16,58.3 1 0
github.com/justin/recipe/internal/inspect/inspect.go:60.2,60.23 1 1
github.com/justin/recipe/internal/formats/xmp/generate.go:59.63,61.19 1 1
github.com/justin/recipe/internal/formats/xmp/generate.go:61.19,67.3 1 1
github.com/justin/recipe/internal/formats/xmp/generate.go:70.2,70.47 1 1
github.com/justin/recipe/internal/formats/xmp/generate.go:70.47,72.3 1 1
github.com/justin/recipe/internal/formats/xmp/generate.go:75.2,79.16 3 1
github.com/justin/recipe/internal/formats/xmp/generate.go:79.16,85.3 1 0
github.com/justin/recipe/internal/formats/xmp/generate.go:88.2,91.20 3 1
github.com/justin/recipe/internal/formats/xmp/generate.go:96.59,98.53 1 1
github.com/justin/recipe/internal/formats/xmp/generate.go:98.53,105.3 1 1
github.com/justin/recipe/internal/formats/xmp/generate.go:108.2,108.78 1 1
github.com/justin/recipe/internal/formats/xmp/generate.go:108.78,110.3 1 1
github.com/justin/recipe/internal/formats/xmp/generate.go:111.2,111.82 1 1
github.com/justin/recipe/internal/formats/xmp/generate.go:111.82,113.3 1 1
github.com/justin/recipe/internal/formats/xmp/generate.go:114.2,114.76 1 1
github.com/justin/recipe/internal/formats/xmp/generate.go:114.76,116.3 1 1
github.com/justin/recipe/internal/formats/xmp/generate.go:117.2,117.74 1 1
github.com/justin/recipe/internal/formats/xmp/generate.go:117.74,119.3 1 1
github.com/justin/recipe/internal/formats/xmp/generate.go:120.2,120.74 1 1
github.com/justin/recipe/internal/formats/xmp/generate.go:120.74,122.3 1 1
github.com/justin/recipe/internal/formats/xmp/generate.go:125.2,125.82 1 1
github.com/justin/recipe/internal/formats/xmp/generate.go:125.82,127.3 1 1
github.com/justin/recipe/internal/formats/xmp/generate.go:128.2,128.78 1 1
github.com/justin/recipe/internal/formats/xmp/generate.go:128.78,130.3 1 1
github.com/justin/recipe/internal/formats/xmp/generate.go:131.2,131.76 1 1
github.com/justin/recipe/internal/formats/xmp/generate.go:131.76,133.3 1 1
github.com/justin/recipe/internal/formats/xmp/generate.go:134.2,134.77 1 1
github.com/justin/recipe/internal/formats/xmp/generate.go:134.77,136.3 1 1
github.com/justin/recipe/internal/formats/xmp/generate.go:139.2,139.31 1 1
github.com/justin/recipe/internal/formats/xmp/generate.go:139.31,140.64 1 1
github.com/justin/recipe/internal/formats/xmp/generate.go:140.64,147.4 1 0
github.com/justin/recipe/internal/formats/xmp/generate.go:150.2,150.70 1 1
github.com/justin/recipe/internal/formats/xmp/generate.go:150.70,152.3 1 1
github.com/justin/recipe/internal/formats/xmp/generate.go:155.2,169.31 2 1
github.com/justin/recipe/internal/formats/xmp/generate.go:169.31,170.106 1 1
github.com/justin/recipe/internal/formats/xmp/generate.go:170.106,172.4 1 1
github.com/justin/recipe/internal/formats/xmp/generate.go:173.3,173.120 1 1
github.com/justin/recipe/internal/formats/xmp/generate.go:173.120,175.4 1 1
github.com/justin/recipe/internal/formats/xmp/generate.go:176.3,176.118 1 1
github.com/justin/recipe/internal/formats/xmp/generate.go:176.118,178.4 1 1
github.com/justin/recipe/internal/formats/xmp/generate.go:182.2,182.87 1 1
github.com/justin/recipe/internal/formats/xmp/generate.go:182.87,184.3 1 1
github.com/justin/recipe/internal/formats/xmp/generate.go:185.2,185.101 1 1
github.com/justin/recipe/internal/formats/xmp/generate.go:185.101,187.3 1 1
github.com/justin/recipe/internal/formats/xmp/generate.go:188.2,188.93 1 1
github.com/justin/recipe/internal/formats/xmp/generate.go:188.93,190.3 1 1
github.com/justin/recipe/internal/formats/xmp/generate.go:191.2,191.107 1 1
github.com/justin/recipe/internal/formats/xmp/generate.go:191.107,193.3 1 1
github.com/justin/recipe/internal/formats/xmp/generate.go:194.2,194.86 1 1
[...]
github.com/justin/recipe/internal/formats/lrtemplate/parse.go:473.2,473.71 1 1
github.com/justin/recipe/internal/formats/lrtemplate/parse.go:473.71,475.3 1 1
github.com/justin/recipe/internal/formats/lrtemplate/parse.go:476.2,476.69 1 1
github.com/justin/recipe/internal/formats/lrtemplate/parse.go:476.69,478.3 1 1
github.com/justin/recipe/internal/formats/lrtemplate/parse.go:479.2,479.69 1 1
github.com/justin/recipe/internal/formats/lrtemplate/parse.go:479.69,481.3 1 1
github.com/justin/recipe/internal/formats/lrtemplate/parse.go:482.2,482.73 1 1
github.com/justin/recipe/internal/formats/lrtemplate/parse.go:482.73,484.3 1 1
github.com/justin/recipe/internal/formats/lrtemplate/parse.go:485.2,485.75 1 1
github.com/justin/recipe/internal/formats/lrtemplate/parse.go:485.75,487.3 1 1
github.com/justin/recipe/internal/formats/lrtemplate/parse.go:490.2,490.96 1 1
github.com/justin/recipe/internal/formats/lrtemplate/parse.go:490.96,492.3 1 0
github.com/justin/recipe/internal/formats/lrtemplate/parse.go:493.2,493.110 1 1
github.com/justin/recipe/internal/formats/lrtemplate/parse.go:493.110,495.3 1 1
github.com/justin/recipe/internal/formats/lrtemplate/parse.go:496.2,496.102 1 1
github.com/justin/recipe/internal/formats/lrtemplate/parse.go:496.102,498.3 1 1
github.com/justin/recipe/internal/formats/lrtemplate/parse.go:499.2,499.116 1 1
github.com/justin/recipe/internal/formats/lrtemplate/parse.go:499.116,501.3 1 0
github.com/justin/recipe/internal/formats/lrtemplate/parse.go:502.2,502.95 1 1
github.com/justin/recipe/internal/formats/lrtemplate/parse.go:502.95,504.3 1 0
github.com/justin/recipe/internal/formats/lrtemplate/parse.go:507.2,507.41 1 1
github.com/justin/recipe/internal/formats/lrtemplate/parse.go:507.41,508.43 1 1
github.com/justin/recipe/internal/formats/lrtemplate/parse.go:508.43,515.4 1 0
github.com/justin/recipe/internal/formats/lrtemplate/parse.go:516.3,516.45 1 1
github.com/justin/recipe/internal/formats/lrtemplate/parse.go:516.45,523.4 1 0
github.com/justin/recipe/internal/formats/lrtemplate/parse.go:527.2,527.84 1 1
github.com/justin/recipe/internal/formats/lrtemplate/parse.go:527.84,529.3 1 0
github.com/justin/recipe/internal/formats/lrtemplate/parse.go:530.2,530.80 1 1
github.com/justin/recipe/internal/formats/lrtemplate/parse.go:530.80,532.3 1 0
github.com/justin/recipe/internal/formats/lrtemplate/parse.go:535.2,535.93 1 1
github.com/justin/recipe/internal/formats/lrtemplate/parse.go:535.93,537.3 1 0
github.com/justin/recipe/internal/formats/lrtemplate/parse.go:538.2,538.94 1 1
github.com/justin/recipe/internal/formats/lrtemplate/parse.go:538.94,540.3 1 0
github.com/justin/recipe/internal/formats/lrtemplate/parse.go:542.2,542.12 1 1
github.com/justin/recipe/internal/formats/lrtemplate/parse.go:546.68,548.16 1 1
github.com/justin/recipe/internal/formats/lrtemplate/parse.go:548.16,550.3 1 1
github.com/justin/recipe/internal/formats/lrtemplate/parse.go:552.2,552.32 1 1
github.com/justin/recipe/internal/formats/lrtemplate/parse.go:552.32,559.3 1 1
github.com/justin/recipe/internal/formats/lrtemplate/parse.go:560.2,560.12 1 1
github.com/justin/recipe/internal/formats/lrtemplate/parse.go:564.84,565.106 1 1
github.com/justin/recipe/internal/formats/lrtemplate/parse.go:565.106,567.3 1 1
github.com/justin/recipe/internal/formats/lrtemplate/parse.go:568.2,568.120 1 1
github.com/justin/recipe/internal/formats/lrtemplate/parse.go:568.120,570.3 1 1
github.com/justin/recipe/internal/formats/lrtemplate/parse.go:571.2,571.118 1 1
github.com/justin/recipe/internal/formats/lrtemplate/parse.go:571.118,573.3 1 1
github.com/justin/recipe/internal/formats/lrtemplate/parse.go:574.2,574.12 1 1
github.com/justin/recipe/internal/formats/lrtemplate/parse.go:578.72,627.29 2 1
github.com/justin/recipe/internal/formats/lrtemplate/parse.go:627.29,629.3 1 1
github.com/justin/recipe/internal/formats/lrtemplate/parse.go:631.2,631.15 1 1
github.com/justin/recipe/cmd/cli/batch.go:46.13,62.2 11 1
github.com/justin/recipe/cmd/cli/batch.go:64.56,81.49 3 0
github.com/justin/recipe/cmd/cli/batch.go:81.49,83.3 1 0
github.com/justin/recipe/cmd/cli/batch.go:86.2,87.16 2 0
github.com/justin/recipe/cmd/cli/batch.go:87.16,89.3 1 0
github.com/justin/recipe/cmd/cli/batch.go:90.2,90.21 1 0
github.com/justin/recipe/cmd/cli/batch.go:90.21,92.3 1 0
github.com/justin/recipe/cmd/cli/batch.go:95.2,96.16 2 0
github.com/justin/recipe/cmd/cli/batch.go:96.16,98.3 1 0
github.com/justin/recipe/cmd/cli/batch.go:101.2,104.27 2 0
github.com/justin/recipe/cmd/cli/batch.go:104.27,106.3 1 0
github.com/justin/recipe/cmd/cli/batch.go:108.2,108.12 1 0
github.com/justin/recipe/cmd/cli/batch.go:112.75,123.24 4 1
github.com/justin/recipe/cmd/cli/batch.go:123.24,125.3 1 1
github.com/justin/recipe/cmd/cli/batch.go:126.2,139.34 8 1
github.com/justin/recipe/cmd/cli/batch.go:139.34,142.3 2 1
github.com/justin/recipe/cmd/cli/batch.go:145.2,145.29 1 1
github.com/justin/recipe/cmd/cli/batch.go:145.29,147.3 1 1
github.com/justin/recipe/cmd/cli/batch.go:148.2,165.20 8 1
github.com/justin/recipe/cmd/cli/batch.go:177.3,180.30 2 1
github.com/justin/recipe/cmd/cli/batch.go:180.30,182.10 1 1
github.com/justin/recipe/cmd/cli/batch.go:183.19,184.10 1 0
github.com/justin/recipe/cmd/cli/batch.go:185.11,185.11 0 1
github.com/justin/recipe/cmd/cli/batch.go:189.3,201.18 5 1
github.com/justin/recipe/cmd/cli/batch.go:201.18,203.4 1 1
github.com/justin/recipe/cmd/cli/batch.go:206.3,206.40 1 1
github.com/justin/recipe/cmd/cli/batch.go:206.40,208.4 1 0
github.com/justin/recipe/cmd/cli/batch.go:213.85,223.24 4 1
github.com/justin/recipe/cmd/cli/batch.go:223.24,226.17 3 1
github.com/justin/recipe/cmd/cli/batch.go:226.17,230.4 3 0
github.com/justin/recipe/cmd/cli/batch.go:231.8,233.54 1 1
github.com/justin/recipe/cmd/cli/batch.go:233.54,237.4 3 0
github.com/justin/recipe/cmd/cli/batch.go:239.2,243.27 3 1
github.com/justin/recipe/cmd/cli/batch.go:243.27,247.3 2 1
github.com/justin/recipe/cmd/cli/batch.go:247.8,250.3 1 1
github.com/justin/recipe/cmd/cli/batch.go:251.2,254.71 2 1
github.com/justin/recipe/cmd/cli/batch.go:254.71,258.3 3 1
github.com/justin/recipe/cmd/cli/batch.go:261.2,262.16 2 1
github.com/justin/recipe/cmd/cli/batch.go:262.16,266.3 3 0
github.com/justin/recipe/cmd/cli/batch.go:269.2,270.16 2 1
github.com/justin/recipe/cmd/cli/batch.go:270.16,274.3 3 1
github.com/justin/recipe/cmd/cli/batch.go:277.2,277.52 1 1
github.com/justin/recipe/cmd/cli/batch.go:277.52,281.3 3 0
github.com/justin/recipe/cmd/cli/batch.go:284.2,284.68 1 1
github.com/justin/recipe/cmd/cli/batch.go:284.68,288.3 3 0
github.com/justin/recipe/cmd/cli/batch.go:291.2,294.15 4 1
github.com/justin/recipe/cmd/cli/batch.go:298.88,304.30 2 1
github.com/justin/recipe/cmd/cli/batch.go:304.30,308.21 3 1
github.com/justin/recipe/cmd/cli/batch.go:308.21,310.4 1 1
github.com/justin/recipe/cmd/cli/batch.go:310.9,312.4 1 1
github.com/justin/recipe/cmd/cli/batch.go:315.2,315.14 1 1
github.com/justin/recipe/cmd/cli/batch.go:319.60,322.2 2 0
github.com/justin/recipe/cmd/cli/batch.go:324.54,327.2 2 0
github.com/justin/recipe/cmd/cli/batch.go:329.56,332.2 2 0
github.com/justin/recipe/cmd/cli/convert.go:35.58,46.49 7 0
github.com/justin/recipe/cmd/cli/convert.go:46.49,48.3 1 0
github.com/justin/recipe/cmd/cli/convert.go:51.2,60.22 3 0
github.com/justin/recipe/cmd/cli/convert.go:60.22,64.17 4 0
github.com/justin/recipe/cmd/cli/convert.go:64.17,70.4 4 0
github.com/justin/recipe/cmd/cli/convert.go:71.3,71.75 1 0
github.com/justin/recipe/cmd/cli/convert.go:72.8,74.52 1 0
github.com/justin/recipe/cmd/cli/convert.go:74.52,80.4 5 0
github.com/justin/recipe/cmd/cli/convert.go:82.2,85.22 2 0
github.com/justin/recipe/cmd/cli/convert.go:85.22,87.3 1 0
github.com/justin/recipe/cmd/cli/convert.go:88.2,91.65 2 0
github.com/justin/recipe/cmd/cli/convert.go:91.65,96.3 4 0
github.com/justin/recipe/cmd/cli/convert.go:99.2,101.16 3 0
github.com/justin/recipe/cmd/cli/convert.go:101.16,106.3 4 0
github.com/justin/recipe/cmd/cli/convert.go:111.2,113.38 3 0
github.com/justin/recipe/cmd/cli/convert.go:113.38,119.21 3 0
github.com/justin/recipe/cmd/cli/convert.go:119.21,122.4 2 0
github.com/justin/recipe/cmd/cli/convert.go:126.2,129.16 3 0
github.com/justin/recipe/cmd/cli/convert.go:129.16,135.3 4 0
github.com/justin/recipe/cmd/cli/convert.go:138.2,141.52 2 0
github.com/justin/recipe/cmd/cli/convert.go:141.52,146.3 4 0
github.com/justin/recipe/cmd/cli/convert.go:149.2,150.68 2 0
github.com/justin/recipe/cmd/cli/convert.go:150.68,155.3 4 0
github.com/justin/recipe/cmd/cli/convert.go:158.2,172.12 6 0
github.com/justin/recipe/cmd/cli/convert.go:177.64,181.2 3 1
github.com/justin/recipe/cmd/cli/convert.go:185.65,186.16 1 1
github.com/justin/recipe/cmd/cli/convert.go:186.16,187.48 1 1
github.com/justin/recipe/cmd/cli/convert.go:187.48,189.4 1 1
github.com/justin/recipe/cmd/cli/convert.go:191.2,191.12 1 1
github.com/justin/recipe/cmd/cli/convert.go:196.47,199.2 2 1
github.com/justin/recipe/cmd/cli/convert.go:203.36,207.16 3 1
github.com/justin/recipe/cmd/cli/convert.go:207.16,209.3 1 1
github.com/justin/recipe/cmd/cli/convert.go:209.8,209.23 1 1
github.com/justin/recipe/cmd/cli/convert.go:209.23,211.3 1 1
github.com/justin/recipe/cmd/cli/convert.go:211.8,213.3 1 1
github.com/justin/recipe/cmd/cli/convert.go:218.45,219.21 1 1
github.com/justin/recipe/cmd/cli/convert.go:219.21,221.3 1 1
github.com/justin/recipe/cmd/cli/convert.go:221.8,223.3 1 1
github.com/justin/recipe/cmd/cli/convert.go:226.13,237.2 6 1
github.com/justin/recipe/cmd/cli/convert.go:241.58,242.19 1 0
github.com/justin/recipe/cmd/cli/convert.go:242.19,244.3 1 0
github.com/justin/recipe/cmd/cli/convert.go:246.2,250.38 4 0
github.com/justin/recipe/cmd/cli/convert.go:250.38,256.77 3 0
github.com/justin/recipe/cmd/cli/convert.go:256.77,257.12 1 0
github.com/justin/recipe/cmd/cli/convert.go:261.3,261.26 1 0
github.com/justin/recipe/cmd/cli/convert.go:261.26,263.4 1 0
github.com/justin/recipe/cmd/cli/convert.go:266.2,266.14 1 0
github.com/justin/recipe/cmd/cli/convert.go:270.40,271.18 1 0
github.com/justin/recipe/cmd/cli/convert.go:272.78,273.22 1 0
github.com/justin/recipe/cmd/cli/convert.go:274.40,275.24 1 0
github.com/justin/recipe/cmd/cli/convert.go:276.22,277.26 1 0
github.com/justin/recipe/cmd/cli/convert.go:278.38,279.19 1 0
github.com/justin/recipe/cmd/cli/convert.go:280.34,281.22 1 0
github.com/justin/recipe/cmd/cli/convert.go:282.22,284.37 1 0
github.com/justin/recipe/cmd/cli/convert.go:284.37,285.32 1 0
github.com/justin/recipe/cmd/cli/convert.go:285.32,287.5 1 0
github.com/justin/recipe/cmd/cli/convert.go:289.3,289.14 1 0
github.com/justin/recipe/cmd/cli/convert.go:290.10,291.15 1 0
github.com/justin/recipe/cmd/cli/convert.go:297.79,298.19 1 0
github.com/justin/recipe/cmd/cli/convert.go:298.19,300.3 1 0
github.com/justin/recipe/cmd/cli/convert.go:302.2,305.26 2 0
github.com/justin/recipe/cmd/cli/convert.go:305.26,307.3 1 0
github.com/justin/recipe/cmd/cli/convert.go:308.2,308.26 1 0
github.com/justin/recipe/cmd/cli/convert.go:308.26,310.3 1 0
github.com/justin/recipe/cmd/cli/convert.go:311.2,311.28 1 0
github.com/justin/recipe/cmd/cli/convert.go:311.28,313.3 1 0
github.com/justin/recipe/cmd/cli/convert.go:314.2,314.25 1 0
github.com/justin/recipe/cmd/cli/convert.go:314.25,316.3 1 0
github.com/justin/recipe/cmd/cli/convert.go:317.2,317.28 1 0
github.com/justin/recipe/cmd/cli/convert.go:317.28,319.3 1 0
github.com/justin/recipe/cmd/cli/convert.go:320.2,320.26 1 0
github.com/justin/recipe/cmd/cli/convert.go:320.26,322.3 1 0
github.com/justin/recipe/cmd/cli/convert.go:323.2,323.25 1 0
github.com/justin/recipe/cmd/cli/convert.go:323.25,325.3 1 0
github.com/justin/recipe/cmd/cli/convert.go:326.2,326.27 1 0
github.com/justin/recipe/cmd/cli/convert.go:326.27,328.3 1 0
github.com/justin/recipe/cmd/cli/convert.go:329.2,329.31 1 0
github.com/justin/recipe/cmd/cli/convert.go:329.31,331.3 1 0
github.com/justin/recipe/cmd/cli/convert.go:332.2,332.22 1 0
github.com/justin/recipe/cmd/cli/convert.go:332.22,334.3 1 0
github.com/justin/recipe/cmd/cli/convert.go:337.2,337.25 1 0
github.com/justin/recipe/cmd/cli/convert.go:337.25,341.3 3 0
github.com/justin/recipe/cmd/cli/convert.go:343.2,343.22 1 0
github.com/justin/recipe/cmd/cli/convert.go:343.22,345.3 1 0
github.com/justin/recipe/cmd/cli/convert.go:347.2,347.35 1 0
github.com/justin/recipe/cmd/cli/convert.go:353.84,354.16 1 0
github.com/justin/recipe/cmd/cli/convert.go:355.27,356.26 1 0
github.com/justin/recipe/cmd/cli/convert.go:357.27,358.26 1 0
github.com/justin/recipe/cmd/cli/convert.go:359.34,360.33 1 0
github.com/justin/recipe/cmd/cli/convert.go:361.10,362.55 1 0
github.com/justin/recipe/cmd/cli/diff.go:34.13,43.2 5 1
github.com/justin/recipe/cmd/cli/diff.go:45.55,56.42 7 0
github.com/justin/recipe/cmd/cli/diff.go:56.42,58.3 1 0
github.com/justin/recipe/cmd/cli/diff.go:61.2,61.54 1 0
github.com/justin/recipe/cmd/cli/diff.go:61.54,63.3 1 0
github.com/justin/recipe/cmd/cli/diff.go:64.2,64.54 1 0
github.com/justin/recipe/cmd/cli/diff.go:64.54,66.3 1 0
github.com/justin/recipe/cmd/cli/diff.go:69.2,71.16 3 0
github.com/justin/recipe/cmd/cli/diff.go:71.16,73.3 1 0
github.com/justin/recipe/cmd/cli/diff.go:75.2,76.16 2 0
github.com/justin/recipe/cmd/cli/diff.go:76.16,78.3 1 0
github.com/justin/recipe/cmd/cli/diff.go:81.2,82.16 2 0
github.com/justin/recipe/cmd/cli/diff.go:82.16,84.3 1 0
github.com/justin/recipe/cmd/cli/diff.go:85.2,88.16 3 0
github.com/justin/recipe/cmd/cli/diff.go:88.16,90.3 1 0
github.com/justin/recipe/cmd/cli/diff.go:91.2,95.16 3 0
github.com/justin/recipe/cmd/cli/diff.go:95.16,97.3 1 0
github.com/justin/recipe/cmd/cli/diff.go:99.2,100.16 2 0
github.com/justin/recipe/cmd/cli/diff.go:100.16,102.3 1 0
github.com/justin/recipe/cmd/cli/diff.go:105.2,107.16 3 0
github.com/justin/recipe/cmd/cli/diff.go:107.16,109.3 1 0
github.com/justin/recipe/cmd/cli/diff.go:112.2,115.22 2 0
github.com/justin/recipe/cmd/cli/diff.go:115.22,117.3 1 0
github.com/justin/recipe/cmd/cli/diff.go:120.2,128.20 4 0
github.com/justin/recipe/cmd/cli/diff.go:128.20,130.3 1 0
github.com/justin/recipe/cmd/cli/diff.go:132.2,132.12 1 0
github.com/justin/recipe/cmd/cli/diff.go:136.91,142.16 4 0
github.com/justin/recipe/cmd/cli/diff.go:143.17,144.32 1 0
github.com/justin/recipe/cmd/cli/diff.go:145.17,146.32 1 0
github.com/justin/recipe/cmd/cli/diff.go:147.24,148.39 1 0
github.com/justin/recipe/cmd/cli/diff.go:149.10,150.59 1 0
github.com/justin/recipe/cmd/cli/diff.go:153.2,153.16 1 0
github.com/justin/recipe/cmd/cli/diff.go:153.16,155.3 1 0
github.com/justin/recipe/cmd/cli/diff.go:157.2,157.20 1 0
github.com/justin/recipe/cmd/cli/diff.go:161.92,167.28 4 0
github.com/justin/recipe/cmd/cli/diff.go:167.28,168.34 1 0
github.com/justin/recipe/cmd/cli/diff.go:168.34,170.21 2 0
github.com/justin/recipe/cmd/cli/diff.go:170.21,172.5 1 0
github.com/justin/recipe/cmd/cli/diff.go:173.9,173.21 1 0
github.com/justin/recipe/cmd/cli/diff.go:173.21,175.4 1 0
github.com/justin/recipe/cmd/cli/diff.go:179.2,188.13 2 0
github.com/justin/recipe/cmd/cli/diff.go:188.13,190.3 1 0
github.com/justin/recipe/cmd/cli/diff.go:193.2,194.16 2 0
github.com/justin/recipe/cmd/cli/diff.go:194.16,196.3 1 0
github.com/justin/recipe/cmd/cli/diff.go:198.2,199.12 2 0
github.com/justin/recipe/cmd/cli/diff.go:206.28,208.33 1 0
github.com/justin/recipe/cmd/cli/diff.go:208.33,210.3 1 0
github.com/justin/recipe/cmd/cli/diff.go:213.2,213.45 1 0
github.com/justin/recipe/cmd/cli/format.go:46.52,49.13 2 1
github.com/justin/recipe/cmd/cli/format.go:50.14,51.24 1 1
github.com/justin/recipe/cmd/cli/format.go:52.14,53.24 1 1
github.com/justin/recipe/cmd/cli/format.go:54.21,55.31 1 1
github.com/justin/recipe/cmd/cli/format.go:56.10,57.87 1 1
github.com/justin/recipe/cmd/cli/format.go:58.10,59.94 1 1
github.com/justin/recipe/cmd/cli/format.go:84.57,88.16 2 1
github.com/justin/recipe/cmd/cli/format.go:88.16,91.3 1 1
github.com/justin/recipe/cmd/cli/format.go:92.2,92.20 1 1
github.com/justin/recipe/cmd/cli/format.go:107.42,108.16 1 1
github.com/justin/recipe/cmd/cli/format.go:109.46,110.13 1 1
github.com/justin/recipe/cmd/cli/format.go:111.10,113.51 1 1
github.com/justin/recipe/cmd/cli/inspect.go:45.13,52.2 4 1
github.com/justin/recipe/cmd/cli/inspect.go:54.58,64.16 6 1
github.com/justin/recipe/cmd/cli/inspect.go:64.16,66.3 1 1
github.com/justin/recipe/cmd/cli/inspect.go:69.2,71.16 3 1
github.com/justin/recipe/cmd/cli/inspect.go:71.16,73.3 1 1
github.com/justin/recipe/cmd/cli/inspect.go:74.2,79.16 3 1
github.com/justin/recipe/cmd/cli/inspect.go:79.16,84.17 3 0
github.com/justin/recipe/cmd/cli/inspect.go:84.17,86.4 1 0
github.com/justin/recipe/cmd/cli/inspect.go:88.3,88.32 1 0
github.com/justin/recipe/cmd/cli/inspect.go:89.8,94.17 3 1
github.com/justin/recipe/cmd/cli/inspect.go:94.17,101.4 1 1
github.com/justin/recipe/cmd/cli/inspect.go:104.3,106.17 3 1
github.com/justin/recipe/cmd/cli/inspect.go:106.17,108.4 1 0
github.com/justin/recipe/cmd/cli/inspect.go:110.3,110.26 1 1
github.com/justin/recipe/cmd/cli/inspect.go:114.2,114.22 1 1
github.com/justin/recipe/cmd/cli/inspect.go:114.22,119.53 2 1
github.com/justin/recipe/cmd/cli/inspect.go:119.53,121.4 1 0
github.com/justin/recipe/cmd/cli/inspect.go:124.3,124.69 1 1
github.com/justin/recipe/cmd/cli/inspect.go:124.69,126.4 1 0
github.com/justin/recipe/cmd/cli/inspect.go:129.3,129.17 1 1
github.com/justin/recipe/cmd/cli/inspect.go:129.17,131.4 1 0
github.com/justin/recipe/cmd/cli/inspect.go:131.9,133.4 1 1
github.com/justin/recipe/cmd/cli/inspect.go:135.3,135.93 1 1
github.com/justin/recipe/cmd/cli/inspect.go:136.8,141.3 2 1
github.com/justin/recipe/cmd/cli/inspect.go:143.2,143.12 1 1
github.com/justin/recipe/cmd/cli/inspect.go:147.40,148.12 1 1
github.com/justin/recipe/cmd/cli/inspect.go:148.12,150.3 1 0
github.com/justin/recipe/cmd/cli/inspect.go:151.2,151.15 1 1
github.com/justin/recipe/cmd/cli/inspect.go:156.78,157.16 1 1
github.com/justin/recipe/cmd/cli/inspect.go:158.27,159.26 1 1
github.com/justin/recipe/cmd/cli/inspect.go:160.27,161.26 1 1
github.com/justin/recipe/cmd/cli/inspect.go:162.34,163.33 1 0
github.com/justin/recipe/cmd/cli/inspect.go:164.10,165.59 1 0
github.com/justin/recipe/cmd/cli/logging.go:19.44,24.13 2 1
github.com/justin/recipe/cmd/cli/logging.go:24.13,26.3 1 1
github.com/justin/recipe/cmd/cli/logging.go:28.2,29.26 2 1
github.com/justin/recipe/cmd/cli/main.go:7.13,8.34 1 0
github.com/justin/recipe/cmd/cli/main.go:8.34,11.3 1 0
github.com/justin/recipe/cmd/cli/main.go:12.2,12.12 1 0
github.com/justin/recipe/cmd/cli/output.go:36.42,39.2 2 0
github.com/justin/recipe/cmd/cli/output.go:42.69,43.14 1 0
github.com/justin/recipe/cmd/cli/output.go:43.14,46.17 2 0
github.com/justin/recipe/cmd/cli/output.go:46.17,50.4 2 0
github.com/justin/recipe/cmd/cli/output.go:51.3,51.40 1 0
github.com/justin/recipe/cmd/cli/output.go:52.8,54.21 1 0
github.com/justin/recipe/cmd/cli/output.go:54.21,62.32 4 0
github.com/justin/recipe/cmd/cli/output.go:62.32,64.45 2 0
github.com/justin/recipe/cmd/cli/output.go:64.45,66.6 1 0
github.com/justin/recipe/cmd/cli/output.go:68.9,71.4 1 0
github.com/justin/recipe/cmd/cli/output.go:76.59,77.14 1 0
github.com/justin/recipe/cmd/cli/output.go:77.14,80.17 2 0
github.com/justin/recipe/cmd/cli/output.go:80.17,84.4 2 0
github.com/justin/recipe/cmd/cli/output.go:85.3,85.40 1 0
github.com/justin/recipe/cmd/cli/output.go:86.8,88.23 1 0
github.com/justin/recipe/cmd/cli/output.go:88.23,90.4 1 0
github.com/justin/recipe/cmd/cli/output.go:93.3,98.28 2 0
github.com/justin/recipe/cmd/cli/output.go:98.28,100.37 2 0
github.com/justin/recipe/cmd/cli/output.go:100.37,101.19 1 0
github.com/justin/recipe/cmd/cli/output.go:101.19,103.6 1 0
github.com/justin/recipe/cmd/cli/output.go:110.42,112.21 2 1
github.com/justin/recipe/cmd/cli/output.go:112.21,114.3 1 1
github.com/justin/recipe/cmd/cli/output.go:115.2,115.42 1 1
github.com/justin/recipe/cmd/cli/root.go:37.47,40.3 1 0
github.com/justin/recipe/cmd/cli/root.go:43.13,54.2 4 1
github.com/justin/recipe/cmd/cli/root.go:58.22,60.69 1 0
github.com/justin/recipe/cmd/cli/root.go:60.69,63.3 2 0
github.com/justin/recipe/cmd/cli/root.go:65.2,65.26 1 0
