mode: set
github.com/justin/recipe/internal/formats/lrtemplate/parse.go:44.42,45.19 1 1
github.com/justin/recipe/internal/formats/lrtemplate/parse.go:45.19,47.3 1 1
github.com/justin/recipe/internal/formats/lrtemplate/parse.go:48.2,48.65 1 1
github.com/justin/recipe/internal/formats/lrtemplate/parse.go:52.42,54.2 1 1
github.com/justin/recipe/internal/formats/lrtemplate/parse.go:139.58,141.51 1 1
github.com/justin/recipe/internal/formats/lrtemplate/parse.go:141.51,147.3 1 1
github.com/justin/recipe/internal/formats/lrtemplate/parse.go:150.2,151.16 2 1
github.com/justin/recipe/internal/formats/lrtemplate/parse.go:151.16,153.3 1 0
github.com/justin/recipe/internal/formats/lrtemplate/parse.go:156.2,156.51 1 1
github.com/justin/recipe/internal/formats/lrtemplate/parse.go:156.51,158.3 1 1
github.com/justin/recipe/internal/formats/lrtemplate/parse.go:161.2,163.20 2 1
github.com/justin/recipe/internal/formats/lrtemplate/parse.go:167.46,169.20 1 1
github.com/justin/recipe/internal/formats/lrtemplate/parse.go:169.20,171.3 1 1
github.com/justin/recipe/internal/formats/lrtemplate/parse.go:174.2,175.42 2 1
github.com/justin/recipe/internal/formats/lrtemplate/parse.go:175.42,177.3 1 1
github.com/justin/recipe/internal/formats/lrtemplate/parse.go:180.2,180.37 1 1
github.com/justin/recipe/internal/formats/lrtemplate/parse.go:180.37,182.3 1 1
github.com/justin/recipe/internal/formats/lrtemplate/parse.go:184.2,184.12 1 1
github.com/justin/recipe/internal/formats/lrtemplate/parse.go:235.68,314.16 30 1
github.com/justin/recipe/internal/formats/lrtemplate/parse.go:314.16,321.3 1 0
github.com/justin/recipe/internal/formats/lrtemplate/parse.go:324.2,331.20 5 1
github.com/justin/recipe/internal/formats/lrtemplate/parse.go:336.76,338.22 2 1
github.com/justin/recipe/internal/formats/lrtemplate/parse.go:338.22,340.3 1 1
github.com/justin/recipe/internal/formats/lrtemplate/parse.go:342.2,343.16 2 1
github.com/justin/recipe/internal/formats/lrtemplate/parse.go:343.16,346.3 1 0
github.com/justin/recipe/internal/formats/lrtemplate/parse.go:348.2,348.12 1 1
github.com/justin/recipe/internal/formats/lrtemplate/parse.go:353.84,355.22 2 1
github.com/justin/recipe/internal/formats/lrtemplate/parse.go:355.22,357.3 1 1
github.com/justin/recipe/internal/formats/lrtemplate/parse.go:359.2,360.16 2 1
github.com/justin/recipe/internal/formats/lrtemplate/parse.go:360.16,363.3 1 0
github.com/justin/recipe/internal/formats/lrtemplate/parse.go:365.2,365.12 1 1
github.com/justin/recipe/internal/formats/lrtemplate/parse.go:370.69,372.22 2 1
github.com/justin/recipe/internal/formats/lrtemplate/parse.go:372.22,374.3 1 1
github.com/justin/recipe/internal/formats/lrtemplate/parse.go:377.2,381.30 4 1
github.com/justin/recipe/internal/formats/lrtemplate/parse.go:381.30,383.20 2 1
github.com/justin/recipe/internal/formats/lrtemplate/parse.go:383.20,385.4 1 1
github.com/justin/recipe/internal/formats/lrtemplate/parse.go:389.2,390.40 2 1
github.com/justin/recipe/internal/formats/lrtemplate/parse.go:390.40,392.17 2 1
github.com/justin/recipe/internal/formats/lrtemplate/parse.go:392.17,394.4 1 0
github.com/justin/recipe/internal/formats/lrtemplate/parse.go:396.3,397.17 2 1
github.com/justin/recipe/internal/formats/lrtemplate/parse.go:397.17,399.4 1 0
github.com/justin/recipe/internal/formats/lrtemplate/parse.go:401.3,404.5 1 1
github.com/justin/recipe/internal/formats/lrtemplate/parse.go:407.2,407.20 1 1
github.com/justin/recipe/internal/formats/lrtemplate/parse.go:411.61,413.53 1 1
github.com/justin/recipe/internal/formats/lrtemplate/parse.go:413.53,420.3 1 1
github.com/justin/recipe/internal/formats/lrtemplate/parse.go:423.2,423.85 1 1
github.com/justin/recipe/internal/formats/lrtemplate/parse.go:423.85,425.3 1 1
github.com/justin/recipe/internal/formats/lrtemplate/parse.go:426.2,426.89 1 1
github.com/justin/recipe/internal/formats/lrtemplate/parse.go:426.89,428.3 1 1
github.com/justin/recipe/internal/formats/lrtemplate/parse.go:429.2,429.83 1 1
github.com/justin/recipe/internal/formats/lrtemplate/parse.go:429.83,431.3 1 1
github.com/justin/recipe/internal/formats/lrtemplate/parse.go:432.2,432.81 1 1
github.com/justin/recipe/internal/formats/lrtemplate/parse.go:432.81,434.3 1 1
github.com/justin/recipe/internal/formats/lrtemplate/parse.go:435.2,435.81 1 1
github.com/justin/recipe/internal/formats/lrtemplate/parse.go:435.81,437.3 1 1
github.com/justin/recipe/internal/formats/lrtemplate/parse.go:438.2,438.85 1 1
github.com/justin/recipe/internal/formats/lrtemplate/parse.go:438.85,440.3 1 1
github.com/justin/recipe/internal/formats/lrtemplate/parse.go:441.2,441.81 1 1
github.com/justin/recipe/internal/formats/lrtemplate/parse.go:441.81,443.3 1 1
github.com/justin/recipe/internal/formats/lrtemplate/parse.go:444.2,444.83 1 1
github.com/justin/recipe/internal/formats/lrtemplate/parse.go:444.83,446.3 1 1
github.com/justin/recipe/internal/formats/lrtemplate/parse.go:447.2,447.73 1 1
github.com/justin/recipe/internal/formats/lrtemplate/parse.go:447.73,449.3 1 1
github.com/justin/recipe/internal/formats/lrtemplate/parse.go:452.2,452.80 1 1
github.com/justin/recipe/internal/formats/lrtemplate/parse.go:452.80,454.3 1 1
github.com/justin/recipe/internal/formats/lrtemplate/parse.go:457.2,457.29 1 1
github.com/justin/recipe/internal/formats/lrtemplate/parse.go:457.29,458.90 1 1
github.com/justin/recipe/internal/formats/lrtemplate/parse.go:458.90,460.4 1 1
github.com/justin/recipe/internal/formats/lrtemplate/parse.go:464.2,464.67 1 1
github.com/justin/recipe/internal/formats/lrtemplate/parse.go:464.67,466.3 1 1
github.com/justin/recipe/internal/formats/lrtemplate/parse.go:467.2,467.73 1 1
github.com/justin/recipe/internal/formats/lrtemplate/parse.go:467.73,469.3 1 1
github.com/justin/recipe/internal/formats/lrtemplate/parse.go:470.2,470.73 1 1
github.com/justin/recipe/internal/formats/lrtemplate/parse.go:470.73,472.3 1 1
github.com/justin/recipe/internal/formats/lrtemplate/parse.go:473.2,473.71 1 1
github.com/justin/recipe/internal/formats/lrtemplate/parse.go:473.71,475.3 1 0
github.com/justin/recipe/internal/formats/lrtemplate/parse.go:476.2,476.69 1 1
github.com/justin/recipe/internal/formats/lrtemplate/parse.go:476.69,478.3 1 0
github.com/justin/recipe/internal/formats/lrtemplate/parse.go:479.2,479.69 1 1
github.com/justin/recipe/internal/formats/lrtemplate/parse.go:479.69,481.3 1 0
github.com/justin/recipe/internal/formats/lrtemplate/parse.go:482.2,482.73 1 1
github.com/justin/recipe/internal/formats/lrtemplate/parse.go:482.73,484.3 1 0
github.com/justin/recipe/internal/formats/lrtemplate/parse.go:485.2,485.75 1 1
github.com/justin/recipe/internal/formats/lrtemplate/parse.go:485.75,487.3 1 0
github.com/justin/recipe/internal/formats/lrtemplate/parse.go:490.2,490.96 1 1
github.com/justin/recipe/internal/formats/lrtemplate/parse.go:490.96,492.3 1 0
github.com/justin/recipe/internal/formats/lrtemplate/parse.go:493.2,493.110 1 1
github.com/justin/recipe/internal/formats/lrtemplate/parse.go:493.110,495.3 1 1
github.com/justin/recipe/internal/formats/lrtemplate/parse.go:496.2,496.102 1 1
github.com/justin/recipe/internal/formats/lrtemplate/parse.go:496.102,498.3 1 1
github.com/justin/recipe/internal/formats/lrtemplate/parse.go:499.2,499.116 1 1
github.com/justin/recipe/internal/formats/lrtemplate/parse.go:499.116,501.3 1 0
github.com/justin/recipe/internal/formats/lrtemplate/parse.go:502.2,502.95 1 1
github.com/justin/recipe/internal/formats/lrtemplate/parse.go:502.95,504.3 1 0
github.com/justin/recipe/internal/formats/lrtemplate/parse.go:507.2,507.41 1 1
github.com/justin/recipe/internal/formats/lrtemplate/parse.go:507.41,508.43 1 1
github.com/justin/recipe/internal/formats/lrtemplate/parse.go:508.43,515.4 1 0
github.com/justin/recipe/internal/formats/lrtemplate/parse.go:516.3,516.45 1 1
github.com/justin/recipe/internal/formats/lrtemplate/parse.go:516.45,523.4 1 0
github.com/justin/recipe/internal/formats/lrtemplate/parse.go:527.2,527.84 1 1
github.com/justin/recipe/internal/formats/lrtemplate/parse.go:527.84,529.3 1 0
github.com/justin/recipe/internal/formats/lrtemplate/parse.go:530.2,530.80 1 1
github.com/justin/recipe/internal/formats/lrtemplate/parse.go:530.80,532.3 1 0
github.com/justin/recipe/internal/formats/lrtemplate/parse.go:535.2,535.93 1 1
github.com/justin/recipe/internal/formats/lrtemplate/parse.go:535.93,537.3 1 0
github.com/justin/recipe/internal/formats/lrtemplate/parse.go:538.2,538.94 1 1
github.com/justin/recipe/internal/formats/lrtemplate/parse.go:538.94,540.3 1 0
github.com/justin/recipe/internal/formats/lrtemplate/parse.go:542.2,542.12 1 1
github.com/justin/recipe/internal/formats/lrtemplate/parse.go:546.68,548.16 1 1
github.com/justin/recipe/internal/formats/lrtemplate/parse.go:548.16,550.3 1 1
github.com/justin/recipe/internal/formats/lrtemplate/parse.go:552.2,552.32 1 1
github.com/justin/recipe/internal/formats/lrtemplate/parse.go:552.32,559.3 1 1
github.com/justin/recipe/internal/formats/lrtemplate/parse.go:560.2,560.12 1 1
github.com/justin/recipe/internal/formats/lrtemplate/parse.go:564.84,565.106 1 1
github.com/justin/recipe/internal/formats/lrtemplate/parse.go:565.106,567.3 1 1
github.com/justin/recipe/internal/formats/lrtemplate/parse.go:568.2,568.120 1 1
github.com/justin/recipe/internal/formats/lrtemplate/parse.go:568.120,570.3 1 1
github.com/justin/recipe/internal/formats/lrtemplate/parse.go:571.2,571.118 1 1
github.com/justin/recipe/internal/formats/lrtemplate/parse.go:571.118,573.3 1 1
github.com/justin/recipe/internal/formats/lrtemplate/parse.go:574.2,574.12 1 1
github.com/justin/recipe/internal/formats/lrtemplate/parse.go:578.72,627.29 2 1
github.com/justin/recipe/internal/formats/lrtemplate/parse.go:627.29,629.3 1 1
github.com/justin/recipe/internal/formats/lrtemplate/parse.go:631.2,631.15 1 1
