mode: set
github.com/justin/recipe/internal/formats/np3/generate.go:29.63,31.19 1 1
github.com/justin/recipe/internal/formats/np3/generate.go:31.19,33.3 1 1
github.com/justin/recipe/internal/formats/np3/generate.go:36.2,37.16 2 1
github.com/justin/recipe/internal/formats/np3/generate.go:37.16,39.3 1 0
github.com/justin/recipe/internal/formats/np3/generate.go:42.2,42.51 1 1
github.com/justin/recipe/internal/formats/np3/generate.go:42.51,44.3 1 0
github.com/justin/recipe/internal/formats/np3/generate.go:47.2,48.16 2 1
github.com/justin/recipe/internal/formats/np3/generate.go:48.16,50.3 1 0
github.com/justin/recipe/internal/formats/np3/generate.go:52.2,52.18 1 1
github.com/justin/recipe/internal/formats/np3/generate.go:63.85,70.27 3 1
github.com/justin/recipe/internal/formats/np3/generate.go:70.27,72.3 1 1
github.com/justin/recipe/internal/formats/np3/generate.go:77.2,78.25 2 1
github.com/justin/recipe/internal/formats/np3/generate.go:78.25,80.3 1 0
github.com/justin/recipe/internal/formats/np3/generate.go:80.8,80.33 1 1
github.com/justin/recipe/internal/formats/np3/generate.go:80.33,82.3 1 0
github.com/justin/recipe/internal/formats/np3/generate.go:87.2,88.27 2 1
github.com/justin/recipe/internal/formats/np3/generate.go:88.27,90.3 1 0
github.com/justin/recipe/internal/formats/np3/generate.go:90.8,90.35 1 1
github.com/justin/recipe/internal/formats/np3/generate.go:90.35,92.3 1 0
github.com/justin/recipe/internal/formats/np3/generate.go:96.2,98.29 2 1
github.com/justin/recipe/internal/formats/np3/generate.go:98.29,100.3 1 1
github.com/justin/recipe/internal/formats/np3/generate.go:100.8,100.37 1 1
github.com/justin/recipe/internal/formats/np3/generate.go:100.37,102.3 1 1
github.com/justin/recipe/internal/formats/np3/generate.go:106.2,108.20 2 1
github.com/justin/recipe/internal/formats/np3/generate.go:124.77,137.22 4 1
github.com/justin/recipe/internal/formats/np3/generate.go:137.22,139.26 2 1
github.com/justin/recipe/internal/formats/np3/generate.go:139.26,141.4 1 1
github.com/justin/recipe/internal/formats/np3/generate.go:142.3,142.31 1 1
github.com/justin/recipe/internal/formats/np3/generate.go:148.2,160.29 4 1
github.com/justin/recipe/internal/formats/np3/generate.go:160.29,162.3 1 0
github.com/justin/recipe/internal/formats/np3/generate.go:163.2,163.24 1 1
github.com/justin/recipe/internal/formats/np3/generate.go:176.65,184.28 2 1
github.com/justin/recipe/internal/formats/np3/generate.go:184.28,187.3 1 1
github.com/justin/recipe/internal/formats/np3/generate.go:187.8,190.3 2 1
github.com/justin/recipe/internal/formats/np3/generate.go:193.2,193.28 1 1
github.com/justin/recipe/internal/formats/np3/generate.go:193.28,195.3 1 1
github.com/justin/recipe/internal/formats/np3/generate.go:200.2,204.28 3 1
github.com/justin/recipe/internal/formats/np3/generate.go:204.28,206.3 1 1
github.com/justin/recipe/internal/formats/np3/generate.go:211.2,215.28 3 1
github.com/justin/recipe/internal/formats/np3/generate.go:215.28,217.3 1 1
github.com/justin/recipe/internal/formats/np3/generate.go:233.57,240.21 2 1
github.com/justin/recipe/internal/formats/np3/generate.go:240.21,242.3 1 1
github.com/justin/recipe/internal/formats/np3/generate.go:244.2,244.22 1 1
github.com/justin/recipe/internal/formats/np3/generate.go:244.22,246.3 1 0
github.com/justin/recipe/internal/formats/np3/generate.go:249.2,250.53 2 1
github.com/justin/recipe/internal/formats/np3/generate.go:250.53,257.3 4 1
github.com/justin/recipe/internal/formats/np3/generate.go:259.2,259.15 1 1
github.com/justin/recipe/internal/formats/np3/generate.go:275.75,284.26 3 1
github.com/justin/recipe/internal/formats/np3/generate.go:284.26,290.27 2 1
github.com/justin/recipe/internal/formats/np3/generate.go:290.27,292.4 1 1
github.com/justin/recipe/internal/formats/np3/generate.go:298.2,299.25 2 1
github.com/justin/recipe/internal/formats/np3/generate.go:299.25,301.3 1 1
github.com/justin/recipe/internal/formats/np3/generate.go:304.2,305.23 2 1
github.com/justin/recipe/internal/formats/np3/generate.go:305.23,307.3 1 1
github.com/justin/recipe/internal/formats/np3/generate.go:308.2,308.24 1 1
github.com/justin/recipe/internal/formats/np3/generate.go:308.24,310.3 1 1
github.com/justin/recipe/internal/formats/np3/generate.go:313.2,314.57 2 1
github.com/justin/recipe/internal/formats/np3/generate.go:314.57,319.3 3 1
github.com/justin/recipe/internal/formats/np3/parse.go:53.58,55.52 1 1
github.com/justin/recipe/internal/formats/np3/parse.go:55.52,57.3 1 1
github.com/justin/recipe/internal/formats/np3/parse.go:60.2,61.16 2 1
github.com/justin/recipe/internal/formats/np3/parse.go:61.16,63.3 1 0
github.com/justin/recipe/internal/formats/np3/parse.go:66.2,66.51 1 1
github.com/justin/recipe/internal/formats/np3/parse.go:66.51,68.3 1 0
github.com/justin/recipe/internal/formats/np3/parse.go:71.2,72.16 2 1
github.com/justin/recipe/internal/formats/np3/parse.go:72.16,74.3 1 0
github.com/justin/recipe/internal/formats/np3/parse.go:76.2,76.20 1 1
github.com/justin/recipe/internal/formats/np3/parse.go:80.47,82.29 1 1
github.com/justin/recipe/internal/formats/np3/parse.go:82.29,84.3 1 1
github.com/justin/recipe/internal/formats/np3/parse.go:87.2,87.33 1 1
github.com/justin/recipe/internal/formats/np3/parse.go:87.33,89.3 1 0
github.com/justin/recipe/internal/formats/np3/parse.go:91.2,91.31 1 1
github.com/justin/recipe/internal/formats/np3/parse.go:91.31,92.19 1 1
github.com/justin/recipe/internal/formats/np3/parse.go:92.19,94.4 1 1
github.com/justin/recipe/internal/formats/np3/parse.go:97.2,97.12 1 1
github.com/justin/recipe/internal/formats/np3/parse.go:147.61,152.21 2 1
github.com/justin/recipe/internal/formats/np3/parse.go:152.21,156.31 3 1
github.com/justin/recipe/internal/formats/np3/parse.go:156.31,157.14 1 1
github.com/justin/recipe/internal/formats/np3/parse.go:157.14,159.10 2 1
github.com/justin/recipe/internal/formats/np3/parse.go:162.3,162.19 1 1
github.com/justin/recipe/internal/formats/np3/parse.go:162.19,164.4 1 1
github.com/justin/recipe/internal/formats/np3/parse.go:166.3,168.29 3 1
github.com/justin/recipe/internal/formats/np3/parse.go:168.29,169.27 1 1
github.com/justin/recipe/internal/formats/np3/parse.go:169.27,171.5 1 1
github.com/justin/recipe/internal/formats/np3/parse.go:173.3,173.21 1 1
github.com/justin/recipe/internal/formats/np3/parse.go:178.2,179.21 2 1
github.com/justin/recipe/internal/formats/np3/parse.go:179.21,180.28 1 1
github.com/justin/recipe/internal/formats/np3/parse.go:180.28,183.26 2 1
github.com/justin/recipe/internal/formats/np3/parse.go:183.26,186.16 2 1
github.com/justin/recipe/internal/formats/np3/parse.go:186.16,188.6 1 1
github.com/justin/recipe/internal/formats/np3/parse.go:188.11,190.6 1 1
github.com/justin/recipe/internal/formats/np3/parse.go:191.5,195.7 1 1
github.com/justin/recipe/internal/formats/np3/parse.go:202.2,203.22 2 1
github.com/justin/recipe/internal/formats/np3/parse.go:203.22,204.50 1 1
github.com/justin/recipe/internal/formats/np3/parse.go:204.50,205.24 1 1
github.com/justin/recipe/internal/formats/np3/parse.go:205.24,206.10 1 1
github.com/justin/recipe/internal/formats/np3/parse.go:208.4,210.34 2 1
github.com/justin/recipe/internal/formats/np3/parse.go:210.34,217.5 1 1
github.com/justin/recipe/internal/formats/np3/parse.go:223.2,224.21 2 1
github.com/justin/recipe/internal/formats/np3/parse.go:224.21,225.50 1 1
github.com/justin/recipe/internal/formats/np3/parse.go:225.50,226.24 1 1
github.com/justin/recipe/internal/formats/np3/parse.go:226.24,227.10 1 0
github.com/justin/recipe/internal/formats/np3/parse.go:229.4,231.26 2 1
github.com/justin/recipe/internal/formats/np3/parse.go:231.26,237.5 1 1
github.com/justin/recipe/internal/formats/np3/parse.go:243.2,245.20 2 1
github.com/justin/recipe/internal/formats/np3/parse.go:253.130,259.25 3 1
github.com/justin/recipe/internal/formats/np3/parse.go:259.25,261.3 1 1
github.com/justin/recipe/internal/formats/np3/parse.go:261.8,261.33 1 1
github.com/justin/recipe/internal/formats/np3/parse.go:261.33,263.3 1 0
github.com/justin/recipe/internal/formats/np3/parse.go:268.2,270.27 3 1
github.com/justin/recipe/internal/formats/np3/parse.go:270.27,272.3 1 0
github.com/justin/recipe/internal/formats/np3/parse.go:272.8,272.35 1 1
github.com/justin/recipe/internal/formats/np3/parse.go:272.35,274.3 1 0
github.com/justin/recipe/internal/formats/np3/parse.go:278.2,280.31 3 1
github.com/justin/recipe/internal/formats/np3/parse.go:280.31,281.41 1 1
github.com/justin/recipe/internal/formats/np3/parse.go:281.41,284.4 2 1
github.com/justin/recipe/internal/formats/np3/parse.go:287.2,287.24 1 1
github.com/justin/recipe/internal/formats/np3/parse.go:287.24,292.28 3 1
github.com/justin/recipe/internal/formats/np3/parse.go:292.28,294.4 1 0
github.com/justin/recipe/internal/formats/np3/parse.go:294.9,294.35 1 1
github.com/justin/recipe/internal/formats/np3/parse.go:294.35,296.4 1 0
github.com/justin/recipe/internal/formats/np3/parse.go:297.8,300.3 1 1
github.com/justin/recipe/internal/formats/np3/parse.go:304.2,306.31 3 1
github.com/justin/recipe/internal/formats/np3/parse.go:306.31,307.41 1 1
github.com/justin/recipe/internal/formats/np3/parse.go:307.41,310.4 2 1
github.com/justin/recipe/internal/formats/np3/parse.go:313.2,313.25 1 1
github.com/justin/recipe/internal/formats/np3/parse.go:313.25,317.31 3 1
github.com/justin/recipe/internal/formats/np3/parse.go:317.31,319.4 1 0
github.com/justin/recipe/internal/formats/np3/parse.go:319.9,319.37 1 1
github.com/justin/recipe/internal/formats/np3/parse.go:319.37,321.4 1 0
github.com/justin/recipe/internal/formats/np3/parse.go:322.8,324.3 1 1
github.com/justin/recipe/internal/formats/np3/parse.go:328.2,330.31 3 1
github.com/justin/recipe/internal/formats/np3/parse.go:330.31,331.41 1 1
github.com/justin/recipe/internal/formats/np3/parse.go:331.41,334.4 2 1
github.com/justin/recipe/internal/formats/np3/parse.go:337.2,337.18 1 1
github.com/justin/recipe/internal/formats/np3/parse.go:337.18,342.22 3 1
github.com/justin/recipe/internal/formats/np3/parse.go:342.22,344.4 1 0
github.com/justin/recipe/internal/formats/np3/parse.go:344.9,344.28 1 1
github.com/justin/recipe/internal/formats/np3/parse.go:344.28,346.4 1 0
github.com/justin/recipe/internal/formats/np3/parse.go:347.8,349.3 1 1
github.com/justin/recipe/internal/formats/np3/parse.go:354.54,356.72 1 1
github.com/justin/recipe/internal/formats/np3/parse.go:356.72,358.3 1 1
github.com/justin/recipe/internal/formats/np3/parse.go:361.2,361.68 1 1
github.com/justin/recipe/internal/formats/np3/parse.go:361.68,363.3 1 1
github.com/justin/recipe/internal/formats/np3/parse.go:366.2,366.72 1 1
github.com/justin/recipe/internal/formats/np3/parse.go:366.72,368.3 1 1
github.com/justin/recipe/internal/formats/np3/parse.go:371.2,371.72 1 1
github.com/justin/recipe/internal/formats/np3/parse.go:371.72,373.3 1 1
github.com/justin/recipe/internal/formats/np3/parse.go:376.2,376.58 1 1
github.com/justin/recipe/internal/formats/np3/parse.go:376.58,378.3 1 1
github.com/justin/recipe/internal/formats/np3/parse.go:380.2,380.12 1 1
github.com/justin/recipe/internal/formats/np3/parse.go:385.74,392.23 3 1
github.com/justin/recipe/internal/formats/np3/parse.go:392.23,394.3 1 1
github.com/justin/recipe/internal/formats/np3/parse.go:398.2,407.16 6 1
github.com/justin/recipe/internal/formats/np3/parse.go:407.16,409.3 1 0
github.com/justin/recipe/internal/formats/np3/parse.go:411.2,411.20 1 1
