TN:
SF:web\static\batch-converter.js
FN:15,startBatchConversion
FN:104,cancelBatchConversion
FN:124,mapConversionError
FN:157,isBatchConversionAborted
FNF:4
FNH:0
FNDA:0,startBatchConversion
FNDA:0,cancelBatchConversion
FNDA:0,mapConversionError
FNDA:0,isBatchConversionAborted
DA:8,0
DA:16,0
DA:17,0
DA:18,0
DA:19,0
DA:23,0
DA:26,0
DA:27,0
DA:29,0
DA:30,0
DA:31,0
DA:34,0
DA:36,0
DA:37,0
DA:38,0
DA:41,0
DA:44,0
DA:46,0
DA:47,0
DA:48,0
DA:49,0
DA:53,0
DA:55,0
DA:57,0
DA:58,0
DA:61,0
DA:69,0
DA:70,0
DA:73,0
DA:75,0
DA:78,0
DA:81,0
DA:84,0
DA:86,0
DA:90,0
DA:91,0
DA:95,0
DA:97,0
DA:105,0
DA:106,0
DA:107,0
DA:111,0
DA:113,0
DA:114,0
DA:115,0
DA:126,0
DA:127,0
DA:131,0
DA:133,0
DA:134,0
DA:137,0
DA:138,0
DA:141,0
DA:142,0
DA:145,0
DA:146,0
DA:150,0
DA:158,0
LF:58
LH:0
BRDA:17,0,0,0
BRDA:17,0,1,0
BRDA:29,1,0,0
BRDA:29,1,1,0
BRDA:46,2,0,0
BRDA:46,2,1,0
BRDA:105,3,0,0
BRDA:105,3,1,0
BRDA:113,4,0,0
BRDA:113,4,1,0
BRDA:126,5,0,0
BRDA:126,5,1,0
BRDA:131,6,0,0
BRDA:131,6,1,0
BRDA:133,7,0,0
BRDA:133,7,1,0
BRDA:133,8,0,0
BRDA:133,8,1,0
BRDA:137,9,0,0
BRDA:137,9,1,0
BRDA:137,10,0,0
BRDA:137,10,1,0
BRDA:141,11,0,0
BRDA:141,11,1,0
BRDA:145,12,0,0
BRDA:145,12,1,0
BRF:26
BRH:0
end_of_record
TN:
SF:web\static\converter.js
FN:18,convertFile
FN:70,validateConvertedData
FN:114,generateConvertedFileName
FN:132,(anonymous_3)
FN:142,getUserFriendlyErrorMessage
FN:170,getConvertedFileData
FN:177,getConvertedFileName
FN:184,getConvertedFileFormat
FN:191,clearConvertedData
FN:201,isConversionInProgress
FNF:10
FNH:0
FNDA:0,convertFile
FNDA:0,validateConvertedData
FNDA:0,generateConvertedFileName
FNDA:0,(anonymous_3)
FNDA:0,getUserFriendlyErrorMessage
FNDA:0,getConvertedFileData
FNDA:0,getConvertedFileName
FNDA:0,getConvertedFileFormat
FNDA:0,clearConvertedData
FNDA:0,isConversionInProgress
DA:5,0
DA:6,0
DA:7,0
DA:8,0
DA:19,0
DA:20,0
DA:23,0
DA:24,0
DA:27,0
DA:28,0
DA:32,0
DA:33,0
DA:36,0
DA:37,0
DA:39,0
DA:41,0
DA:43,0
DA:45,0
DA:46,0
DA:49,0
DA:52,0
DA:53,0
DA:54,0
DA:56,0
DA:58,0
DA:61,0
DA:62,0
DA:63,0
DA:71,0
DA:72,0
DA:75,0
DA:76,0
DA:79,0
DA:80,0
DA:82,0
DA:83,0
DA:87,0
DA:88,0
DA:89,0
DA:91,0
DA:92,0
DA:96,0
DA:97,0
DA:98,0
DA:100,0
DA:101,0
DA:104,0
DA:107,0
DA:116,0
DA:119,0
DA:125,0
DA:133,0
DA:134,0
DA:135,0
DA:143,0
DA:157,0
DA:158,0
DA:159,0
DA:164,0
DA:171,0
DA:178,0
DA:185,0
DA:192,0
DA:193,0
DA:194,0
DA:195,0
DA:202,0
LF:67
LH:0
BRDA:19,0,0,0
BRDA:19,0,1,0
BRDA:19,1,0,0
BRDA:19,1,1,0
BRDA:19,1,2,0
BRDA:23,2,0,0
BRDA:23,2,1,0
BRDA:27,3,0,0
BRDA:27,3,1,0
BRDA:32,4,0,0
BRDA:32,4,1,0
BRDA:63,5,0,0
BRDA:63,5,1,0
BRDA:71,6,0,0
BRDA:71,6,1,0
BRDA:71,7,0,0
BRDA:71,7,1,0
BRDA:76,8,0,0
BRDA:76,8,1,0
BRDA:76,8,2,0
BRDA:76,8,3,0
BRDA:79,9,0,0
BRDA:79,9,1,0
BRDA:79,10,0,0
BRDA:79,10,1,0
BRDA:79,10,2,0
BRDA:88,11,0,0
BRDA:88,11,1,0
BRDA:97,12,0,0
BRDA:97,12,1,0
BRDA:158,13,0,0
BRDA:158,13,1,0
BRF:32
BRH:0
end_of_record
TN:
SF:web\static\downloader.js
FN:15,enableDownload
FN:39,getMimeType
FN:52,updateDownloadButton
FN:64,(anonymous_3)
FN:71,handleDownload
FN:99,(anonymous_5)
FN:115,showDownloadingState
FN:126,showDownloadSuccess
FN:141,(anonymous_8)
FN:150,showDownloadError
FN:166,revokeDownloadURL
FN:177,clearDownloadState
FNF:12
FNH:0
FNDA:0,enableDownload
FNDA:0,getMimeType
FNDA:0,updateDownloadButton
FNDA:0,(anonymous_3)
FNDA:0,handleDownload
FNDA:0,(anonymous_5)
FNDA:0,showDownloadingState
FNDA:0,showDownloadSuccess
FNDA:0,(anonymous_8)
FNDA:0,showDownloadError
FNDA:0,revokeDownloadURL
FNDA:0,clearDownloadState
DA:7,0
DA:16,0
DA:17,0
DA:21,0
DA:24,0
DA:25,0
DA:28,0
DA:30,0
DA:33,0
DA:40,0
DA:46,0
DA:53,0
DA:54,0
DA:55,0
DA:56,0
DA:57,0
DA:60,0
DA:61,0
DA:64,0
DA:72,0
DA:73,0
DA:74,0
DA:77,0
DA:80,0
DA:82,0
DA:84,0
DA:85,0
DA:86,0
DA:87,0
DA:90,0
DA:93,0
DA:96,0
DA:99,0
DA:100,0
DA:104,0
DA:105,0
DA:108,0
DA:116,0
DA:117,0
DA:118,0
DA:119,0
DA:127,0
DA:128,0
DA:129,0
DA:130,0
DA:134,0
DA:135,0
DA:136,0
DA:137,0
DA:138,0
DA:141,0
DA:142,0
DA:151,0
DA:152,0
DA:153,0
DA:156,0
DA:157,0
DA:158,0
DA:159,0
DA:167,0
DA:168,0
DA:169,0
DA:170,0
DA:178,0
DA:180,0
DA:181,0
DA:182,0
DA:183,0
DA:186,0
DA:187,0
DA:188,0
DA:191,0
DA:192,0
DA:193,0
LF:74
LH:0
BRDA:16,0,0,0
BRDA:16,0,1,0
BRDA:16,1,0,0
BRDA:16,1,1,0
BRDA:46,2,0,0
BRDA:46,2,1,0
BRDA:54,3,0,0
BRDA:54,3,1,0
BRDA:72,4,0,0
BRDA:72,4,1,0
BRDA:117,5,0,0
BRDA:117,5,1,0
BRDA:128,6,0,0
BRDA:128,6,1,0
BRDA:135,7,0,0
BRDA:135,7,1,0
BRDA:152,8,0,0
BRDA:152,8,1,0
BRDA:157,9,0,0
BRDA:157,9,1,0
BRDA:167,10,0,0
BRDA:167,10,1,0
BRDA:181,11,0,0
BRDA:181,11,1,0
BRDA:187,12,0,0
BRDA:187,12,1,0
BRDA:192,13,0,0
BRDA:192,13,1,0
BRF:28
BRH:0
end_of_record
TN:
SF:web\static\error-handler.js
FN:112,showError
FN:125,hideError
FN:138,checkBrowserCompatibility
FN:162,showUnsupportedBrowserMessage
FN:203,renderErrorUI
FN:274,attachErrorListeners
FN:308,toggleErrorDetails
FN:327,handleRetry
FN:338,handleReset
FN:349,logError
FN:373,escapeHtml
FNF:11
FNH:0
FNDA:0,showError
FNDA:0,hideError
FNDA:0,checkBrowserCompatibility
FNDA:0,showUnsupportedBrowserMessage
FNDA:0,renderErrorUI
FNDA:0,attachErrorListeners
FNDA:0,toggleErrorDetails
FNDA:0,handleRetry
FNDA:0,handleReset
FNDA:0,logError
FNDA:0,escapeHtml
DA:8,0
DA:113,0
DA:116,0
DA:119,0
DA:126,0
DA:127,0
DA:128,0
DA:129,0
DA:140,0
DA:143,0
DA:146,0
DA:149,0
DA:150,0
DA:151,0
DA:154,0
DA:163,0
DA:164,0
DA:191,0
DA:204,0
DA:205,0
DA:206,0
DA:207,0
DA:210,0
DA:227,0
DA:228,0
DA:229,0
DA:243,0
DA:247,0
DA:254,0
DA:255,0
DA:258,0
DA:263,0
DA:264,0
DA:267,0
DA:276,0
DA:277,0
DA:278,0
DA:282,0
DA:283,0
DA:284,0
DA:288,0
DA:289,0
DA:290,0
DA:293,0
DA:294,0
DA:295,0
DA:298,0
DA:299,0
DA:300,0
DA:309,0
DA:310,0
DA:312,0
DA:314,0
DA:315,0
DA:316,0
DA:318,0
DA:319,0
DA:328,0
DA:330,0
DA:331,0
DA:339,0
DA:341,0
DA:342,0
DA:350,0
DA:351,0
DA:352,0
DA:353,0
DA:354,0
DA:356,0
DA:357,0
DA:358,0
DA:359,0
DA:374,0
DA:375,0
DA:376,0
LF:75
LH:0
BRDA:112,0,0,0
BRDA:113,1,0,0
BRDA:113,1,1,0
BRDA:127,2,0,0
BRDA:127,2,1,0
BRDA:149,3,0,0
BRDA:149,3,1,0
BRDA:149,4,0,0
BRDA:149,4,1,0
BRDA:149,4,2,0
BRDA:163,5,0,0
BRDA:163,5,1,0
BRDA:183,6,0,0
BRDA:183,6,1,0
BRDA:184,7,0,0
BRDA:184,7,1,0
BRDA:185,8,0,0
BRDA:185,8,1,0
BRDA:205,9,0,0
BRDA:205,9,1,0
BRDA:227,10,0,0
BRDA:227,10,1,0
BRDA:228,11,0,0
BRDA:228,11,1,0
BRDA:236,12,0,0
BRDA:236,12,1,0
BRDA:255,13,0,0
BRDA:255,13,1,0
BRDA:277,14,0,0
BRDA:277,14,1,0
BRDA:283,15,0,0
BRDA:283,15,1,0
BRDA:289,16,0,0
BRDA:289,16,1,0
BRDA:294,17,0,0
BRDA:294,17,1,0
BRDA:299,18,0,0
BRDA:299,18,1,0
BRDA:312,19,0,0
BRDA:312,19,1,0
BRDA:312,20,0,0
BRDA:312,20,1,0
BRDA:314,21,0,0
BRDA:314,21,1,0
BRDA:356,22,0,0
BRDA:356,22,1,0
BRDA:358,23,0,0
BRDA:358,23,1,0
BRF:48
BRH:0
end_of_record
TN:
SF:web\static\file-handler.js
FN:16,initializeDropZone
FN:28,(anonymous_1)
FN:33,(anonymous_2)
FN:42,(anonymous_3)
FN:48,(anonymous_4)
FN:49,(anonymous_5)
FN:55,(anonymous_6)
FN:56,(anonymous_7)
FN:74,preventDefaults
FN:83,handleDrop
FN:98,handleFileSelect
FN:110,handleFile
FN:187,readFileAsArrayBuffer
FN:188,(anonymous_13)
FN:191,(anonymous_14)
FN:195,(anonymous_15)
FN:210,displayFileInfo
FN:230,formatFileSize
FN:242,escapeHtml
FN:253,clearFileData
FN:273,dispatchFileLoadedEvent
FN:289,isValidPresetFile
FN:292,(anonymous_22)
FN:299,updateDropZoneState
FN:308,(anonymous_24)
FN:321,showError
FN:332,hideError
FN:344,showLoadingState
FN:356,hideLoadingState
FN:368,updateStatus
FN:382,getCurrentFileData
FN:390,getCurrentFileName
FNF:32
FNH:0
FNDA:0,initializeDropZone
FNDA:0,(anonymous_1)
FNDA:0,(anonymous_2)
FNDA:0,(anonymous_3)
FNDA:0,(anonymous_4)
FNDA:0,(anonymous_5)
FNDA:0,(anonymous_6)
FNDA:0,(anonymous_7)
FNDA:0,preventDefaults
FNDA:0,handleDrop
FNDA:0,handleFileSelect
FNDA:0,handleFile
FNDA:0,readFileAsArrayBuffer
FNDA:0,(anonymous_13)
FNDA:0,(anonymous_14)
FNDA:0,(anonymous_15)
FNDA:0,displayFileInfo
FNDA:0,formatFileSize
FNDA:0,escapeHtml
FNDA:0,clearFileData
FNDA:0,dispatchFileLoadedEvent
FNDA:0,isValidPresetFile
FNDA:0,(anonymous_22)
FNDA:0,updateDropZoneState
FNDA:0,(anonymous_24)
FNDA:0,showError
FNDA:0,hideError
FNDA:0,showLoadingState
FNDA:0,hideLoadingState
FNDA:0,updateStatus
FNDA:0,getCurrentFileData
FNDA:0,getCurrentFileName
DA:8,0
DA:9,0
DA:10,0
DA:17,0
DA:18,0
DA:20,0
DA:21,0
DA:22,0
DA:25,0
DA:28,0
DA:29,0
DA:33,0
DA:34,0
DA:35,0
DA:36,0
DA:42,0
DA:43,0
DA:44,0
DA:48,0
DA:49,0
DA:50,0
DA:55,0
DA:56,0
DA:57,0
DA:62,0
DA:65,0
DA:67,0
DA:75,0
DA:76,0
DA:84,0
DA:85,0
DA:87,0
DA:88,0
DA:90,0
DA:99,0
DA:100,0
DA:101,0
DA:111,0
DA:114,0
DA:117,0
DA:118,0
DA:119,0
DA:120,0
DA:124,0
DA:125,0
DA:126,0
DA:127,0
DA:128,0
DA:132,0
DA:133,0
DA:134,0
DA:135,0
DA:139,0
DA:141,0
DA:143,0
DA:146,0
DA:147,0
DA:148,0
DA:151,0
DA:154,0
DA:157,0
DA:158,0
DA:161,0
DA:164,0
DA:166,0
DA:174,0
DA:175,0
DA:176,0
DA:177,0
DA:188,0
DA:189,0
DA:191,0
DA:192,0
DA:195,0
DA:196,0
DA:200,0
DA:211,0
DA:212,0
DA:214,0
DA:215,0
DA:218,0
DA:221,0
DA:231,0
DA:232,0
DA:233,0
DA:243,0
DA:244,0
DA:245,0
DA:254,0
DA:255,0
DA:256,0
DA:259,0
DA:262,0
DA:263,0
DA:264,0
DA:265,0
DA:274,0
DA:281,0
DA:290,0
DA:291,0
DA:292,0
DA:300,0
DA:301,0
DA:303,0
DA:305,0
DA:306,0
DA:308,0
DA:309,0
DA:310,0
DA:312,0
DA:313,0
DA:322,0
DA:323,0
DA:324,0
DA:325,0
DA:333,0
DA:334,0
DA:335,0
DA:345,0
DA:346,0
DA:347,0
DA:348,0
DA:349,0
DA:357,0
DA:358,0
DA:359,0
DA:369,0
DA:370,0
DA:371,0
DA:372,0
DA:373,0
DA:383,0
DA:391,0
LF:133
LH:0
BRDA:20,0,0,0
BRDA:20,0,1,0
BRDA:20,1,0,0
BRDA:20,1,1,0
BRDA:34,2,0,0
BRDA:34,2,1,0
BRDA:34,3,0,0
BRDA:34,3,1,0
BRDA:87,4,0,0
BRDA:87,4,1,0
BRDA:100,5,0,0
BRDA:100,5,1,0
BRDA:117,6,0,0
BRDA:117,6,1,0
BRDA:125,7,0,0
BRDA:125,7,1,0
BRDA:132,8,0,0
BRDA:132,8,1,0
BRDA:212,9,0,0
BRDA:212,9,1,0
BRDA:231,10,0,0
BRDA:231,10,1,0
BRDA:232,11,0,0
BRDA:232,11,1,0
BRDA:263,12,0,0
BRDA:263,12,1,0
BRDA:301,13,0,0
BRDA:301,13,1,0
BRDA:305,14,0,0
BRDA:305,14,1,0
BRDA:312,15,0,0
BRDA:312,15,1,0
BRDA:323,16,0,0
BRDA:323,16,1,0
BRDA:334,17,0,0
BRDA:334,17,1,0
BRDA:346,18,0,0
BRDA:346,18,1,0
BRDA:358,19,0,0
BRDA:358,19,1,0
BRDA:358,20,0,0
BRDA:358,20,1,0
BRDA:370,21,0,0
BRDA:370,21,1,0
BRF:44
BRH:0
end_of_record
TN:
SF:web\static\format-detector.js
FN:12,detectFileFormat
FN:47,getCurrentFormat
FN:54,clearFormat
FN:63,getFormatDisplayName
FN:79,getFormatBadgeClass
FNF:5
FNH:0
FNDA:0,detectFileFormat
FNDA:0,getCurrentFormat
FNDA:0,clearFormat
FNDA:0,getFormatDisplayName
FNDA:0,getFormatBadgeClass
DA:5,0
DA:13,0
DA:14,0
DA:18,0
DA:19,0
DA:22,0
DA:23,0
DA:25,0
DA:27,0
DA:29,0
DA:30,0
DA:33,0
DA:35,0
DA:38,0
DA:39,0
DA:48,0
DA:55,0
DA:64,0
DA:71,0
DA:80,0
DA:87,0
LF:21
LH:0
BRDA:13,0,0,0
BRDA:13,0,1,0
BRDA:13,1,0,0
BRDA:13,1,1,0
BRDA:18,2,0,0
BRDA:18,2,1,0
BRDA:39,3,0,0
BRDA:39,3,1,0
BRDA:71,4,0,0
BRDA:71,4,1,0
BRDA:87,5,0,0
BRDA:87,5,1,0
BRF:12
BRH:0
end_of_record
TN:
SF:web\static\format-selector.js
FN:64,displayFormatSelector
FN:78,renderFormatSelector
FN:147,attachFormatSelectorListeners
FN:150,(anonymous_3)
FN:156,(anonymous_4)
FN:157,(anonymous_5)
FN:176,handleFormatChange
FN:188,updateConvertButton
FN:198,handleConvertClick
FN:208,dispatchFormatSelectedEvent
FN:219,dispatchConvertRequestEvent
FN:230,getTargetFormat
FN:237,getSourceFormat
FN:244,clearFormatSelector
FNF:14
FNH:0
FNDA:0,displayFormatSelector
FNDA:0,renderFormatSelector
FNDA:0,attachFormatSelectorListeners
FNDA:0,(anonymous_3)
FNDA:0,(anonymous_4)
FNDA:0,(anonymous_5)
FNDA:0,handleFormatChange
FNDA:0,updateConvertButton
FNDA:0,handleConvertClick
FNDA:0,dispatchFormatSelectedEvent
FNDA:0,dispatchConvertRequestEvent
FNDA:0,getTargetFormat
FNDA:0,getSourceFormat
FNDA:0,clearFormatSelector
DA:5,0
DA:6,0
DA:11,0
DA:52,0
DA:65,0
DA:66,0
DA:69,0
DA:70,0
DA:72,0
DA:79,0
DA:80,0
DA:81,0
DA:82,0
DA:85,0
DA:91,0
DA:92,0
DA:93,0
DA:94,0
DA:95,0
DA:97,0
DA:122,0
DA:135,0
DA:136,0
DA:139,0
DA:141,0
DA:149,0
DA:150,0
DA:151,0
DA:155,0
DA:156,0
DA:157,0
DA:158,0
DA:159,0
DA:160,0
DA:161,0
DA:167,0
DA:168,0
DA:169,0
DA:177,0
DA:178,0
DA:179,0
DA:180,0
DA:181,0
DA:189,0
DA:190,0
DA:191,0
DA:199,0
DA:202,0
DA:209,0
DA:212,0
DA:213,0
DA:220,0
DA:223,0
DA:224,0
DA:231,0
DA:238,0
DA:245,0
DA:246,0
DA:247,0
DA:248,0
DA:250,0
DA:251,0
DA:252,0
LF:63
LH:0
BRDA:65,0,0,0
BRDA:65,0,1,0
BRDA:65,1,0,0
BRDA:65,1,1,0
BRDA:80,2,0,0
BRDA:80,2,1,0
BRDA:94,3,0,0
BRDA:94,3,1,0
BRDA:95,4,0,0
BRDA:95,4,1,0
BRDA:100,5,0,0
BRDA:100,5,1,0
BRDA:105,6,0,0
BRDA:105,6,1,0
BRDA:106,7,0,0
BRDA:106,7,1,0
BRDA:159,8,0,0
BRDA:159,8,1,0
BRDA:168,9,0,0
BRDA:168,9,1,0
BRDA:178,10,0,0
BRDA:178,10,1,0
BRDA:190,11,0,0
BRDA:190,11,1,0
BRDA:246,12,0,0
BRDA:246,12,1,0
BRF:26
BRH:0
end_of_record
TN:
SF:web\static\main.js
FN:28,announceStatus
FN:40,announceError
FN:51,clearStatusAnnouncement
FN:61,clearErrorAnnouncement
FN:72,initializeKeyboardAccessibility
FN:76,(anonymous_5)
FN:86,(anonymous_6)
FN:107,moveFocusToFirstFileCard
FN:108,(anonymous_8)
FN:124,moveFocusToDownloadButton
FN:125,(anonymous_10)
FN:141,moveFocusToErrorMessage
FN:142,(anonymous_12)
FN:159,init
FN:180,(anonymous_14)
FN:186,(anonymous_15)
FN:235,initializeBatchControls
FN:246,(anonymous_17)
FN:252,(anonymous_18)
FN:276,(anonymous_19)
FN:288,handleFileLoaded
FN:326,handleFormatDetection
FN:362,showDetectionLoading
FN:372,hideDetectionLoading
FN:383,displayFormatBadge
FN:405,dispatchFormatDetectedEvent
FN:420,handleFormatDetected
FN:466,showParameterLoading
FN:484,hideParameterLoading
FN:495,showParameterError
FN:507,showError
FN:518,handleFormatSelected
FN:530,handleConvertRequest
FN:574,showConvertingState
FN:602,showConversionSuccess
FN:626,showConversionError
FN:655,handleConversionComplete
FN:677,dispatchConversionCompleteEvent
FN:689,resetAfterError
FN:706,handleErrorRetry
FN:735,handleErrorReset
FN:747,enableDownloadButton
FNF:42
FNH:0
FNDA:0,announceStatus
FNDA:0,announceError
FNDA:0,clearStatusAnnouncement
FNDA:0,clearErrorAnnouncement
FNDA:0,initializeKeyboardAccessibility
FNDA:0,(anonymous_5)
FNDA:0,(anonymous_6)
FNDA:0,moveFocusToFirstFileCard
FNDA:0,(anonymous_8)
FNDA:0,moveFocusToDownloadButton
FNDA:0,(anonymous_10)
FNDA:0,moveFocusToErrorMessage
FNDA:0,(anonymous_12)
FNDA:0,init
FNDA:0,(anonymous_14)
FNDA:0,(anonymous_15)
FNDA:0,initializeBatchControls
FNDA:0,(anonymous_17)
FNDA:0,(anonymous_18)
FNDA:0,(anonymous_19)
FNDA:0,handleFileLoaded
FNDA:0,handleFormatDetection
FNDA:0,showDetectionLoading
FNDA:0,hideDetectionLoading
FNDA:0,displayFormatBadge
FNDA:0,dispatchFormatDetectedEvent
FNDA:0,handleFormatDetected
FNDA:0,showParameterLoading
FNDA:0,hideParameterLoading
FNDA:0,showParameterError
FNDA:0,showError
FNDA:0,handleFormatSelected
FNDA:0,handleConvertRequest
FNDA:0,showConvertingState
FNDA:0,showConversionSuccess
FNDA:0,showConversionError
FNDA:0,handleConversionComplete
FNDA:0,dispatchConversionCompleteEvent
FNDA:0,resetAfterError
FNDA:0,handleErrorRetry
FNDA:0,handleErrorReset
FNDA:0,enableDownloadButton
DA:29,0
DA:30,0
DA:31,0
DA:32,0
DA:41,0
DA:42,0
DA:43,0
DA:44,0
DA:52,0
DA:53,0
DA:54,0
DA:62,0
DA:63,0
DA:64,0
DA:73,0
DA:74,0
DA:76,0
DA:77,0
DA:78,0
DA:79,0
DA:80,0
DA:86,0
DA:87,0
DA:89,0
DA:90,0
DA:91,0
DA:92,0
DA:108,0
DA:109,0
DA:110,0
DA:111,0
DA:112,0
DA:113,0
DA:114,0
DA:125,0
DA:126,0
DA:127,0
DA:128,0
DA:129,0
DA:130,0
DA:131,0
DA:142,0
DA:143,0
DA:144,0
DA:145,0
DA:146,0
DA:147,0
DA:148,0
DA:149,0
DA:160,0
DA:161,0
DA:164,0
DA:165,0
DA:166,0
DA:170,0
DA:173,0
DA:176,0
DA:180,0
DA:181,0
DA:182,0
DA:183,0
DA:186,0
DA:187,0
DA:188,0
DA:189,0
DA:196,0
DA:202,0
DA:206,0
DA:210,0
DA:213,0
DA:216,0
DA:219,0
DA:222,0
DA:223,0
DA:226,0
DA:228,0
DA:236,0
DA:237,0
DA:238,0
DA:240,0
DA:241,0
DA:242,0
DA:246,0
DA:247,0
DA:248,0
DA:252,0
DA:253,0
DA:254,0
DA:255,0
DA:256,0
DA:260,0
DA:261,0
DA:263,0
DA:264,0
DA:266,0
DA:267,0
DA:270,0
DA:271,0
DA:276,0
DA:277,0
DA:289,0
DA:291,0
DA:301,0
DA:302,0
DA:303,0
DA:305,0
DA:307,0
DA:311,0
DA:314,0
DA:317,0
DA:328,0
DA:330,0
DA:332,0
DA:335,0
DA:338,0
DA:341,0
DA:345,0
DA:346,0
DA:349,0
DA:352,0
DA:355,0
DA:363,0
DA:364,0
DA:365,0
DA:366,0
DA:373,0
DA:374,0
DA:375,0
DA:384,0
DA:385,0
DA:386,0
DA:389,0
DA:390,0
DA:391,0
DA:395,0
DA:396,0
DA:397,0
DA:398,0
DA:406,0
DA:409,0
DA:410,0
DA:421,0
DA:423,0
DA:426,0
DA:427,0
DA:428,0
DA:429,0
DA:433,0
DA:435,0
DA:437,0
DA:440,0
DA:442,0
DA:445,0
DA:449,0
DA:450,0
DA:453,0
DA:456,0
DA:459,0
DA:467,0
DA:468,0
DA:469,0
DA:470,0
DA:471,0
DA:475,0
DA:476,0
DA:477,0
DA:485,0
DA:486,0
DA:487,0
DA:496,0
DA:497,0
DA:498,0
DA:499,0
DA:508,0
DA:509,0
DA:510,0
DA:519,0
DA:520,0
DA:531,0
DA:532,0
DA:535,0
DA:537,0
DA:539,0
DA:542,0
DA:543,0
DA:545,0
DA:546,0
DA:550,0
DA:553,0
DA:556,0
DA:559,0
DA:563,0
DA:564,0
DA:567,0
DA:575,0
DA:576,0
DA:577,0
DA:578,0
DA:579,0
DA:580,0
DA:584,0
DA:585,0
DA:586,0
DA:587,0
DA:588,0
DA:592,0
DA:593,0
DA:594,0
DA:603,0
DA:604,0
DA:605,0
DA:606,0
DA:607,0
DA:608,0
DA:612,0
DA:613,0
DA:614,0
DA:615,0
DA:619,0
DA:627,0
DA:628,0
DA:629,0
DA:630,0
DA:631,0
DA:632,0
DA:636,0
DA:637,0
DA:638,0
DA:639,0
DA:640,0
DA:644,0
DA:645,0
DA:646,0
DA:656,0
DA:659,0
DA:661,0
DA:662,0
DA:663,0
DA:667,0
DA:669,0
DA:678,0
DA:681,0
DA:682,0
DA:691,0
DA:692,0
DA:693,0
DA:696,0
DA:707,0
DA:708,0
DA:711,0
DA:713,0
DA:715,0
DA:716,0
DA:720,0
DA:721,0
DA:723,0
DA:724,0
DA:728,0
DA:736,0
DA:737,0
DA:740,0
DA:748,0
DA:749,0
DA:750,0
DA:751,0
DA:756,0
DA:757,0
DA:760,0
LF:268
LH:0
BRDA:30,0,0,0
BRDA:30,0,1,0
BRDA:42,1,0,0
BRDA:42,1,1,0
BRDA:53,2,0,0
BRDA:53,2,1,0
BRDA:63,3,0,0
BRDA:63,3,1,0
BRDA:74,4,0,0
BRDA:74,4,1,0
BRDA:77,5,0,0
BRDA:77,5,1,0
BRDA:77,6,0,0
BRDA:77,6,1,0
BRDA:87,7,0,0
BRDA:87,7,1,0
BRDA:90,8,0,0
BRDA:90,8,1,0
BRDA:90,9,0,0
BRDA:90,9,1,0
BRDA:110,10,0,0
BRDA:110,10,1,0
BRDA:112,11,0,0
BRDA:112,11,1,0
BRDA:127,12,0,0
BRDA:127,12,1,0
BRDA:129,13,0,0
BRDA:129,13,1,0
BRDA:144,14,0,0
BRDA:144,14,1,0
BRDA:146,15,0,0
BRDA:146,15,1,0
BRDA:164,16,0,0
BRDA:164,16,1,0
BRDA:240,17,0,0
BRDA:240,17,1,0
BRDA:240,18,0,0
BRDA:240,18,1,0
BRDA:240,18,2,0
BRDA:254,19,0,0
BRDA:254,19,1,0
BRDA:294,20,0,0
BRDA:294,20,1,0
BRDA:295,21,0,0
BRDA:295,21,1,0
BRDA:374,22,0,0
BRDA:374,22,1,0
BRDA:390,23,0,0
BRDA:390,23,1,0
BRDA:427,24,0,0
BRDA:427,24,1,0
BRDA:468,25,0,0
BRDA:468,25,1,0
BRDA:476,26,0,0
BRDA:476,26,1,0
BRDA:486,27,0,0
BRDA:486,27,1,0
BRDA:497,28,0,0
BRDA:497,28,1,0
BRDA:545,29,0,0
BRDA:545,29,1,0
BRDA:545,30,0,0
BRDA:545,30,1,0
BRDA:576,31,0,0
BRDA:576,31,1,0
BRDA:585,32,0,0
BRDA:585,32,1,0
BRDA:593,33,0,0
BRDA:593,33,1,0
BRDA:604,34,0,0
BRDA:604,34,1,0
BRDA:613,35,0,0
BRDA:613,35,1,0
BRDA:628,36,0,0
BRDA:628,36,1,0
BRDA:637,37,0,0
BRDA:637,37,1,0
BRDA:638,38,0,0
BRDA:638,38,1,0
BRDA:638,38,2,0
BRDA:645,39,0,0
BRDA:645,39,1,0
BRDA:661,40,0,0
BRDA:661,40,1,0
BRDA:713,41,0,0
BRDA:713,41,1,0
BRDA:721,42,0,0
BRDA:721,42,1,0
BRDA:721,43,0,0
BRDA:721,43,1,0
BRDA:749,44,0,0
BRDA:749,44,1,0
BRDA:756,45,0,0
BRDA:756,45,1,0
BRF:94
BRH:0
end_of_record
TN:
SF:web\static\parameter-display.js
FN:12,displayParameters
FN:51,renderParameterPanel
FN:112,groupParameters
FN:159,formatParameterValue
FN:181,toggleParameterPanel
FN:193,clearParameterPanel
FN:206,getCurrentParameters
FNF:7
FNH:0
FNDA:0,displayParameters
FNDA:0,renderParameterPanel
FNDA:0,groupParameters
FNDA:0,formatParameterValue
FNDA:0,toggleParameterPanel
FNDA:0,clearParameterPanel
FNDA:0,getCurrentParameters
DA:3,0
DA:4,0
DA:5,0
DA:13,0
DA:14,0
DA:18,0
DA:19,0
DA:22,0
DA:23,0
DA:25,0
DA:27,0
DA:28,0
DA:30,0
DA:31,0
DA:34,0
DA:35,0
DA:38,0
DA:40,0
DA:43,0
DA:44,0
DA:52,0
DA:53,0
DA:54,0
DA:55,0
DA:59,0
DA:62,0
DA:72,0
DA:73,0
DA:74,0
DA:80,0
DA:81,0
DA:82,0
DA:90,0
DA:97,0
DA:99,0
DA:100,0
DA:103,0
DA:104,0
DA:105,0
DA:113,0
DA:120,0
DA:125,0
DA:128,0
DA:131,0
DA:132,0
DA:135,0
DA:137,0
DA:138,0
DA:139,0
DA:140,0
DA:141,0
DA:142,0
DA:147,0
DA:148,0
DA:149,0
DA:153,0
DA:160,0
DA:161,0
DA:164,0
DA:166,0
DA:167,0
DA:168,0
DA:169,0
DA:171,0
DA:175,0
DA:182,0
DA:185,0
DA:186,0
DA:194,0
DA:195,0
DA:196,0
DA:197,0
DA:199,0
DA:200,0
DA:207,0
LF:75
LH:0
BRDA:13,0,0,0
BRDA:13,0,1,0
BRDA:13,1,0,0
BRDA:13,1,1,0
BRDA:18,2,0,0
BRDA:18,2,1,0
BRDA:44,3,0,0
BRDA:44,3,1,0
BRDA:53,4,0,0
BRDA:53,4,1,0
BRDA:63,5,0,0
BRDA:63,5,1,0
BRDA:67,6,0,0
BRDA:67,6,1,0
BRDA:72,7,0,0
BRDA:72,7,1,0
BRDA:104,8,0,0
BRDA:104,8,1,0
BRDA:132,9,0,0
BRDA:132,9,1,0
BRDA:132,10,0,0
BRDA:132,10,1,0
BRDA:135,11,0,0
BRDA:135,11,1,0
BRDA:137,12,0,0
BRDA:137,12,1,0
BRDA:139,13,0,0
BRDA:139,13,1,0
BRDA:141,14,0,0
BRDA:141,14,1,0
BRDA:148,15,0,0
BRDA:148,15,1,0
BRDA:160,16,0,0
BRDA:160,16,1,0
BRDA:160,17,0,0
BRDA:160,17,1,0
BRDA:164,18,0,0
BRDA:164,18,1,0
BRDA:166,19,0,0
BRDA:166,19,1,0
BRDA:168,20,0,0
BRDA:168,20,1,0
BRDA:185,21,0,0
BRDA:185,21,1,0
BRDA:185,22,0,0
BRDA:185,22,1,0
BRDA:195,23,0,0
BRDA:195,23,1,0
BRF:48
BRH:0
end_of_record
TN:
SF:web\static\preview.js
FN:26,recipeToCSSFilters
FN:85,applyPreviewFilter
FN:111,clamp
FN:120,isCSSFilterSupported
FN:135,checkBrowserCompatibility
FN:160,showDisclaimerHelp
FN:176,(anonymous_6)
FNF:7
FNH:6
FNDA:36,recipeToCSSFilters
FNDA:3,applyPreviewFilter
FNDA:47,clamp
FNDA:7,isCSSFilterSupported
FNDA:3,checkBrowserCompatibility
FNDA:1,showDisclaimerHelp
FNDA:0,(anonymous_6)
DA:27,36
DA:29,34
DA:34,34
DA:35,10
DA:36,10
DA:42,34
DA:43,9
DA:44,9
DA:50,34
DA:51,6
DA:52,6
DA:58,34
DA:59,7
DA:60,7
DA:68,34
DA:69,5
DA:70,5
DA:71,5
DA:72,5
DA:73,5
DA:76,34
DA:86,3
DA:87,3
DA:88,1
DA:89,1
DA:92,2
DA:93,2
DA:95,2
DA:112,47
DA:122,7
DA:123,2
DA:127,5
DA:136,3
DA:137,2
DA:140,2
DA:141,2
DA:142,2
DA:146,2
DA:147,2
DA:149,2
DA:152,1
DA:161,1
DA:171,1
DA:175,1
DA:176,1
DA:178,0
DA:181,0
DA:182,0
DA:183,0
LF:49
LH:45
BRDA:27,0,0,2
BRDA:27,0,1,34
BRDA:34,1,0,10
BRDA:34,1,1,24
BRDA:34,2,0,34
BRDA:34,2,1,13
BRDA:34,2,2,12
BRDA:42,3,0,9
BRDA:42,3,1,25
BRDA:42,4,0,34
BRDA:42,4,1,10
BRDA:42,4,2,9
BRDA:50,5,0,6
BRDA:50,5,1,28
BRDA:50,6,0,34
BRDA:50,6,1,7
BRDA:50,6,2,6
BRDA:58,7,0,7
BRDA:58,7,1,27
BRDA:58,8,0,34
BRDA:58,8,1,8
BRDA:58,8,2,7
BRDA:68,9,0,5
BRDA:68,9,1,29
BRDA:68,10,0,34
BRDA:68,10,1,5
BRDA:68,10,2,5
BRDA:76,11,0,30
BRDA:76,11,1,4
BRDA:87,12,0,1
BRDA:87,12,1,2
BRDA:122,13,0,2
BRDA:122,13,1,5
BRDA:122,14,0,7
BRDA:122,14,1,6
BRDA:136,15,0,2
BRDA:136,15,1,1
BRDA:141,16,0,2
BRDA:141,16,1,0
BRDA:175,17,0,1
BRDA:175,17,1,0
BRDA:182,18,0,0
BRDA:182,18,1,0
BRF:43
BRH:39
end_of_record
TN:
SF:web\static\privacy-messaging.js
FN:9,showPrivacyReminder
FN:18,(anonymous_1)
FN:21,(anonymous_2)
FN:33,showConversionPrivacyMessage
FN:46,initializePrivacyFAQ
FN:56,(anonymous_5)
FN:78,togglePrivacyFAQ
FNF:7
FNH:0
FNDA:0,showPrivacyReminder
FNDA:0,(anonymous_1)
FNDA:0,(anonymous_2)
FNDA:0,showConversionPrivacyMessage
FNDA:0,initializePrivacyFAQ
FNDA:0,(anonymous_5)
FNDA:0,togglePrivacyFAQ
DA:10,0
DA:11,0
DA:12,0
DA:13,0
DA:14,0
DA:15,0
DA:18,0
DA:19,0
DA:21,0
DA:22,0
DA:23,0
DA:34,0
DA:35,0
DA:37,0
DA:38,0
DA:48,0
DA:49,0
DA:50,0
DA:54,0
DA:55,0
DA:56,0
DA:57,0
DA:58,0
DA:59,0
DA:61,0
DA:63,0
DA:66,0
DA:67,0
DA:79,0
DA:80,0
DA:82,0
DA:83,0
DA:85,0
DA:87,0
DA:88,0
DA:89,0
DA:92,0
DA:93,0
DA:94,0
LF:39
LH:0
BRDA:11,0,0,0
BRDA:11,0,1,0
BRDA:35,1,0,0
BRDA:35,1,1,0
BRDA:49,2,0,0
BRDA:49,2,1,0
BRDA:55,3,0,0
BRDA:55,3,1,0
BRDA:61,4,0,0
BRDA:61,4,1,0
BRDA:66,5,0,0
BRDA:66,5,1,0
BRDA:66,6,0,0
BRDA:66,6,1,0
BRDA:82,7,0,0
BRDA:82,7,1,0
BRDA:82,8,0,0
BRDA:82,8,1,0
BRDA:83,9,0,0
BRDA:83,9,1,0
BRDA:85,10,0,0
BRDA:85,10,1,0
BRF:22
BRH:0
end_of_record
TN:
SF:web\static\responsive.js
FN:10,isTouchDevice
FN:23,adaptForTouch
FN:57,handleOrientationChange
FN:60,(anonymous_3)
FN:75,(anonymous_4)
FN:86,initializeResponsive
FNF:6
FNH:0
FNDA:0,isTouchDevice
FNDA:0,adaptForTouch
FNDA:0,handleOrientationChange
FNDA:0,(anonymous_3)
FNDA:0,(anonymous_4)
FNDA:0,initializeResponsive
DA:12,0
DA:24,0
DA:25,0
DA:26,0
DA:29,0
DA:32,0
DA:33,0
DA:34,0
DA:35,0
DA:39,0
DA:40,0
DA:41,0
DA:42,0
DA:43,0
DA:48,0
DA:50,0
DA:59,0
DA:60,0
DA:61,0
DA:62,0
DA:65,0
DA:66,0
DA:67,0
DA:68,0
DA:69,0
DA:75,0
DA:76,0
DA:77,0
DA:87,0
DA:90,0
DA:91,0
DA:92,0
DA:95,0
DA:98,0
DA:100,0
LF:35
LH:0
BRDA:13,0,0,0
BRDA:13,0,1,0
BRDA:13,0,2,0
BRDA:24,1,0,0
BRDA:24,1,1,0
BRDA:33,2,0,0
BRDA:33,2,1,0
BRDA:39,3,0,0
BRDA:39,3,1,0
BRDA:41,4,0,0
BRDA:41,4,1,0
BRDA:59,5,0,0
BRDA:59,5,1,0
BRDA:65,6,0,0
BRDA:65,6,1,0
BRDA:65,7,0,0
BRDA:65,7,1,0
BRDA:67,8,0,0
BRDA:67,8,1,0
BRDA:67,9,0,0
BRDA:67,9,1,0
BRF:21
BRH:0
end_of_record
TN:
SF:web\static\upload.js
FN:16,(anonymous_0)
FN:41,(anonymous_1)
FN:43,(anonymous_2)
FN:49,(anonymous_3)
FN:54,(anonymous_4)
FN:61,(anonymous_5)
FN:67,(anonymous_6)
FN:76,(anonymous_7)
FN:95,(anonymous_8)
FN:105,(anonymous_9)
FN:119,(anonymous_10)
FN:128,(anonymous_11)
FN:145,(anonymous_12)
FN:164,(anonymous_13)
FN:166,(anonymous_14)
FN:187,(anonymous_15)
FN:222,(anonymous_16)
FN:228,(anonymous_17)
FN:234,(anonymous_18)
FN:243,(anonymous_19)
FN:249,(anonymous_20)
FN:255,(anonymous_21)
FN:274,(anonymous_22)
FN:280,(anonymous_23)
FN:320,(anonymous_24)
FN:328,(anonymous_25)
FN:347,(anonymous_26)
FN:363,(anonymous_27)
FN:365,(anonymous_28)
FN:373,(anonymous_29)
FN:389,(anonymous_30)
FN:404,(anonymous_31)
FN:433,(anonymous_32)
FN:444,(anonymous_33)
FN:446,(anonymous_34)
FN:454,(anonymous_35)
FN:461,(anonymous_36)
FN:469,(anonymous_37)
FN:479,(anonymous_38)
FN:493,(anonymous_39)
FN:568,(anonymous_40)
FN:581,(anonymous_41)
FN:605,(anonymous_42)
FN:624,(anonymous_43)
FN:637,(anonymous_44)
FN:710,(anonymous_45)
FN:741,(anonymous_46)
FN:744,(anonymous_47)
FN:745,(anonymous_48)
FN:761,(anonymous_49)
FN:794,(anonymous_50)
FN:823,(anonymous_51)
FN:838,initializeUploadManager
FN:844,getUploadManager
FNF:54
FNH:0
FNDA:0,(anonymous_0)
FNDA:0,(anonymous_1)
FNDA:0,(anonymous_2)
FNDA:0,(anonymous_3)
FNDA:0,(anonymous_4)
FNDA:0,(anonymous_5)
FNDA:0,(anonymous_6)
FNDA:0,(anonymous_7)
FNDA:0,(anonymous_8)
FNDA:0,(anonymous_9)
FNDA:0,(anonymous_10)
FNDA:0,(anonymous_11)
FNDA:0,(anonymous_12)
FNDA:0,(anonymous_13)
FNDA:0,(anonymous_14)
FNDA:0,(anonymous_15)
FNDA:0,(anonymous_16)
FNDA:0,(anonymous_17)
FNDA:0,(anonymous_18)
FNDA:0,(anonymous_19)
FNDA:0,(anonymous_20)
FNDA:0,(anonymous_21)
FNDA:0,(anonymous_22)
FNDA:0,(anonymous_23)
FNDA:0,(anonymous_24)
FNDA:0,(anonymous_25)
FNDA:0,(anonymous_26)
FNDA:0,(anonymous_27)
FNDA:0,(anonymous_28)
FNDA:0,(anonymous_29)
FNDA:0,(anonymous_30)
FNDA:0,(anonymous_31)
FNDA:0,(anonymous_32)
FNDA:0,(anonymous_33)
FNDA:0,(anonymous_34)
FNDA:0,(anonymous_35)
FNDA:0,(anonymous_36)
FNDA:0,(anonymous_37)
FNDA:0,(anonymous_38)
FNDA:0,(anonymous_39)
FNDA:0,(anonymous_40)
FNDA:0,(anonymous_41)
FNDA:0,(anonymous_42)
FNDA:0,(anonymous_43)
FNDA:0,(anonymous_44)
FNDA:0,(anonymous_45)
FNDA:0,(anonymous_46)
FNDA:0,(anonymous_47)
FNDA:0,(anonymous_48)
FNDA:0,(anonymous_49)
FNDA:0,(anonymous_50)
FNDA:0,(anonymous_51)
FNDA:0,initializeUploadManager
FNDA:0,getUploadManager
DA:18,0
DA:19,0
DA:20,0
DA:21,0
DA:22,0
DA:25,0
DA:26,0
DA:29,0
DA:32,0
DA:35,0
DA:43,0
DA:44,0
DA:45,0
DA:49,0
DA:50,0
DA:54,0
DA:55,0
DA:57,0
DA:61,0
DA:62,0
DA:63,0
DA:64,0
DA:67,0
DA:68,0
DA:69,0
DA:71,0
DA:72,0
DA:76,0
DA:77,0
DA:78,0
DA:79,0
DA:82,0
DA:83,0
DA:86,0
DA:96,0
DA:97,0
DA:100,0
DA:101,0
DA:102,0
DA:105,0
DA:106,0
DA:107,0
DA:108,0
DA:110,0
DA:118,0
DA:119,0
DA:120,0
DA:121,0
DA:122,0
DA:127,0
DA:128,0
DA:129,0
DA:130,0
DA:132,0
DA:136,0
DA:137,0
DA:142,0
DA:143,0
DA:145,0
DA:146,0
DA:147,0
DA:149,0
DA:153,0
DA:154,0
DA:155,0
DA:165,0
DA:166,0
DA:168,0
DA:169,0
DA:175,0
DA:188,0
DA:189,0
DA:190,0
DA:191,0
DA:194,0
DA:195,0
DA:199,0
DA:212,0
DA:215,0
DA:218,0
DA:221,0
DA:222,0
DA:223,0
DA:227,0
DA:228,0
DA:229,0
DA:233,0
DA:234,0
DA:235,0
DA:236,0
DA:237,0
DA:242,0
DA:243,0
DA:244,0
DA:248,0
DA:249,0
DA:250,0
DA:254,0
DA:255,0
DA:256,0
DA:260,0
DA:276,0
DA:277,0
DA:280,0
DA:281,0
DA:286,0
DA:321,0
DA:322,0
DA:325,0
DA:328,0
DA:329,0
DA:332,0
DA:335,0
DA:336,0
DA:337,0
DA:348,0
DA:349,0
DA:350,0
DA:351,0
DA:352,0
DA:353,0
DA:354,0
DA:364,0
DA:365,0
DA:374,0
DA:375,0
DA:376,0
DA:377,0
DA:379,0
DA:390,0
DA:391,0
DA:393,0
DA:394,0
DA:395,0
DA:396,0
DA:405,0
DA:406,0
DA:407,0
DA:410,0
DA:411,0
DA:413,0
DA:415,0
DA:418,0
DA:422,0
DA:423,0
DA:426,0
DA:427,0
DA:434,0
DA:435,0
DA:437,0
DA:438,0
DA:445,0
DA:446,0
DA:447,0
DA:455,0
DA:470,0
DA:471,0
DA:472,0
DA:480,0
DA:481,0
DA:482,0
DA:494,0
DA:495,0
DA:496,0
DA:497,0
DA:501,0
DA:502,0
DA:503,0
DA:507,0
DA:508,0
DA:509,0
DA:510,0
DA:513,0
DA:514,0
DA:515,0
DA:516,0
DA:517,0
DA:518,0
DA:521,0
DA:524,0
DA:526,0
DA:527,0
DA:528,0
DA:529,0
DA:530,0
DA:531,0
DA:532,0
DA:534,0
DA:535,0
DA:536,0
DA:537,0
DA:538,0
DA:539,0
DA:540,0
DA:542,0
DA:543,0
DA:544,0
DA:545,0
DA:546,0
DA:547,0
DA:548,0
DA:550,0
DA:551,0
DA:552,0
DA:553,0
DA:554,0
DA:555,0
DA:556,0
DA:557,0
DA:558,0
DA:569,0
DA:570,0
DA:572,0
DA:582,0
DA:583,0
DA:584,0
DA:585,0
DA:587,0
DA:588,0
DA:589,0
DA:592,0
DA:593,0
DA:594,0
DA:596,0
DA:597,0
DA:606,0
DA:607,0
DA:609,0
DA:610,0
DA:612,0
DA:613,0
DA:616,0
DA:625,0
DA:626,0
DA:628,0
DA:629,0
DA:638,0
DA:639,0
DA:640,0
DA:641,0
DA:645,0
DA:646,0
DA:647,0
DA:650,0
DA:651,0
DA:652,0
DA:656,0
DA:657,0
DA:660,0
DA:663,0
DA:666,0
DA:668,0
DA:670,0
DA:671,0
DA:674,0
DA:682,0
DA:683,0
DA:686,0
DA:688,0
DA:691,0
DA:694,0
DA:697,0
DA:702,0
DA:711,0
DA:712,0
DA:713,0
DA:714,0
DA:718,0
DA:719,0
DA:720,0
DA:723,0
DA:726,0
DA:727,0
DA:728,0
DA:732,0
DA:734,0
DA:742,0
DA:743,0
DA:744,0
DA:745,0
DA:748,0
DA:749,0
DA:750,0
DA:752,0
DA:763,0
DA:764,0
DA:768,0
DA:778,0
DA:779,0
DA:780,0
DA:781,0
DA:786,0
DA:795,0
DA:796,0
DA:797,0
DA:798,0
DA:802,0
DA:803,0
DA:804,0
DA:807,0
DA:808,0
DA:809,0
DA:810,0
DA:811,0
DA:812,0
DA:813,0
DA:815,0
DA:824,0
DA:831,0
DA:839,0
DA:840,0
DA:841,0
DA:845,0
DA:849,0
DA:850,0
DA:852,0
LF:316
LH:0
BRDA:71,0,0,0
BRDA:71,0,1,0
BRDA:96,1,0,0
BRDA:96,1,1,0
BRDA:96,2,0,0
BRDA:96,2,1,0
BRDA:107,3,0,0
BRDA:107,3,1,0
BRDA:121,4,0,0
BRDA:121,4,1,0
BRDA:127,5,0,0
BRDA:127,5,1,0
BRDA:129,6,0,0
BRDA:129,6,1,0
BRDA:136,7,0,0
BRDA:136,7,1,0
BRDA:142,8,0,0
BRDA:142,8,1,0
BRDA:147,9,0,0
BRDA:147,9,1,0
BRDA:153,10,0,0
BRDA:153,10,1,0
BRDA:168,11,0,0
BRDA:168,11,1,0
BRDA:236,12,0,0
BRDA:236,12,1,0
BRDA:281,13,0,0
BRDA:281,13,1,0
BRDA:322,14,0,0
BRDA:322,14,1,0
BRDA:335,15,0,0
BRDA:335,15,1,0
BRDA:349,16,0,0
BRDA:349,16,1,0
BRDA:350,17,0,0
BRDA:350,17,1,0
BRDA:351,18,0,0
BRDA:351,18,1,0
BRDA:352,19,0,0
BRDA:352,19,1,0
BRDA:353,20,0,0
BRDA:353,20,1,0
BRDA:374,21,0,0
BRDA:374,21,1,0
BRDA:376,22,0,0
BRDA:376,22,1,0
BRDA:390,23,0,0
BRDA:390,23,1,0
BRDA:405,24,0,0
BRDA:405,24,1,0
BRDA:413,25,0,0
BRDA:413,25,1,0
BRDA:422,26,0,0
BRDA:422,26,1,0
BRDA:434,27,0,0
BRDA:434,27,1,0
BRDA:471,28,0,0
BRDA:471,28,1,0
BRDA:481,29,0,0
BRDA:481,29,1,0
BRDA:493,30,0,0
BRDA:495,31,0,0
BRDA:495,31,1,0
BRDA:502,32,0,0
BRDA:502,32,1,0
BRDA:508,33,0,0
BRDA:508,33,1,0
BRDA:524,34,0,0
BRDA:524,34,1,0
BRDA:524,34,2,0
BRDA:524,34,3,0
BRDA:551,35,0,0
BRDA:551,35,1,0
BRDA:553,36,0,0
BRDA:553,36,1,0
BRDA:569,37,0,0
BRDA:569,37,1,0
BRDA:587,38,0,0
BRDA:587,38,1,0
BRDA:605,39,0,0
BRDA:609,40,0,0
BRDA:609,40,1,0
BRDA:639,41,0,0
BRDA:639,41,1,0
BRDA:645,42,0,0
BRDA:645,42,1,0
BRDA:650,43,0,0
BRDA:650,43,1,0
BRDA:656,44,0,0
BRDA:656,44,1,0
BRDA:712,45,0,0
BRDA:712,45,1,0
BRDA:718,46,0,0
BRDA:718,46,1,0
BRDA:726,47,0,0
BRDA:726,47,1,0
BRDA:748,48,0,0
BRDA:748,48,1,0
BRDA:748,49,0,0
BRDA:748,49,1,0
BRDA:750,50,0,0
BRDA:750,50,1,0
BRDA:750,51,0,0
BRDA:750,51,1,0
BRDA:763,52,0,0
BRDA:763,52,1,0
BRDA:778,53,0,0
BRDA:778,53,1,0
BRDA:780,54,0,0
BRDA:780,54,1,0
BRDA:796,55,0,0
BRDA:796,55,1,0
BRDA:796,56,0,0
BRDA:796,56,1,0
BRDA:831,57,0,0
BRDA:831,57,1,0
BRDA:849,58,0,0
BRDA:849,58,1,0
BRF:118
BRH:0
end_of_record
TN:
SF:web\static\wasm-loader.js
FN:18,initializeWASM
FN:37,(anonymous_1)
FN:41,(anonymous_2)
FN:119,isWASMReady
FNF:4
FNH:0
FNDA:0,initializeWASM
FNDA:0,(anonymous_1)
FNDA:0,(anonymous_2)
FNDA:0,isWASMReady
DA:9,0
DA:10,0
DA:20,0
DA:21,0
DA:22,0
DA:26,0
DA:27,0
DA:28,0
DA:31,0
DA:33,0
DA:34,0
DA:37,0
DA:38,0
DA:41,0
DA:42,0
DA:43,0
DA:47,0
DA:48,0
DA:49,0
DA:50,0
DA:52,0
DA:54,0
DA:55,0
DA:57,0
DA:61,0
DA:62,0
DA:63,0
DA:67,0
DA:75,0
DA:78,0
DA:85,0
DA:88,0
DA:91,0
DA:94,0
DA:95,0
DA:96,0
DA:100,0
DA:101,0
DA:105,0
DA:108,0
DA:112,0
DA:120,0
LF:42
LH:0
BRDA:20,0,0,0
BRDA:20,0,1,0
BRDA:26,1,0,0
BRDA:26,1,1,0
BRDA:47,2,0,0
BRDA:47,2,1,0
BRDA:49,3,0,0
BRDA:49,3,1,0
BRDA:54,4,0,0
BRDA:54,4,1,0
BRDA:61,5,0,0
BRDA:61,5,1,0
BRDA:94,6,0,0
BRDA:94,6,1,0
BRDA:100,7,0,0
BRDA:100,7,1,0
BRF:16
BRH:0
end_of_record
